[INFO] 2016-04-19 21:15:33,328 ------------------------------以下为请求信息------------------------------
[INFO] 2016-04-19 21:15:33,344 [请求]发送验证码接口:http://121.43.101.211:8180/suime-user/m2/verification/send POST
[INFO] 2016-04-19 21:15:33,344 [返回码]:404  响应时间:0.02
[INFO] 2016-04-19 21:15:33,344 [返回内容]:
[INFO] 2016-04-19 21:15:33,344     {'result': 0, 'rqid': '3-26-3f7f2f90-8570-4a27-97a9-a73f8f29db49', 'body': {'errorCode': '50101', 'error': 'http uri source error', 'errorDescription': 'uri来源错误'}}
[INFO] 2016-04-19 21:15:33,344 ----------------------------以下为[print]信息----------------------------
[INFO] 2016-04-19 21:15:33,344 ['_ResponseObj__initialize', '__class__', '__delattr__', '__dict__', '__dir__', '__doc__', '__eq__', '__format__', '__ge__', '__getattribute__', '__gt__', '__hash__', '__init__', '__le__', '__lt__', '__module__', '__ne__', '__new__', '__reduce__', '__reduce_ex__', '__repr__', '__setattr__', '__sizeof__', '__str__', '__subclasshook__', '__weakref__', '_currentnode', 'body', 'cookies', 'data', 'elapsed', 'errorMsg', 'headers', 'name', 'result', 'returncode', 'rqid', 'success', 'url']
[INFO] 2016-04-19 21:15:33,344 ----------------------------以下为[check]信息----------------------------
[INFO] 2016-04-19 21:15:33,344 [failed] returncode == 200
[INFO] 2016-04-19 21:15:33,344 [success] elapsed < 0.1
[INFO] 2016-04-19 21:15:58,526 ------------------------------以下为请求信息------------------------------
[INFO] 2016-04-19 21:15:58,526 ------------------------------以下为请求信息------------------------------
[INFO] 2016-04-19 21:15:58,526 [请求]发送验证码接口:http://121.43.101.211:8180/suime-user/m2/verification/send POST
[INFO] 2016-04-19 21:15:58,526 [请求]发送验证码接口:http://121.43.101.211:8180/suime-user/m2/verification/send POST
[INFO] 2016-04-19 21:15:58,526 [返回码]:404  响应时间:0.03
[INFO] 2016-04-19 21:15:58,526 [返回码]:404  响应时间:0.03
[INFO] 2016-04-19 21:15:58,526 [返回内容]:
[INFO] 2016-04-19 21:15:58,526 [返回内容]:
[INFO] 2016-04-19 21:15:58,526     {'result': 0, 'rqid': '3-26-9aefdb1d-66e7-466e-85a4-7f6dd3ca29cf', 'body': {'errorCode': '50101', 'error': 'http uri source error', 'errorDescription': 'uri来源错误'}}
[INFO] 2016-04-19 21:15:58,526     {'result': 0, 'rqid': '3-26-9aefdb1d-66e7-466e-85a4-7f6dd3ca29cf', 'body': {'errorCode': '50101', 'error': 'http uri source error', 'errorDescription': 'uri来源错误'}}
[INFO] 2016-04-19 21:15:58,526 ----------------------------以下为[print]信息----------------------------
[INFO] 2016-04-19 21:15:58,526 ----------------------------以下为[print]信息----------------------------
[INFO] 2016-04-19 21:15:58,526 ['_ResponseObj__initialize', '__class__', '__delattr__', '__dict__', '__dir__', '__doc__', '__eq__', '__format__', '__ge__', '__getattribute__', '__gt__', '__hash__', '__init__', '__le__', '__lt__', '__module__', '__ne__', '__new__', '__reduce__', '__reduce_ex__', '__repr__', '__setattr__', '__sizeof__', '__str__', '__subclasshook__', '__weakref__', '_currentnode', 'body', 'cookies', 'data', 'elapsed', 'errorMsg', 'headers', 'name', 'result', 'returncode', 'rqid', 'success', 'url']
[INFO] 2016-04-19 21:15:58,526 ['_ResponseObj__initialize', '__class__', '__delattr__', '__dict__', '__dir__', '__doc__', '__eq__', '__format__', '__ge__', '__getattribute__', '__gt__', '__hash__', '__init__', '__le__', '__lt__', '__module__', '__ne__', '__new__', '__reduce__', '__reduce_ex__', '__repr__', '__setattr__', '__sizeof__', '__str__', '__subclasshook__', '__weakref__', '_currentnode', 'body', 'cookies', 'data', 'elapsed', 'errorMsg', 'headers', 'name', 'result', 'returncode', 'rqid', 'success', 'url']
[INFO] 2016-04-19 21:15:58,526 ----------------------------以下为[check]信息----------------------------
[INFO] 2016-04-19 21:15:58,526 ----------------------------以下为[check]信息----------------------------
[INFO] 2016-04-19 21:15:58,526 [failed] returncode == 200
[INFO] 2016-04-19 21:15:58,526 [failed] returncode == 200
[INFO] 2016-04-19 21:15:58,526 [success] elapsed < 0.1
[INFO] 2016-04-19 21:15:58,526 [success] elapsed < 0.1
[INFO] 2016-04-19 21:33:54,158 ------------------------------以下为请求信息------------------------------
[INFO] 2016-04-19 21:33:54,158 [请求]发送验证码接口:http://121.43.101.211:8180/suime-user/m2/verification/send POST
[INFO] 2016-04-19 21:33:54,158 [返回码]:404  响应时间:0.03
[INFO] 2016-04-19 21:33:54,158 [返回内容]:
[INFO] 2016-04-19 21:33:54,158     {'body': {'errorDescription': 'uri来源错误', 'error': 'http uri source error', 'errorCode': '50101'}, 'rqid': '3-26-114bbbeb-0b16-4c20-a4b1-45a6ddcece03', 'result': 0}
[INFO] 2016-04-19 21:33:54,158 ----------------------------以下为[print]信息----------------------------
[INFO] 2016-04-19 21:33:54,158 ['_ResponseObj__initialize', '__class__', '__delattr__', '__dict__', '__dir__', '__doc__', '__eq__', '__format__', '__ge__', '__getattribute__', '__gt__', '__hash__', '__init__', '__le__', '__lt__', '__module__', '__ne__', '__new__', '__reduce__', '__reduce_ex__', '__repr__', '__setattr__', '__sizeof__', '__str__', '__subclasshook__', '__weakref__', '_currentnode', 'body', 'cookies', 'data', 'elapsed', 'errorMsg', 'headers', 'name', 'result', 'returncode', 'rqid', 'success', 'url']
[INFO] 2016-04-19 21:33:54,158 ----------------------------以下为[check]信息----------------------------
[INFO] 2016-04-19 21:33:54,158 [failed] returncode == 200
[INFO] 2016-04-19 21:33:54,158 [success] elapsed < 0.1
[INFO] 2016-04-19 21:35:38,735 ------------------------------以下为请求信息------------------------------
[INFO] 2016-04-19 21:35:38,735 [请求]发送验证码接口:http://121.43.101.211:8180/suime-user/m2/verification/send POST
[INFO] 2016-04-19 21:35:38,735 [返回码]:404  响应时间:0.03
[INFO] 2016-04-19 21:35:38,735 [返回内容]:
[INFO] 2016-04-19 21:35:38,735     {'rqid': '3-26-d6b63f7b-b7ad-4dc7-9540-307f001beaa8', 'body': {'errorCode': '50101', 'error': 'http uri source error', 'errorDescription': 'uri来源错误'}, 'result': 0}
[INFO] 2016-04-19 21:35:38,735 ----------------------------以下为[print]信息----------------------------
[INFO] 2016-04-19 21:35:38,735 ['_ResponseObj__initialize', '__class__', '__delattr__', '__dict__', '__dir__', '__doc__', '__eq__', '__format__', '__ge__', '__getattribute__', '__gt__', '__hash__', '__init__', '__le__', '__lt__', '__module__', '__ne__', '__new__', '__reduce__', '__reduce_ex__', '__repr__', '__setattr__', '__sizeof__', '__str__', '__subclasshook__', '__weakref__', '_currentnode', 'body', 'cookies', 'data', 'elapsed', 'errorMsg', 'headers', 'name', 'result', 'returncode', 'rqid', 'success', 'url']
[INFO] 2016-04-19 21:35:38,735 ----------------------------以下为[check]信息----------------------------
[INFO] 2016-04-19 21:35:38,735 [failed] returncode == 200
[INFO] 2016-04-19 21:35:38,735 [success] elapsed < 0.1
[INFO] 2016-04-19 21:37:04,027 ------------------------------以下为请求信息------------------------------
[INFO] 2016-04-19 21:37:04,027 [请求]发送验证码接口:http://121.43.101.211:8180/suime-user/m2/verification/send POST
[INFO] 2016-04-19 21:37:04,027 [返回码]:404  响应时间:0.05
[INFO] 2016-04-19 21:37:04,027 [返回内容]:
[INFO] 2016-04-19 21:37:04,027     {'rqid': '3-26-1ca1c59a-33b6-4fc6-8f33-debaab593894', 'body': {'errorCode': '50101', 'error': 'http uri source error', 'errorDescription': 'uri来源错误'}, 'result': 0}
[INFO] 2016-04-19 21:37:04,027 ----------------------------以下为[print]信息----------------------------
[INFO] 2016-04-19 21:37:04,027 ['_ResponseObj__initialize', '__class__', '__delattr__', '__dict__', '__dir__', '__doc__', '__eq__', '__format__', '__ge__', '__getattribute__', '__gt__', '__hash__', '__init__', '__le__', '__lt__', '__module__', '__ne__', '__new__', '__reduce__', '__reduce_ex__', '__repr__', '__setattr__', '__sizeof__', '__str__', '__subclasshook__', '__weakref__', '_currentnode', 'body', 'cookies', 'data', 'elapsed', 'errorMsg', 'headers', 'name', 'result', 'returncode', 'rqid', 'success', 'url']
[INFO] 2016-04-19 21:37:04,027 ----------------------------以下为[check]信息----------------------------
[INFO] 2016-04-19 21:37:04,027 [failed] returncode == 200
[INFO] 2016-04-19 21:37:04,027 [success] elapsed < 0.1
[INFO] 2016-04-19 21:39:50,063 ------------------------------以下为请求信息------------------------------
[INFO] 2016-04-19 21:39:50,063 [请求]发送验证码接口:http://121.43.101.211:8180/suime-user/m2/verification/send POST
[INFO] 2016-04-19 21:39:50,063 [返回码]:404  响应时间:0.03
[INFO] 2016-04-19 21:39:50,063 [返回内容]:
[INFO] 2016-04-19 21:39:50,063     {'rqid': '3-26-bf658c08-98ce-4108-9b54-7b88c5b23b36', 'result': 0, 'body': {'errorCode': '50101', 'errorDescription': 'uri来源错误', 'error': 'http uri source error'}}
[INFO] 2016-04-19 21:39:50,063 ----------------------------以下为[print]信息----------------------------
[INFO] 2016-04-19 21:39:50,063 ['_ResponseObj__initialize', '__class__', '__delattr__', '__dict__', '__dir__', '__doc__', '__eq__', '__format__', '__ge__', '__getattribute__', '__gt__', '__hash__', '__init__', '__le__', '__lt__', '__module__', '__ne__', '__new__', '__reduce__', '__reduce_ex__', '__repr__', '__setattr__', '__sizeof__', '__str__', '__subclasshook__', '__weakref__', '_currentnode', 'body', 'cookies', 'data', 'elapsed', 'errorMsg', 'headers', 'name', 'result', 'returncode', 'rqid', 'success', 'url']
[INFO] 2016-04-19 21:39:50,063 ----------------------------以下为[check]信息----------------------------
[INFO] 2016-04-19 21:39:50,063 [failed] returncode == 200
[INFO] 2016-04-19 21:39:50,063 [success] elapsed < 0.1
[INFO] 2016-04-19 21:40:17,283 ------------------------------以下为请求信息------------------------------
[INFO] 2016-04-19 21:40:17,283 ------------------------------以下为请求信息------------------------------
[INFO] 2016-04-19 21:40:17,283 [请求]发送验证码接口:http://121.43.101.211:8180/suime-user/m2/verification/send POST
[INFO] 2016-04-19 21:40:17,283 [请求]发送验证码接口:http://121.43.101.211:8180/suime-user/m2/verification/send POST
[INFO] 2016-04-19 21:40:17,283 [返回码]:404  响应时间:0.03
[INFO] 2016-04-19 21:40:17,283 [返回码]:404  响应时间:0.03
[INFO] 2016-04-19 21:40:17,283 [返回内容]:
[INFO] 2016-04-19 21:40:17,283 [返回内容]:
[INFO] 2016-04-19 21:40:17,283     {'rqid': '3-26-b54625d2-bfbc-427e-9fb8-ca3461348feb', 'result': 0, 'body': {'errorCode': '50101', 'errorDescription': 'uri来源错误', 'error': 'http uri source error'}}
[INFO] 2016-04-19 21:40:17,283     {'rqid': '3-26-b54625d2-bfbc-427e-9fb8-ca3461348feb', 'result': 0, 'body': {'errorCode': '50101', 'errorDescription': 'uri来源错误', 'error': 'http uri source error'}}
[INFO] 2016-04-19 21:40:17,283 ----------------------------以下为[print]信息----------------------------
[INFO] 2016-04-19 21:40:17,283 ----------------------------以下为[print]信息----------------------------
[INFO] 2016-04-19 21:40:17,283 ['_ResponseObj__initialize', '__class__', '__delattr__', '__dict__', '__dir__', '__doc__', '__eq__', '__format__', '__ge__', '__getattribute__', '__gt__', '__hash__', '__init__', '__le__', '__lt__', '__module__', '__ne__', '__new__', '__reduce__', '__reduce_ex__', '__repr__', '__setattr__', '__sizeof__', '__str__', '__subclasshook__', '__weakref__', '_currentnode', 'body', 'cookies', 'data', 'elapsed', 'errorMsg', 'headers', 'name', 'result', 'returncode', 'rqid', 'success', 'url']
[INFO] 2016-04-19 21:40:17,283 ['_ResponseObj__initialize', '__class__', '__delattr__', '__dict__', '__dir__', '__doc__', '__eq__', '__format__', '__ge__', '__getattribute__', '__gt__', '__hash__', '__init__', '__le__', '__lt__', '__module__', '__ne__', '__new__', '__reduce__', '__reduce_ex__', '__repr__', '__setattr__', '__sizeof__', '__str__', '__subclasshook__', '__weakref__', '_currentnode', 'body', 'cookies', 'data', 'elapsed', 'errorMsg', 'headers', 'name', 'result', 'returncode', 'rqid', 'success', 'url']
[INFO] 2016-04-19 21:40:17,283 ----------------------------以下为[check]信息----------------------------
[INFO] 2016-04-19 21:40:17,283 ----------------------------以下为[check]信息----------------------------
[INFO] 2016-04-19 21:40:17,283 [failed] returncode == 200
[INFO] 2016-04-19 21:40:17,283 [failed] returncode == 200
[INFO] 2016-04-19 21:40:17,283 [success] elapsed < 0.1
[INFO] 2016-04-19 21:40:17,283 [success] elapsed < 0.1
[INFO] 2016-04-19 21:49:34,858 ------------------------------以下为请求信息------------------------------
[INFO] 2016-04-19 21:49:34,858 [请求]发送验证码接口:http://121.43.101.211:8180/suime-user/m2/verification/send POST
[INFO] 2016-04-19 21:49:34,858 [返回码]:404  响应时间:0.03
[INFO] 2016-04-19 21:49:34,858 [返回内容]:
[INFO] 2016-04-19 21:49:34,858     {'result': 0, 'rqid': '3-26-e29ed9fd-4109-4606-a2be-33eed19bd001', 'body': {'errorDescription': 'uri来源错误', 'errorCode': '50101', 'error': 'http uri source error'}}
[INFO] 2016-04-19 21:49:34,858 ----------------------------以下为[print]信息----------------------------
[INFO] 2016-04-19 21:49:34,858 ['_ResponseObj__initialize', '__class__', '__delattr__', '__dict__', '__dir__', '__doc__', '__eq__', '__format__', '__ge__', '__getattribute__', '__gt__', '__hash__', '__init__', '__le__', '__lt__', '__module__', '__ne__', '__new__', '__reduce__', '__reduce_ex__', '__repr__', '__setattr__', '__sizeof__', '__str__', '__subclasshook__', '__weakref__', '_currentnode', 'body', 'cookies', 'data', 'elapsed', 'errorMsg', 'headers', 'name', 'result', 'returncode', 'rqid', 'success', 'url']
[INFO] 2016-04-19 21:49:34,858 ----------------------------以下为[check]信息----------------------------
[INFO] 2016-04-19 21:49:34,858 [failed] returncode == 200
[INFO] 2016-04-19 21:49:34,858 [success] elapsed < 0.1
[INFO] 2016-04-19 21:49:42,518 ------------------------------以下为请求信息------------------------------
[INFO] 2016-04-19 21:49:42,518 ------------------------------以下为请求信息------------------------------
[INFO] 2016-04-19 21:49:42,518 [请求]发送验证码接口:http://121.43.101.211:8180/suime-user/m2/verification/send POST
[INFO] 2016-04-19 21:49:42,518 [请求]发送验证码接口:http://121.43.101.211:8180/suime-user/m2/verification/send POST
[INFO] 2016-04-19 21:49:42,518 [返回码]:404  响应时间:0.06
[INFO] 2016-04-19 21:49:42,518 [返回码]:404  响应时间:0.06
[INFO] 2016-04-19 21:49:42,518 [返回内容]:
[INFO] 2016-04-19 21:49:42,518 [返回内容]:
[INFO] 2016-04-19 21:49:42,518     {'result': 0, 'rqid': '3-26-292d9a07-eafb-431b-bf5c-c78a9b38c280', 'body': {'errorDescription': 'uri来源错误', 'errorCode': '50101', 'error': 'http uri source error'}}
[INFO] 2016-04-19 21:49:42,518     {'result': 0, 'rqid': '3-26-292d9a07-eafb-431b-bf5c-c78a9b38c280', 'body': {'errorDescription': 'uri来源错误', 'errorCode': '50101', 'error': 'http uri source error'}}
[INFO] 2016-04-19 21:49:42,518 ----------------------------以下为[print]信息----------------------------
[INFO] 2016-04-19 21:49:42,518 ----------------------------以下为[print]信息----------------------------
[INFO] 2016-04-19 21:49:42,518 ['_ResponseObj__initialize', '__class__', '__delattr__', '__dict__', '__dir__', '__doc__', '__eq__', '__format__', '__ge__', '__getattribute__', '__gt__', '__hash__', '__init__', '__le__', '__lt__', '__module__', '__ne__', '__new__', '__reduce__', '__reduce_ex__', '__repr__', '__setattr__', '__sizeof__', '__str__', '__subclasshook__', '__weakref__', '_currentnode', 'body', 'cookies', 'data', 'elapsed', 'errorMsg', 'headers', 'name', 'result', 'returncode', 'rqid', 'success', 'url']
[INFO] 2016-04-19 21:49:42,518 ['_ResponseObj__initialize', '__class__', '__delattr__', '__dict__', '__dir__', '__doc__', '__eq__', '__format__', '__ge__', '__getattribute__', '__gt__', '__hash__', '__init__', '__le__', '__lt__', '__module__', '__ne__', '__new__', '__reduce__', '__reduce_ex__', '__repr__', '__setattr__', '__sizeof__', '__str__', '__subclasshook__', '__weakref__', '_currentnode', 'body', 'cookies', 'data', 'elapsed', 'errorMsg', 'headers', 'name', 'result', 'returncode', 'rqid', 'success', 'url']
[INFO] 2016-04-19 21:49:42,518 ----------------------------以下为[check]信息----------------------------
[INFO] 2016-04-19 21:49:42,518 ----------------------------以下为[check]信息----------------------------
[INFO] 2016-04-19 21:49:42,518 [failed] returncode == 200
[INFO] 2016-04-19 21:49:42,518 [failed] returncode == 200
[INFO] 2016-04-19 21:49:42,518 [success] elapsed < 0.1
[INFO] 2016-04-19 21:49:42,518 [success] elapsed < 0.1
[INFO] 2016-04-19 21:49:45,049 ------------------------------以下为请求信息------------------------------
[INFO] 2016-04-19 21:49:45,049 ------------------------------以下为请求信息------------------------------
[INFO] 2016-04-19 21:49:45,049 ------------------------------以下为请求信息------------------------------
[INFO] 2016-04-19 21:49:45,049 [请求]发送验证码接口:http://121.43.101.211:8180/suime-user/m2/verification/send POST
[INFO] 2016-04-19 21:49:45,049 [请求]发送验证码接口:http://121.43.101.211:8180/suime-user/m2/verification/send POST
[INFO] 2016-04-19 21:49:45,049 [请求]发送验证码接口:http://121.43.101.211:8180/suime-user/m2/verification/send POST
[INFO] 2016-04-19 21:49:45,049 [返回码]:404  响应时间:0.05
[INFO] 2016-04-19 21:49:45,049 [返回码]:404  响应时间:0.05
[INFO] 2016-04-19 21:49:45,049 [返回码]:404  响应时间:0.05
[INFO] 2016-04-19 21:49:45,049 [返回内容]:
[INFO] 2016-04-19 21:49:45,049 [返回内容]:
[INFO] 2016-04-19 21:49:45,049 [返回内容]:
[INFO] 2016-04-19 21:49:45,049     {'result': 0, 'rqid': '3-26-b9550384-6766-43b9-a569-135c632bbbf9', 'body': {'errorDescription': 'uri来源错误', 'errorCode': '50101', 'error': 'http uri source error'}}
[INFO] 2016-04-19 21:49:45,049     {'result': 0, 'rqid': '3-26-b9550384-6766-43b9-a569-135c632bbbf9', 'body': {'errorDescription': 'uri来源错误', 'errorCode': '50101', 'error': 'http uri source error'}}
[INFO] 2016-04-19 21:49:45,049     {'result': 0, 'rqid': '3-26-b9550384-6766-43b9-a569-135c632bbbf9', 'body': {'errorDescription': 'uri来源错误', 'errorCode': '50101', 'error': 'http uri source error'}}
[INFO] 2016-04-19 21:49:45,049 ----------------------------以下为[print]信息----------------------------
[INFO] 2016-04-19 21:49:45,049 ----------------------------以下为[print]信息----------------------------
[INFO] 2016-04-19 21:49:45,049 ----------------------------以下为[print]信息----------------------------
[INFO] 2016-04-19 21:49:45,049 ['_ResponseObj__initialize', '__class__', '__delattr__', '__dict__', '__dir__', '__doc__', '__eq__', '__format__', '__ge__', '__getattribute__', '__gt__', '__hash__', '__init__', '__le__', '__lt__', '__module__', '__ne__', '__new__', '__reduce__', '__reduce_ex__', '__repr__', '__setattr__', '__sizeof__', '__str__', '__subclasshook__', '__weakref__', '_currentnode', 'body', 'cookies', 'data', 'elapsed', 'errorMsg', 'headers', 'name', 'result', 'returncode', 'rqid', 'success', 'url']
[INFO] 2016-04-19 21:49:45,049 ['_ResponseObj__initialize', '__class__', '__delattr__', '__dict__', '__dir__', '__doc__', '__eq__', '__format__', '__ge__', '__getattribute__', '__gt__', '__hash__', '__init__', '__le__', '__lt__', '__module__', '__ne__', '__new__', '__reduce__', '__reduce_ex__', '__repr__', '__setattr__', '__sizeof__', '__str__', '__subclasshook__', '__weakref__', '_currentnode', 'body', 'cookies', 'data', 'elapsed', 'errorMsg', 'headers', 'name', 'result', 'returncode', 'rqid', 'success', 'url']
[INFO] 2016-04-19 21:49:45,049 ['_ResponseObj__initialize', '__class__', '__delattr__', '__dict__', '__dir__', '__doc__', '__eq__', '__format__', '__ge__', '__getattribute__', '__gt__', '__hash__', '__init__', '__le__', '__lt__', '__module__', '__ne__', '__new__', '__reduce__', '__reduce_ex__', '__repr__', '__setattr__', '__sizeof__', '__str__', '__subclasshook__', '__weakref__', '_currentnode', 'body', 'cookies', 'data', 'elapsed', 'errorMsg', 'headers', 'name', 'result', 'returncode', 'rqid', 'success', 'url']
[INFO] 2016-04-19 21:49:45,049 ----------------------------以下为[check]信息----------------------------
[INFO] 2016-04-19 21:49:45,049 ----------------------------以下为[check]信息----------------------------
[INFO] 2016-04-19 21:49:45,049 ----------------------------以下为[check]信息----------------------------
[INFO] 2016-04-19 21:49:45,049 [failed] returncode == 200
[INFO] 2016-04-19 21:49:45,049 [failed] returncode == 200
[INFO] 2016-04-19 21:49:45,049 [failed] returncode == 200
[INFO] 2016-04-19 21:49:45,049 [success] elapsed < 0.1
[INFO] 2016-04-19 21:49:45,049 [success] elapsed < 0.1
[INFO] 2016-04-19 21:49:45,049 [success] elapsed < 0.1
[INFO] 2016-04-19 21:49:49,327 ------------------------------以下为请求信息------------------------------
[INFO] 2016-04-19 21:49:49,327 ------------------------------以下为请求信息------------------------------
[INFO] 2016-04-19 21:49:49,327 ------------------------------以下为请求信息------------------------------
[INFO] 2016-04-19 21:49:49,327 ------------------------------以下为请求信息------------------------------
[INFO] 2016-04-19 21:49:49,342 [请求]发送验证码接口:http://121.43.101.211:8180/suime-user/m2/verification/send POST
[INFO] 2016-04-19 21:49:49,342 [请求]发送验证码接口:http://121.43.101.211:8180/suime-user/m2/verification/send POST
[INFO] 2016-04-19 21:49:49,342 [请求]发送验证码接口:http://121.43.101.211:8180/suime-user/m2/verification/send POST
[INFO] 2016-04-19 21:49:49,342 [请求]发送验证码接口:http://121.43.101.211:8180/suime-user/m2/verification/send POST
[INFO] 2016-04-19 21:49:49,342 [返回码]:404  响应时间:0.02
[INFO] 2016-04-19 21:49:49,342 [返回码]:404  响应时间:0.02
[INFO] 2016-04-19 21:49:49,342 [返回码]:404  响应时间:0.02
[INFO] 2016-04-19 21:49:49,342 [返回码]:404  响应时间:0.02
[INFO] 2016-04-19 21:49:49,342 [返回内容]:
[INFO] 2016-04-19 21:49:49,342 [返回内容]:
[INFO] 2016-04-19 21:49:49,342 [返回内容]:
[INFO] 2016-04-19 21:49:49,342 [返回内容]:
[INFO] 2016-04-19 21:49:49,342     {'result': 0, 'rqid': '3-26-7efd5ac7-7845-4c24-baee-2a671b04513f', 'body': {'errorDescription': 'uri来源错误', 'errorCode': '50101', 'error': 'http uri source error'}}
[INFO] 2016-04-19 21:49:49,342     {'result': 0, 'rqid': '3-26-7efd5ac7-7845-4c24-baee-2a671b04513f', 'body': {'errorDescription': 'uri来源错误', 'errorCode': '50101', 'error': 'http uri source error'}}
[INFO] 2016-04-19 21:49:49,342     {'result': 0, 'rqid': '3-26-7efd5ac7-7845-4c24-baee-2a671b04513f', 'body': {'errorDescription': 'uri来源错误', 'errorCode': '50101', 'error': 'http uri source error'}}
[INFO] 2016-04-19 21:49:49,342     {'result': 0, 'rqid': '3-26-7efd5ac7-7845-4c24-baee-2a671b04513f', 'body': {'errorDescription': 'uri来源错误', 'errorCode': '50101', 'error': 'http uri source error'}}
[INFO] 2016-04-19 21:49:49,342 ----------------------------以下为[print]信息----------------------------
[INFO] 2016-04-19 21:49:49,342 ----------------------------以下为[print]信息----------------------------
[INFO] 2016-04-19 21:49:49,342 ----------------------------以下为[print]信息----------------------------
[INFO] 2016-04-19 21:49:49,342 ----------------------------以下为[print]信息----------------------------
[INFO] 2016-04-19 21:49:49,342 ['_ResponseObj__initialize', '__class__', '__delattr__', '__dict__', '__dir__', '__doc__', '__eq__', '__format__', '__ge__', '__getattribute__', '__gt__', '__hash__', '__init__', '__le__', '__lt__', '__module__', '__ne__', '__new__', '__reduce__', '__reduce_ex__', '__repr__', '__setattr__', '__sizeof__', '__str__', '__subclasshook__', '__weakref__', '_currentnode', 'body', 'cookies', 'data', 'elapsed', 'errorMsg', 'headers', 'name', 'result', 'returncode', 'rqid', 'success', 'url']
[INFO] 2016-04-19 21:49:49,342 ['_ResponseObj__initialize', '__class__', '__delattr__', '__dict__', '__dir__', '__doc__', '__eq__', '__format__', '__ge__', '__getattribute__', '__gt__', '__hash__', '__init__', '__le__', '__lt__', '__module__', '__ne__', '__new__', '__reduce__', '__reduce_ex__', '__repr__', '__setattr__', '__sizeof__', '__str__', '__subclasshook__', '__weakref__', '_currentnode', 'body', 'cookies', 'data', 'elapsed', 'errorMsg', 'headers', 'name', 'result', 'returncode', 'rqid', 'success', 'url']
[INFO] 2016-04-19 21:49:49,342 ['_ResponseObj__initialize', '__class__', '__delattr__', '__dict__', '__dir__', '__doc__', '__eq__', '__format__', '__ge__', '__getattribute__', '__gt__', '__hash__', '__init__', '__le__', '__lt__', '__module__', '__ne__', '__new__', '__reduce__', '__reduce_ex__', '__repr__', '__setattr__', '__sizeof__', '__str__', '__subclasshook__', '__weakref__', '_currentnode', 'body', 'cookies', 'data', 'elapsed', 'errorMsg', 'headers', 'name', 'result', 'returncode', 'rqid', 'success', 'url']
[INFO] 2016-04-19 21:49:49,342 ['_ResponseObj__initialize', '__class__', '__delattr__', '__dict__', '__dir__', '__doc__', '__eq__', '__format__', '__ge__', '__getattribute__', '__gt__', '__hash__', '__init__', '__le__', '__lt__', '__module__', '__ne__', '__new__', '__reduce__', '__reduce_ex__', '__repr__', '__setattr__', '__sizeof__', '__str__', '__subclasshook__', '__weakref__', '_currentnode', 'body', 'cookies', 'data', 'elapsed', 'errorMsg', 'headers', 'name', 'result', 'returncode', 'rqid', 'success', 'url']
[INFO] 2016-04-19 21:49:49,342 ----------------------------以下为[check]信息----------------------------
[INFO] 2016-04-19 21:49:49,342 ----------------------------以下为[check]信息----------------------------
[INFO] 2016-04-19 21:49:49,342 ----------------------------以下为[check]信息----------------------------
[INFO] 2016-04-19 21:49:49,342 ----------------------------以下为[check]信息----------------------------
[INFO] 2016-04-19 21:49:49,342 [failed] returncode == 200
[INFO] 2016-04-19 21:49:49,342 [failed] returncode == 200
[INFO] 2016-04-19 21:49:49,342 [failed] returncode == 200
[INFO] 2016-04-19 21:49:49,342 [failed] returncode == 200
[INFO] 2016-04-19 21:49:49,342 [success] elapsed < 0.1
[INFO] 2016-04-19 21:49:49,342 [success] elapsed < 0.1
[INFO] 2016-04-19 21:49:49,342 [success] elapsed < 0.1
[INFO] 2016-04-19 21:49:49,342 [success] elapsed < 0.1
[INFO] 2016-04-19 21:51:03,760 ------------------------------以下为请求信息------------------------------
[INFO] 2016-04-19 21:51:03,760 [请求]发送验证码接口:http://121.43.101.211:8180/suime-user/m2/verification/send POST
[INFO] 2016-04-19 21:51:03,760 [返回码]:404  响应时间:0.02
[INFO] 2016-04-19 21:51:03,760 [返回内容]:
[INFO] 2016-04-19 21:51:03,760     {'rqid': '3-26-08466502-0875-48e9-afe5-cd1ac3c76cc3', 'body': {'errorDescription': 'uri来源错误', 'errorCode': '50101', 'error': 'http uri source error'}, 'result': 0}
[INFO] 2016-04-19 21:51:03,776 ----------------------------以下为[print]信息----------------------------
[INFO] 2016-04-19 21:51:03,776 ['_ResponseObj__initialize', '__class__', '__delattr__', '__dict__', '__dir__', '__doc__', '__eq__', '__format__', '__ge__', '__getattribute__', '__gt__', '__hash__', '__init__', '__le__', '__lt__', '__module__', '__ne__', '__new__', '__reduce__', '__reduce_ex__', '__repr__', '__setattr__', '__sizeof__', '__str__', '__subclasshook__', '__weakref__', '_currentnode', 'body', 'cookies', 'data', 'elapsed', 'errorMsg', 'headers', 'name', 'result', 'returncode', 'rqid', 'success', 'url']
[INFO] 2016-04-19 21:51:03,776 ----------------------------以下为[check]信息----------------------------
[INFO] 2016-04-19 21:51:03,776 [failed] returncode == 200
[INFO] 2016-04-19 21:51:03,776 [success] elapsed < 0.1
[INFO] 2016-04-19 21:51:06,591 ------------------------------以下为请求信息------------------------------
[INFO] 2016-04-19 21:51:06,591 ------------------------------以下为请求信息------------------------------
[INFO] 2016-04-19 21:51:06,591 [请求]发送验证码接口:http://121.43.101.211:8180/suime-user/m2/verification/send POST
[INFO] 2016-04-19 21:51:06,591 [请求]发送验证码接口:http://121.43.101.211:8180/suime-user/m2/verification/send POST
[INFO] 2016-04-19 21:51:06,591 [返回码]:404  响应时间:0.03
[INFO] 2016-04-19 21:51:06,591 [返回码]:404  响应时间:0.03
[INFO] 2016-04-19 21:51:06,591 [返回内容]:
[INFO] 2016-04-19 21:51:06,591 [返回内容]:
[INFO] 2016-04-19 21:51:06,591     {'rqid': '3-26-ff725cfb-2bbd-4849-83c9-d414511f9b2b', 'body': {'errorDescription': 'uri来源错误', 'errorCode': '50101', 'error': 'http uri source error'}, 'result': 0}
[INFO] 2016-04-19 21:51:06,591     {'rqid': '3-26-ff725cfb-2bbd-4849-83c9-d414511f9b2b', 'body': {'errorDescription': 'uri来源错误', 'errorCode': '50101', 'error': 'http uri source error'}, 'result': 0}
[INFO] 2016-04-19 21:51:06,591 ----------------------------以下为[print]信息----------------------------
[INFO] 2016-04-19 21:51:06,591 ----------------------------以下为[print]信息----------------------------
[INFO] 2016-04-19 21:51:06,591 ['_ResponseObj__initialize', '__class__', '__delattr__', '__dict__', '__dir__', '__doc__', '__eq__', '__format__', '__ge__', '__getattribute__', '__gt__', '__hash__', '__init__', '__le__', '__lt__', '__module__', '__ne__', '__new__', '__reduce__', '__reduce_ex__', '__repr__', '__setattr__', '__sizeof__', '__str__', '__subclasshook__', '__weakref__', '_currentnode', 'body', 'cookies', 'data', 'elapsed', 'errorMsg', 'headers', 'name', 'result', 'returncode', 'rqid', 'success', 'url']
[INFO] 2016-04-19 21:51:06,591 ['_ResponseObj__initialize', '__class__', '__delattr__', '__dict__', '__dir__', '__doc__', '__eq__', '__format__', '__ge__', '__getattribute__', '__gt__', '__hash__', '__init__', '__le__', '__lt__', '__module__', '__ne__', '__new__', '__reduce__', '__reduce_ex__', '__repr__', '__setattr__', '__sizeof__', '__str__', '__subclasshook__', '__weakref__', '_currentnode', 'body', 'cookies', 'data', 'elapsed', 'errorMsg', 'headers', 'name', 'result', 'returncode', 'rqid', 'success', 'url']
[INFO] 2016-04-19 21:51:06,591 ----------------------------以下为[check]信息----------------------------
[INFO] 2016-04-19 21:51:06,591 ----------------------------以下为[check]信息----------------------------
[INFO] 2016-04-19 21:51:06,591 [failed] returncode == 200
[INFO] 2016-04-19 21:51:06,591 [failed] returncode == 200
[INFO] 2016-04-19 21:51:06,591 [success] elapsed < 0.1
[INFO] 2016-04-19 21:51:06,591 [success] elapsed < 0.1
[INFO] 2016-04-19 21:54:57,661 ------------------------------以下为请求信息------------------------------
[INFO] 2016-04-19 21:54:57,661 ------------------------------以下为请求信息------------------------------
[INFO] 2016-04-19 21:54:57,661 ------------------------------以下为请求信息------------------------------
[INFO] 2016-04-19 21:54:57,661 [请求]发送验证码接口:http://121.43.101.211:8180/suime-user/m2/verification/send POST
[INFO] 2016-04-19 21:54:57,661 [请求]发送验证码接口:http://121.43.101.211:8180/suime-user/m2/verification/send POST
[INFO] 2016-04-19 21:54:57,661 [请求]发送验证码接口:http://121.43.101.211:8180/suime-user/m2/verification/send POST
[INFO] 2016-04-19 21:54:57,661 [返回码]:404  响应时间:0.03
[INFO] 2016-04-19 21:54:57,661 [返回码]:404  响应时间:0.03
[INFO] 2016-04-19 21:54:57,661 [返回码]:404  响应时间:0.03
[INFO] 2016-04-19 21:54:57,661 [返回内容]:
[INFO] 2016-04-19 21:54:57,661 [返回内容]:
[INFO] 2016-04-19 21:54:57,661 [返回内容]:
[INFO] 2016-04-19 21:54:57,661     {'rqid': '3-26-19d447e4-5774-442d-be53-fbed65246fb0', 'body': {'errorDescription': 'uri来源错误', 'errorCode': '50101', 'error': 'http uri source error'}, 'result': 0}
[INFO] 2016-04-19 21:54:57,661     {'rqid': '3-26-19d447e4-5774-442d-be53-fbed65246fb0', 'body': {'errorDescription': 'uri来源错误', 'errorCode': '50101', 'error': 'http uri source error'}, 'result': 0}
[INFO] 2016-04-19 21:54:57,661     {'rqid': '3-26-19d447e4-5774-442d-be53-fbed65246fb0', 'body': {'errorDescription': 'uri来源错误', 'errorCode': '50101', 'error': 'http uri source error'}, 'result': 0}
[INFO] 2016-04-19 21:54:57,661 ----------------------------以下为[print]信息----------------------------
[INFO] 2016-04-19 21:54:57,661 ----------------------------以下为[print]信息----------------------------
[INFO] 2016-04-19 21:54:57,661 ----------------------------以下为[print]信息----------------------------
[INFO] 2016-04-19 21:54:57,661 ['_ResponseObj__initialize', '__class__', '__delattr__', '__dict__', '__dir__', '__doc__', '__eq__', '__format__', '__ge__', '__getattribute__', '__gt__', '__hash__', '__init__', '__le__', '__lt__', '__module__', '__ne__', '__new__', '__reduce__', '__reduce_ex__', '__repr__', '__setattr__', '__sizeof__', '__str__', '__subclasshook__', '__weakref__', '_currentnode', 'body', 'cookies', 'data', 'elapsed', 'errorMsg', 'headers', 'name', 'result', 'returncode', 'rqid', 'success', 'url']
[INFO] 2016-04-19 21:54:57,661 ['_ResponseObj__initialize', '__class__', '__delattr__', '__dict__', '__dir__', '__doc__', '__eq__', '__format__', '__ge__', '__getattribute__', '__gt__', '__hash__', '__init__', '__le__', '__lt__', '__module__', '__ne__', '__new__', '__reduce__', '__reduce_ex__', '__repr__', '__setattr__', '__sizeof__', '__str__', '__subclasshook__', '__weakref__', '_currentnode', 'body', 'cookies', 'data', 'elapsed', 'errorMsg', 'headers', 'name', 'result', 'returncode', 'rqid', 'success', 'url']
[INFO] 2016-04-19 21:54:57,661 ['_ResponseObj__initialize', '__class__', '__delattr__', '__dict__', '__dir__', '__doc__', '__eq__', '__format__', '__ge__', '__getattribute__', '__gt__', '__hash__', '__init__', '__le__', '__lt__', '__module__', '__ne__', '__new__', '__reduce__', '__reduce_ex__', '__repr__', '__setattr__', '__sizeof__', '__str__', '__subclasshook__', '__weakref__', '_currentnode', 'body', 'cookies', 'data', 'elapsed', 'errorMsg', 'headers', 'name', 'result', 'returncode', 'rqid', 'success', 'url']
[INFO] 2016-04-19 21:54:57,661 ----------------------------以下为[check]信息----------------------------
[INFO] 2016-04-19 21:54:57,661 ----------------------------以下为[check]信息----------------------------
[INFO] 2016-04-19 21:54:57,661 ----------------------------以下为[check]信息----------------------------
[INFO] 2016-04-19 21:54:57,661 [failed] returncode == 200
[INFO] 2016-04-19 21:54:57,661 [failed] returncode == 200
[INFO] 2016-04-19 21:54:57,661 [failed] returncode == 200
[INFO] 2016-04-19 21:54:57,661 [success] elapsed < 0.1
[INFO] 2016-04-19 21:54:57,661 [success] elapsed < 0.1
[INFO] 2016-04-19 21:54:57,661 [success] elapsed < 0.1
[INFO] 2016-04-19 22:06:25,371 ------------------------------以下为请求信息------------------------------
[INFO] 2016-04-19 22:06:25,371 [请求]发送验证码接口:http://121.43.101.211:8180/suime-user/m2/verification/send POST
[INFO] 2016-04-19 22:06:25,371 [返回码]:404  响应时间:0.02
[INFO] 2016-04-19 22:06:25,371 [返回内容]:
[INFO] 2016-04-19 22:06:25,371     {'body': {'error': 'http uri source error', 'errorDescription': 'uri来源错误', 'errorCode': '50101'}, 'rqid': '3-26-ba857ec2-1f67-4a54-89fa-fac783568de1', 'result': 0}
[INFO] 2016-04-19 22:06:25,371 ----------------------------以下为[print]信息----------------------------
[INFO] 2016-04-19 22:06:25,371 ['_ResponseObj__initialize', '__class__', '__delattr__', '__dict__', '__dir__', '__doc__', '__eq__', '__format__', '__ge__', '__getattribute__', '__gt__', '__hash__', '__init__', '__le__', '__lt__', '__module__', '__ne__', '__new__', '__reduce__', '__reduce_ex__', '__repr__', '__setattr__', '__sizeof__', '__str__', '__subclasshook__', '__weakref__', '_currentnode', 'body', 'cookies', 'data', 'elapsed', 'errorMsg', 'headers', 'name', 'result', 'returncode', 'rqid', 'success', 'url']
[INFO] 2016-04-19 22:06:25,371 ----------------------------以下为[check]信息----------------------------
[INFO] 2016-04-19 22:06:25,371 [failed] returncode == 200
[INFO] 2016-04-19 22:06:25,371 [success] elapsed < 0.1
[INFO] 2016-04-19 22:06:32,298 ------------------------------以下为请求信息------------------------------
[INFO] 2016-04-19 22:06:32,298 ------------------------------以下为请求信息------------------------------
[INFO] 2016-04-19 22:06:32,298 [请求]发送验证码接口:http://121.43.101.211:8180/suime-user/m2/verification/send POST
[INFO] 2016-04-19 22:06:32,298 [请求]发送验证码接口:http://121.43.101.211:8180/suime-user/m2/verification/send POST
[INFO] 2016-04-19 22:06:32,298 [返回码]:404  响应时间:0.05
[INFO] 2016-04-19 22:06:32,298 [返回码]:404  响应时间:0.05
[INFO] 2016-04-19 22:06:32,298 [返回内容]:
[INFO] 2016-04-19 22:06:32,298 [返回内容]:
[INFO] 2016-04-19 22:06:32,298     {'body': {'error': 'http uri source error', 'errorDescription': 'uri来源错误', 'errorCode': '50101'}, 'rqid': '3-26-935cf709-4dfd-4516-93fd-29d3f88dcaf0', 'result': 0}
[INFO] 2016-04-19 22:06:32,298     {'body': {'error': 'http uri source error', 'errorDescription': 'uri来源错误', 'errorCode': '50101'}, 'rqid': '3-26-935cf709-4dfd-4516-93fd-29d3f88dcaf0', 'result': 0}
[INFO] 2016-04-19 22:06:32,298 ----------------------------以下为[print]信息----------------------------
[INFO] 2016-04-19 22:06:32,298 ----------------------------以下为[print]信息----------------------------
[INFO] 2016-04-19 22:06:32,298 ['_ResponseObj__initialize', '__class__', '__delattr__', '__dict__', '__dir__', '__doc__', '__eq__', '__format__', '__ge__', '__getattribute__', '__gt__', '__hash__', '__init__', '__le__', '__lt__', '__module__', '__ne__', '__new__', '__reduce__', '__reduce_ex__', '__repr__', '__setattr__', '__sizeof__', '__str__', '__subclasshook__', '__weakref__', '_currentnode', 'body', 'cookies', 'data', 'elapsed', 'errorMsg', 'headers', 'name', 'result', 'returncode', 'rqid', 'success', 'url']
[INFO] 2016-04-19 22:06:32,298 ['_ResponseObj__initialize', '__class__', '__delattr__', '__dict__', '__dir__', '__doc__', '__eq__', '__format__', '__ge__', '__getattribute__', '__gt__', '__hash__', '__init__', '__le__', '__lt__', '__module__', '__ne__', '__new__', '__reduce__', '__reduce_ex__', '__repr__', '__setattr__', '__sizeof__', '__str__', '__subclasshook__', '__weakref__', '_currentnode', 'body', 'cookies', 'data', 'elapsed', 'errorMsg', 'headers', 'name', 'result', 'returncode', 'rqid', 'success', 'url']
[INFO] 2016-04-19 22:06:32,298 ----------------------------以下为[check]信息----------------------------
[INFO] 2016-04-19 22:06:32,298 ----------------------------以下为[check]信息----------------------------
[INFO] 2016-04-19 22:06:32,298 [failed] returncode == 200
[INFO] 2016-04-19 22:06:32,298 [failed] returncode == 200
[INFO] 2016-04-19 22:06:32,298 [success] elapsed < 0.1
[INFO] 2016-04-19 22:06:32,298 [success] elapsed < 0.1
[INFO] 2016-04-19 22:06:37,025 ------------------------------以下为请求信息------------------------------
[INFO] 2016-04-19 22:06:37,025 ------------------------------以下为请求信息------------------------------
[INFO] 2016-04-19 22:06:37,025 ------------------------------以下为请求信息------------------------------
[INFO] 2016-04-19 22:06:37,025 [请求]发送验证码接口:http://121.43.101.211:8180/suime-user/m2/verification/send POST
[INFO] 2016-04-19 22:06:37,025 [请求]发送验证码接口:http://121.43.101.211:8180/suime-user/m2/verification/send POST
[INFO] 2016-04-19 22:06:37,025 [请求]发送验证码接口:http://121.43.101.211:8180/suime-user/m2/verification/send POST
[INFO] 2016-04-19 22:06:37,025 [返回码]:404  响应时间:0.04
[INFO] 2016-04-19 22:06:37,025 [返回码]:404  响应时间:0.04
[INFO] 2016-04-19 22:06:37,025 [返回码]:404  响应时间:0.04
[INFO] 2016-04-19 22:06:37,025 [返回内容]:
[INFO] 2016-04-19 22:06:37,025 [返回内容]:
[INFO] 2016-04-19 22:06:37,025 [返回内容]:
[INFO] 2016-04-19 22:06:37,025     {'body': {'error': 'http uri source error', 'errorDescription': 'uri来源错误', 'errorCode': '50101'}, 'rqid': '3-26-b4322829-91e0-484b-aae9-90ae2284fcde', 'result': 0}
[INFO] 2016-04-19 22:06:37,025     {'body': {'error': 'http uri source error', 'errorDescription': 'uri来源错误', 'errorCode': '50101'}, 'rqid': '3-26-b4322829-91e0-484b-aae9-90ae2284fcde', 'result': 0}
[INFO] 2016-04-19 22:06:37,025     {'body': {'error': 'http uri source error', 'errorDescription': 'uri来源错误', 'errorCode': '50101'}, 'rqid': '3-26-b4322829-91e0-484b-aae9-90ae2284fcde', 'result': 0}
[INFO] 2016-04-19 22:06:37,025 ----------------------------以下为[print]信息----------------------------
[INFO] 2016-04-19 22:06:37,025 ----------------------------以下为[print]信息----------------------------
[INFO] 2016-04-19 22:06:37,025 ----------------------------以下为[print]信息----------------------------
[INFO] 2016-04-19 22:06:37,025 ['_ResponseObj__initialize', '__class__', '__delattr__', '__dict__', '__dir__', '__doc__', '__eq__', '__format__', '__ge__', '__getattribute__', '__gt__', '__hash__', '__init__', '__le__', '__lt__', '__module__', '__ne__', '__new__', '__reduce__', '__reduce_ex__', '__repr__', '__setattr__', '__sizeof__', '__str__', '__subclasshook__', '__weakref__', '_currentnode', 'body', 'cookies', 'data', 'elapsed', 'errorMsg', 'headers', 'name', 'result', 'returncode', 'rqid', 'success', 'url']
[INFO] 2016-04-19 22:06:37,025 ['_ResponseObj__initialize', '__class__', '__delattr__', '__dict__', '__dir__', '__doc__', '__eq__', '__format__', '__ge__', '__getattribute__', '__gt__', '__hash__', '__init__', '__le__', '__lt__', '__module__', '__ne__', '__new__', '__reduce__', '__reduce_ex__', '__repr__', '__setattr__', '__sizeof__', '__str__', '__subclasshook__', '__weakref__', '_currentnode', 'body', 'cookies', 'data', 'elapsed', 'errorMsg', 'headers', 'name', 'result', 'returncode', 'rqid', 'success', 'url']
[INFO] 2016-04-19 22:06:37,025 ['_ResponseObj__initialize', '__class__', '__delattr__', '__dict__', '__dir__', '__doc__', '__eq__', '__format__', '__ge__', '__getattribute__', '__gt__', '__hash__', '__init__', '__le__', '__lt__', '__module__', '__ne__', '__new__', '__reduce__', '__reduce_ex__', '__repr__', '__setattr__', '__sizeof__', '__str__', '__subclasshook__', '__weakref__', '_currentnode', 'body', 'cookies', 'data', 'elapsed', 'errorMsg', 'headers', 'name', 'result', 'returncode', 'rqid', 'success', 'url']
[INFO] 2016-04-19 22:06:37,025 ----------------------------以下为[check]信息----------------------------
[INFO] 2016-04-19 22:06:37,025 ----------------------------以下为[check]信息----------------------------
[INFO] 2016-04-19 22:06:37,025 ----------------------------以下为[check]信息----------------------------
[INFO] 2016-04-19 22:06:37,025 [failed] returncode == 200
[INFO] 2016-04-19 22:06:37,025 [failed] returncode == 200
[INFO] 2016-04-19 22:06:37,025 [failed] returncode == 200
[INFO] 2016-04-19 22:06:37,025 [success] elapsed < 0.1
[INFO] 2016-04-19 22:06:37,025 [success] elapsed < 0.1
[INFO] 2016-04-19 22:06:37,025 [success] elapsed < 0.1
[INFO] 2016-04-19 22:06:39,783 ------------------------------以下为请求信息------------------------------
[INFO] 2016-04-19 22:06:39,783 ------------------------------以下为请求信息------------------------------
[INFO] 2016-04-19 22:06:39,783 ------------------------------以下为请求信息------------------------------
[INFO] 2016-04-19 22:06:39,783 ------------------------------以下为请求信息------------------------------
[INFO] 2016-04-19 22:06:39,783 [请求]发送验证码接口:http://121.43.101.211:8180/suime-user/m2/verification/send POST
[INFO] 2016-04-19 22:06:39,783 [请求]发送验证码接口:http://121.43.101.211:8180/suime-user/m2/verification/send POST
[INFO] 2016-04-19 22:06:39,783 [请求]发送验证码接口:http://121.43.101.211:8180/suime-user/m2/verification/send POST
[INFO] 2016-04-19 22:06:39,783 [请求]发送验证码接口:http://121.43.101.211:8180/suime-user/m2/verification/send POST
[INFO] 2016-04-19 22:06:39,783 [返回码]:404  响应时间:0.03
[INFO] 2016-04-19 22:06:39,783 [返回码]:404  响应时间:0.03
[INFO] 2016-04-19 22:06:39,783 [返回码]:404  响应时间:0.03
[INFO] 2016-04-19 22:06:39,783 [返回码]:404  响应时间:0.03
[INFO] 2016-04-19 22:06:39,783 [返回内容]:
[INFO] 2016-04-19 22:06:39,783 [返回内容]:
[INFO] 2016-04-19 22:06:39,783 [返回内容]:
[INFO] 2016-04-19 22:06:39,783 [返回内容]:
[INFO] 2016-04-19 22:06:39,783     {'body': {'error': 'http uri source error', 'errorDescription': 'uri来源错误', 'errorCode': '50101'}, 'rqid': '3-26-cee66b72-c166-4d35-b338-8759c76bcd11', 'result': 0}
[INFO] 2016-04-19 22:06:39,783     {'body': {'error': 'http uri source error', 'errorDescription': 'uri来源错误', 'errorCode': '50101'}, 'rqid': '3-26-cee66b72-c166-4d35-b338-8759c76bcd11', 'result': 0}
[INFO] 2016-04-19 22:06:39,783     {'body': {'error': 'http uri source error', 'errorDescription': 'uri来源错误', 'errorCode': '50101'}, 'rqid': '3-26-cee66b72-c166-4d35-b338-8759c76bcd11', 'result': 0}
[INFO] 2016-04-19 22:06:39,783     {'body': {'error': 'http uri source error', 'errorDescription': 'uri来源错误', 'errorCode': '50101'}, 'rqid': '3-26-cee66b72-c166-4d35-b338-8759c76bcd11', 'result': 0}
[INFO] 2016-04-19 22:06:39,783 ----------------------------以下为[print]信息----------------------------
[INFO] 2016-04-19 22:06:39,783 ----------------------------以下为[print]信息----------------------------
[INFO] 2016-04-19 22:06:39,783 ----------------------------以下为[print]信息----------------------------
[INFO] 2016-04-19 22:06:39,783 ----------------------------以下为[print]信息----------------------------
[INFO] 2016-04-19 22:06:39,783 ['_ResponseObj__initialize', '__class__', '__delattr__', '__dict__', '__dir__', '__doc__', '__eq__', '__format__', '__ge__', '__getattribute__', '__gt__', '__hash__', '__init__', '__le__', '__lt__', '__module__', '__ne__', '__new__', '__reduce__', '__reduce_ex__', '__repr__', '__setattr__', '__sizeof__', '__str__', '__subclasshook__', '__weakref__', '_currentnode', 'body', 'cookies', 'data', 'elapsed', 'errorMsg', 'headers', 'name', 'result', 'returncode', 'rqid', 'success', 'url']
[INFO] 2016-04-19 22:06:39,783 ['_ResponseObj__initialize', '__class__', '__delattr__', '__dict__', '__dir__', '__doc__', '__eq__', '__format__', '__ge__', '__getattribute__', '__gt__', '__hash__', '__init__', '__le__', '__lt__', '__module__', '__ne__', '__new__', '__reduce__', '__reduce_ex__', '__repr__', '__setattr__', '__sizeof__', '__str__', '__subclasshook__', '__weakref__', '_currentnode', 'body', 'cookies', 'data', 'elapsed', 'errorMsg', 'headers', 'name', 'result', 'returncode', 'rqid', 'success', 'url']
[INFO] 2016-04-19 22:06:39,783 ['_ResponseObj__initialize', '__class__', '__delattr__', '__dict__', '__dir__', '__doc__', '__eq__', '__format__', '__ge__', '__getattribute__', '__gt__', '__hash__', '__init__', '__le__', '__lt__', '__module__', '__ne__', '__new__', '__reduce__', '__reduce_ex__', '__repr__', '__setattr__', '__sizeof__', '__str__', '__subclasshook__', '__weakref__', '_currentnode', 'body', 'cookies', 'data', 'elapsed', 'errorMsg', 'headers', 'name', 'result', 'returncode', 'rqid', 'success', 'url']
[INFO] 2016-04-19 22:06:39,783 ['_ResponseObj__initialize', '__class__', '__delattr__', '__dict__', '__dir__', '__doc__', '__eq__', '__format__', '__ge__', '__getattribute__', '__gt__', '__hash__', '__init__', '__le__', '__lt__', '__module__', '__ne__', '__new__', '__reduce__', '__reduce_ex__', '__repr__', '__setattr__', '__sizeof__', '__str__', '__subclasshook__', '__weakref__', '_currentnode', 'body', 'cookies', 'data', 'elapsed', 'errorMsg', 'headers', 'name', 'result', 'returncode', 'rqid', 'success', 'url']
[INFO] 2016-04-19 22:06:39,783 ----------------------------以下为[check]信息----------------------------
[INFO] 2016-04-19 22:06:39,783 ----------------------------以下为[check]信息----------------------------
[INFO] 2016-04-19 22:06:39,783 ----------------------------以下为[check]信息----------------------------
[INFO] 2016-04-19 22:06:39,783 ----------------------------以下为[check]信息----------------------------
[INFO] 2016-04-19 22:06:39,783 [failed] returncode == 200
[INFO] 2016-04-19 22:06:39,783 [failed] returncode == 200
[INFO] 2016-04-19 22:06:39,783 [failed] returncode == 200
[INFO] 2016-04-19 22:06:39,783 [failed] returncode == 200
[INFO] 2016-04-19 22:06:39,783 [success] elapsed < 0.1
[INFO] 2016-04-19 22:06:39,783 [success] elapsed < 0.1
[INFO] 2016-04-19 22:06:39,783 [success] elapsed < 0.1
[INFO] 2016-04-19 22:06:39,783 [success] elapsed < 0.1
[INFO] 2016-04-19 22:10:36,433 ------------------------------以下为请求信息------------------------------
[INFO] 2016-04-19 22:10:36,433 [请求]发送验证码接口:http://121.43.101.211:8180/suime-user/m2/verification/send POST
[INFO] 2016-04-19 22:10:36,433 [返回码]:404  响应时间:0.02
[INFO] 2016-04-19 22:10:36,433 [返回内容]:
[INFO] 2016-04-19 22:10:36,433     {'rqid': '3-26-dabc526b-4b98-4e62-8d7b-90cee7161568', 'result': 0, 'body': {'errorDescription': 'uri来源错误', 'error': 'http uri source error', 'errorCode': '50101'}}
[INFO] 2016-04-19 22:10:36,433 ----------------------------以下为[print]信息----------------------------
[INFO] 2016-04-19 22:10:36,433 ['_ResponseObj__initialize', '__class__', '__delattr__', '__dict__', '__dir__', '__doc__', '__eq__', '__format__', '__ge__', '__getattribute__', '__gt__', '__hash__', '__init__', '__le__', '__lt__', '__module__', '__ne__', '__new__', '__reduce__', '__reduce_ex__', '__repr__', '__setattr__', '__sizeof__', '__str__', '__subclasshook__', '__weakref__', '_currentnode', 'body', 'cookies', 'data', 'elapsed', 'errorMsg', 'headers', 'name', 'result', 'returncode', 'rqid', 'success', 'url']
[INFO] 2016-04-19 22:10:36,433 ----------------------------以下为[check]信息----------------------------
[INFO] 2016-04-19 22:10:36,433 [failed] returncode == 200
[INFO] 2016-04-19 22:10:36,433 [success] elapsed < 0.1
[INFO] 2016-04-19 22:11:15,550 ------------------------------以下为请求信息------------------------------
[INFO] 2016-04-19 22:11:15,550 ------------------------------以下为请求信息------------------------------
[INFO] 2016-04-19 22:11:15,550 [请求]发送验证码接口:http://121.43.101.211:8180/suime-user/m2/verification/send POST
[INFO] 2016-04-19 22:11:15,550 [请求]发送验证码接口:http://121.43.101.211:8180/suime-user/m2/verification/send POST
[INFO] 2016-04-19 22:11:15,550 [返回码]:404  响应时间:0.03
[INFO] 2016-04-19 22:11:15,550 [返回码]:404  响应时间:0.03
[INFO] 2016-04-19 22:11:15,566 [返回内容]:
[INFO] 2016-04-19 22:11:15,566 [返回内容]:
[INFO] 2016-04-19 22:11:15,566     {'rqid': '3-26-ba11c19f-4a3f-4409-b14d-4d542f2fad20', 'result': 0, 'body': {'errorDescription': 'uri来源错误', 'error': 'http uri source error', 'errorCode': '50101'}}
[INFO] 2016-04-19 22:11:15,566     {'rqid': '3-26-ba11c19f-4a3f-4409-b14d-4d542f2fad20', 'result': 0, 'body': {'errorDescription': 'uri来源错误', 'error': 'http uri source error', 'errorCode': '50101'}}
[INFO] 2016-04-19 22:11:15,566 ----------------------------以下为[print]信息----------------------------
[INFO] 2016-04-19 22:11:15,566 ----------------------------以下为[print]信息----------------------------
[INFO] 2016-04-19 22:11:15,566 ['_ResponseObj__initialize', '__class__', '__delattr__', '__dict__', '__dir__', '__doc__', '__eq__', '__format__', '__ge__', '__getattribute__', '__gt__', '__hash__', '__init__', '__le__', '__lt__', '__module__', '__ne__', '__new__', '__reduce__', '__reduce_ex__', '__repr__', '__setattr__', '__sizeof__', '__str__', '__subclasshook__', '__weakref__', '_currentnode', 'body', 'cookies', 'data', 'elapsed', 'errorMsg', 'headers', 'name', 'result', 'returncode', 'rqid', 'success', 'url']
[INFO] 2016-04-19 22:11:15,566 ['_ResponseObj__initialize', '__class__', '__delattr__', '__dict__', '__dir__', '__doc__', '__eq__', '__format__', '__ge__', '__getattribute__', '__gt__', '__hash__', '__init__', '__le__', '__lt__', '__module__', '__ne__', '__new__', '__reduce__', '__reduce_ex__', '__repr__', '__setattr__', '__sizeof__', '__str__', '__subclasshook__', '__weakref__', '_currentnode', 'body', 'cookies', 'data', 'elapsed', 'errorMsg', 'headers', 'name', 'result', 'returncode', 'rqid', 'success', 'url']
[INFO] 2016-04-19 22:11:15,566 ----------------------------以下为[check]信息----------------------------
[INFO] 2016-04-19 22:11:15,566 ----------------------------以下为[check]信息----------------------------
[INFO] 2016-04-19 22:11:15,566 [failed] returncode == 200
[INFO] 2016-04-19 22:11:15,566 [failed] returncode == 200
[INFO] 2016-04-19 22:11:15,566 [success] elapsed < 0.1
[INFO] 2016-04-19 22:11:15,566 [success] elapsed < 0.1
[INFO] 2016-04-19 22:12:19,612 ------------------------------以下为请求信息------------------------------
[INFO] 2016-04-19 22:12:19,612 ------------------------------以下为请求信息------------------------------
[INFO] 2016-04-19 22:12:19,612 ------------------------------以下为请求信息------------------------------
[INFO] 2016-04-19 22:12:19,612 [请求]发送验证码接口:http://121.43.101.211:8180/suime-user/m2/verification/send POST
[INFO] 2016-04-19 22:12:19,612 [请求]发送验证码接口:http://121.43.101.211:8180/suime-user/m2/verification/send POST
[INFO] 2016-04-19 22:12:19,612 [请求]发送验证码接口:http://121.43.101.211:8180/suime-user/m2/verification/send POST
[INFO] 2016-04-19 22:12:19,612 [返回码]:404  响应时间:0.05
[INFO] 2016-04-19 22:12:19,612 [返回码]:404  响应时间:0.05
[INFO] 2016-04-19 22:12:19,612 [返回码]:404  响应时间:0.05
[INFO] 2016-04-19 22:12:19,612 [返回内容]:
[INFO] 2016-04-19 22:12:19,612 [返回内容]:
[INFO] 2016-04-19 22:12:19,612 [返回内容]:
[INFO] 2016-04-19 22:12:19,612     {'rqid': '3-26-4cb291e1-17e6-4c5e-bb3d-e5516d6a81d8', 'result': 0, 'body': {'errorDescription': 'uri来源错误', 'error': 'http uri source error', 'errorCode': '50101'}}
[INFO] 2016-04-19 22:12:19,612     {'rqid': '3-26-4cb291e1-17e6-4c5e-bb3d-e5516d6a81d8', 'result': 0, 'body': {'errorDescription': 'uri来源错误', 'error': 'http uri source error', 'errorCode': '50101'}}
[INFO] 2016-04-19 22:12:19,612     {'rqid': '3-26-4cb291e1-17e6-4c5e-bb3d-e5516d6a81d8', 'result': 0, 'body': {'errorDescription': 'uri来源错误', 'error': 'http uri source error', 'errorCode': '50101'}}
[INFO] 2016-04-19 22:12:19,612 ----------------------------以下为[print]信息----------------------------
[INFO] 2016-04-19 22:12:19,612 ----------------------------以下为[print]信息----------------------------
[INFO] 2016-04-19 22:12:19,612 ----------------------------以下为[print]信息----------------------------
[INFO] 2016-04-19 22:12:19,612 ['_ResponseObj__initialize', '__class__', '__delattr__', '__dict__', '__dir__', '__doc__', '__eq__', '__format__', '__ge__', '__getattribute__', '__gt__', '__hash__', '__init__', '__le__', '__lt__', '__module__', '__ne__', '__new__', '__reduce__', '__reduce_ex__', '__repr__', '__setattr__', '__sizeof__', '__str__', '__subclasshook__', '__weakref__', '_currentnode', 'body', 'cookies', 'data', 'elapsed', 'errorMsg', 'headers', 'name', 'result', 'returncode', 'rqid', 'success', 'url']
[INFO] 2016-04-19 22:12:19,612 ['_ResponseObj__initialize', '__class__', '__delattr__', '__dict__', '__dir__', '__doc__', '__eq__', '__format__', '__ge__', '__getattribute__', '__gt__', '__hash__', '__init__', '__le__', '__lt__', '__module__', '__ne__', '__new__', '__reduce__', '__reduce_ex__', '__repr__', '__setattr__', '__sizeof__', '__str__', '__subclasshook__', '__weakref__', '_currentnode', 'body', 'cookies', 'data', 'elapsed', 'errorMsg', 'headers', 'name', 'result', 'returncode', 'rqid', 'success', 'url']
[INFO] 2016-04-19 22:12:19,612 ['_ResponseObj__initialize', '__class__', '__delattr__', '__dict__', '__dir__', '__doc__', '__eq__', '__format__', '__ge__', '__getattribute__', '__gt__', '__hash__', '__init__', '__le__', '__lt__', '__module__', '__ne__', '__new__', '__reduce__', '__reduce_ex__', '__repr__', '__setattr__', '__sizeof__', '__str__', '__subclasshook__', '__weakref__', '_currentnode', 'body', 'cookies', 'data', 'elapsed', 'errorMsg', 'headers', 'name', 'result', 'returncode', 'rqid', 'success', 'url']
[INFO] 2016-04-19 22:12:19,612 ----------------------------以下为[check]信息----------------------------
[INFO] 2016-04-19 22:12:19,612 ----------------------------以下为[check]信息----------------------------
[INFO] 2016-04-19 22:12:19,612 ----------------------------以下为[check]信息----------------------------
[INFO] 2016-04-19 22:12:19,612 [failed] returncode == 200
[INFO] 2016-04-19 22:12:19,612 [failed] returncode == 200
[INFO] 2016-04-19 22:12:19,612 [failed] returncode == 200
[INFO] 2016-04-19 22:12:19,612 [success] elapsed < 0.1
[INFO] 2016-04-19 22:12:19,612 [success] elapsed < 0.1
[INFO] 2016-04-19 22:12:19,612 [success] elapsed < 0.1
[INFO] 2016-04-19 22:14:33,151 ------------------------------以下为请求信息------------------------------
[INFO] 2016-04-19 22:14:33,151 [请求]发送验证码接口:http://121.43.101.211:8180/suime-user/m2/verification/send POST
[INFO] 2016-04-19 22:14:33,151 [返回码]:404  响应时间:0.06
[INFO] 2016-04-19 22:14:33,151 [返回内容]:
[INFO] 2016-04-19 22:14:33,151     {'rqid': '3-26-c9cd0c8e-1e5b-42f9-be90-99eda98aed8a', 'body': {'error': 'http uri source error', 'errorCode': '50101', 'errorDescription': 'uri来源错误'}, 'result': 0}
[INFO] 2016-04-19 22:14:33,151 ----------------------------以下为[print]信息----------------------------
[INFO] 2016-04-19 22:14:33,151 ['_ResponseObj__initialize', '__class__', '__delattr__', '__dict__', '__dir__', '__doc__', '__eq__', '__format__', '__ge__', '__getattribute__', '__gt__', '__hash__', '__init__', '__le__', '__lt__', '__module__', '__ne__', '__new__', '__reduce__', '__reduce_ex__', '__repr__', '__setattr__', '__sizeof__', '__str__', '__subclasshook__', '__weakref__', '_currentnode', 'body', 'cookies', 'data', 'elapsed', 'errorMsg', 'headers', 'name', 'result', 'returncode', 'rqid', 'success', 'url']
[INFO] 2016-04-19 22:14:33,151 ----------------------------以下为[check]信息----------------------------
[INFO] 2016-04-19 22:14:33,151 [failed] returncode == 200
[INFO] 2016-04-19 22:14:33,151 [success] elapsed < 0.1
[INFO] 2016-04-19 22:15:19,576 ------------------------------以下为请求信息------------------------------
[INFO] 2016-04-19 22:15:19,576 [请求]发送验证码接口:http://121.43.101.211:8180/suime-user/m2/verification/send POST
[INFO] 2016-04-19 22:15:19,576 [返回码]:404  响应时间:0.03
[INFO] 2016-04-19 22:15:19,576 [返回内容]:
[INFO] 2016-04-19 22:15:19,576     {'body': {'error': 'http uri source error', 'errorDescription': 'uri来源错误', 'errorCode': '50101'}, 'rqid': '3-26-d0fc7399-079b-44a5-8379-8e2bd8a4496a', 'result': 0}
[INFO] 2016-04-19 22:15:19,576 ----------------------------以下为[print]信息----------------------------
[INFO] 2016-04-19 22:15:19,576 ['_ResponseObj__initialize', '__class__', '__delattr__', '__dict__', '__dir__', '__doc__', '__eq__', '__format__', '__ge__', '__getattribute__', '__gt__', '__hash__', '__init__', '__le__', '__lt__', '__module__', '__ne__', '__new__', '__reduce__', '__reduce_ex__', '__repr__', '__setattr__', '__sizeof__', '__str__', '__subclasshook__', '__weakref__', '_currentnode', 'body', 'cookies', 'data', 'elapsed', 'errorMsg', 'headers', 'name', 'result', 'returncode', 'rqid', 'success', 'url']
[INFO] 2016-04-19 22:15:19,576 ----------------------------以下为[check]信息----------------------------
[INFO] 2016-04-19 22:15:19,576 [failed] returncode == 200
[INFO] 2016-04-19 22:15:19,576 [success] elapsed < 0.1
[INFO] 2016-04-19 22:26:43,139 ------------------------------以下为请求信息------------------------------
[INFO] 2016-04-19 22:26:43,139 [请求]发送验证码接口:http://121.43.101.211:8180/suime-user/m2/verification/send POST
[INFO] 2016-04-19 22:26:43,139 [返回码]:404  响应时间:0.05
[INFO] 2016-04-19 22:26:43,139 [返回内容]:
[INFO] 2016-04-19 22:26:43,139     {'body': {'errorDescription': 'uri来源错误', 'errorCode': '50101', 'error': 'http uri source error'}, 'rqid': '3-26-953f3aab-7f60-4e7e-8762-96a9a5efd098', 'result': 0}
[INFO] 2016-04-19 22:26:43,139 ----------------------------以下为[print]信息----------------------------
[INFO] 2016-04-19 22:26:43,139 ['_ResponseObj__initialize', '__class__', '__delattr__', '__dict__', '__dir__', '__doc__', '__eq__', '__format__', '__ge__', '__getattribute__', '__gt__', '__hash__', '__init__', '__le__', '__lt__', '__module__', '__ne__', '__new__', '__reduce__', '__reduce_ex__', '__repr__', '__setattr__', '__sizeof__', '__str__', '__subclasshook__', '__weakref__', '_currentnode', 'body', 'cookies', 'data', 'elapsed', 'errorMsg', 'headers', 'name', 'result', 'returncode', 'rqid', 'success', 'url']
[INFO] 2016-04-19 22:26:43,139 ----------------------------以下为[check]信息----------------------------
[INFO] 2016-04-19 22:26:43,139 [failed] returncode == 200
[INFO] 2016-04-19 22:26:43,139 [success] elapsed < 0.1
[INFO] 2016-04-19 22:27:38,642 ------------------------------以下为请求信息------------------------------
[INFO] 2016-04-19 22:27:38,642 [请求]发送验证码接口:http://121.43.101.211:8180/suime-user/m2/verification/send POST
[INFO] 2016-04-19 22:27:38,642 [返回码]:404  响应时间:0.02
[INFO] 2016-04-19 22:27:38,642 [返回内容]:
[INFO] 2016-04-19 22:27:38,642     {'rqid': '3-26-85eea7c8-34fd-4d31-b47a-f4bf9cac6203', 'result': 0, 'body': {'errorCode': '50101', 'error': 'http uri source error', 'errorDescription': 'uri来源错误'}}
[INFO] 2016-04-19 22:27:38,642 ----------------------------以下为[print]信息----------------------------
[INFO] 2016-04-19 22:27:38,642 ['_ResponseObj__initialize', '__class__', '__delattr__', '__dict__', '__dir__', '__doc__', '__eq__', '__format__', '__ge__', '__getattribute__', '__gt__', '__hash__', '__init__', '__le__', '__lt__', '__module__', '__ne__', '__new__', '__reduce__', '__reduce_ex__', '__repr__', '__setattr__', '__sizeof__', '__str__', '__subclasshook__', '__weakref__', '_currentnode', 'body', 'cookies', 'data', 'elapsed', 'errorMsg', 'headers', 'name', 'result', 'returncode', 'rqid', 'success', 'url']
[INFO] 2016-04-19 22:27:38,642 ----------------------------以下为[check]信息----------------------------
[INFO] 2016-04-19 22:27:38,642 [failed] returncode == 200
[INFO] 2016-04-19 22:27:38,642 [success] elapsed < 0.1
[INFO] 2016-04-19 22:27:47,666 ------------------------------以下为请求信息------------------------------
[INFO] 2016-04-19 22:27:47,666 ------------------------------以下为请求信息------------------------------
[INFO] 2016-04-19 22:27:47,666 [请求]发送验证码接口:http://121.43.101.211:8180/suime-user/m2/verification/send POST
[INFO] 2016-04-19 22:27:47,666 [请求]发送验证码接口:http://121.43.101.211:8180/suime-user/m2/verification/send POST
[INFO] 2016-04-19 22:27:47,666 [返回码]:404  响应时间:0.05
[INFO] 2016-04-19 22:27:47,666 [返回码]:404  响应时间:0.05
[INFO] 2016-04-19 22:27:47,666 [返回内容]:
[INFO] 2016-04-19 22:27:47,666 [返回内容]:
[INFO] 2016-04-19 22:27:47,666     {'rqid': '3-26-60380804-4779-4a85-a4c8-1e7a1aa58111', 'result': 0, 'body': {'errorCode': '50101', 'error': 'http uri source error', 'errorDescription': 'uri来源错误'}}
[INFO] 2016-04-19 22:27:47,666     {'rqid': '3-26-60380804-4779-4a85-a4c8-1e7a1aa58111', 'result': 0, 'body': {'errorCode': '50101', 'error': 'http uri source error', 'errorDescription': 'uri来源错误'}}
[INFO] 2016-04-19 22:27:47,666 ----------------------------以下为[print]信息----------------------------
[INFO] 2016-04-19 22:27:47,666 ----------------------------以下为[print]信息----------------------------
[INFO] 2016-04-19 22:27:47,666 ['_ResponseObj__initialize', '__class__', '__delattr__', '__dict__', '__dir__', '__doc__', '__eq__', '__format__', '__ge__', '__getattribute__', '__gt__', '__hash__', '__init__', '__le__', '__lt__', '__module__', '__ne__', '__new__', '__reduce__', '__reduce_ex__', '__repr__', '__setattr__', '__sizeof__', '__str__', '__subclasshook__', '__weakref__', '_currentnode', 'body', 'cookies', 'data', 'elapsed', 'errorMsg', 'headers', 'name', 'result', 'returncode', 'rqid', 'success', 'url']
[INFO] 2016-04-19 22:27:47,666 ['_ResponseObj__initialize', '__class__', '__delattr__', '__dict__', '__dir__', '__doc__', '__eq__', '__format__', '__ge__', '__getattribute__', '__gt__', '__hash__', '__init__', '__le__', '__lt__', '__module__', '__ne__', '__new__', '__reduce__', '__reduce_ex__', '__repr__', '__setattr__', '__sizeof__', '__str__', '__subclasshook__', '__weakref__', '_currentnode', 'body', 'cookies', 'data', 'elapsed', 'errorMsg', 'headers', 'name', 'result', 'returncode', 'rqid', 'success', 'url']
[INFO] 2016-04-19 22:27:47,666 ----------------------------以下为[check]信息----------------------------
[INFO] 2016-04-19 22:27:47,666 ----------------------------以下为[check]信息----------------------------
[INFO] 2016-04-19 22:27:47,666 [failed] returncode == 200
[INFO] 2016-04-19 22:27:47,666 [failed] returncode == 200
[INFO] 2016-04-19 22:27:47,666 [success] elapsed < 0.1
[INFO] 2016-04-19 22:27:47,666 [success] elapsed < 0.1
[INFO] 2016-04-19 22:28:42,641 ------------------------------以下为请求信息------------------------------
[INFO] 2016-04-19 22:28:42,641 ------------------------------以下为请求信息------------------------------
[INFO] 2016-04-19 22:28:42,641 ------------------------------以下为请求信息------------------------------
[INFO] 2016-04-19 22:28:42,641 [请求]发送验证码接口:http://121.43.101.211:8180/suime-user/m2/verification/send POST
[INFO] 2016-04-19 22:28:42,641 [请求]发送验证码接口:http://121.43.101.211:8180/suime-user/m2/verification/send POST
[INFO] 2016-04-19 22:28:42,641 [请求]发送验证码接口:http://121.43.101.211:8180/suime-user/m2/verification/send POST
[INFO] 2016-04-19 22:28:42,641 [返回码]:404  响应时间:0.06
[INFO] 2016-04-19 22:28:42,641 [返回码]:404  响应时间:0.06
[INFO] 2016-04-19 22:28:42,641 [返回码]:404  响应时间:0.06
[INFO] 2016-04-19 22:28:42,641 [返回内容]:
[INFO] 2016-04-19 22:28:42,641 [返回内容]:
[INFO] 2016-04-19 22:28:42,641 [返回内容]:
[INFO] 2016-04-19 22:28:42,641     {'rqid': '3-26-ea4cb475-d6ff-4dc2-9bd6-549458f3c6a8', 'result': 0, 'body': {'errorCode': '50101', 'error': 'http uri source error', 'errorDescription': 'uri来源错误'}}
[INFO] 2016-04-19 22:28:42,641     {'rqid': '3-26-ea4cb475-d6ff-4dc2-9bd6-549458f3c6a8', 'result': 0, 'body': {'errorCode': '50101', 'error': 'http uri source error', 'errorDescription': 'uri来源错误'}}
[INFO] 2016-04-19 22:28:42,641     {'rqid': '3-26-ea4cb475-d6ff-4dc2-9bd6-549458f3c6a8', 'result': 0, 'body': {'errorCode': '50101', 'error': 'http uri source error', 'errorDescription': 'uri来源错误'}}
[INFO] 2016-04-19 22:28:42,641 ----------------------------以下为[print]信息----------------------------
[INFO] 2016-04-19 22:28:42,641 ----------------------------以下为[print]信息----------------------------
[INFO] 2016-04-19 22:28:42,641 ----------------------------以下为[print]信息----------------------------
[INFO] 2016-04-19 22:28:42,641 ['_ResponseObj__initialize', '__class__', '__delattr__', '__dict__', '__dir__', '__doc__', '__eq__', '__format__', '__ge__', '__getattribute__', '__gt__', '__hash__', '__init__', '__le__', '__lt__', '__module__', '__ne__', '__new__', '__reduce__', '__reduce_ex__', '__repr__', '__setattr__', '__sizeof__', '__str__', '__subclasshook__', '__weakref__', '_currentnode', 'body', 'cookies', 'data', 'elapsed', 'errorMsg', 'headers', 'name', 'result', 'returncode', 'rqid', 'success', 'url']
[INFO] 2016-04-19 22:28:42,641 ['_ResponseObj__initialize', '__class__', '__delattr__', '__dict__', '__dir__', '__doc__', '__eq__', '__format__', '__ge__', '__getattribute__', '__gt__', '__hash__', '__init__', '__le__', '__lt__', '__module__', '__ne__', '__new__', '__reduce__', '__reduce_ex__', '__repr__', '__setattr__', '__sizeof__', '__str__', '__subclasshook__', '__weakref__', '_currentnode', 'body', 'cookies', 'data', 'elapsed', 'errorMsg', 'headers', 'name', 'result', 'returncode', 'rqid', 'success', 'url']
[INFO] 2016-04-19 22:28:42,641 ['_ResponseObj__initialize', '__class__', '__delattr__', '__dict__', '__dir__', '__doc__', '__eq__', '__format__', '__ge__', '__getattribute__', '__gt__', '__hash__', '__init__', '__le__', '__lt__', '__module__', '__ne__', '__new__', '__reduce__', '__reduce_ex__', '__repr__', '__setattr__', '__sizeof__', '__str__', '__subclasshook__', '__weakref__', '_currentnode', 'body', 'cookies', 'data', 'elapsed', 'errorMsg', 'headers', 'name', 'result', 'returncode', 'rqid', 'success', 'url']
[INFO] 2016-04-19 22:28:42,641 ----------------------------以下为[check]信息----------------------------
[INFO] 2016-04-19 22:28:42,641 ----------------------------以下为[check]信息----------------------------
[INFO] 2016-04-19 22:28:42,641 ----------------------------以下为[check]信息----------------------------
[INFO] 2016-04-19 22:28:42,641 [failed] returncode == 200
[INFO] 2016-04-19 22:28:42,641 [failed] returncode == 200
[INFO] 2016-04-19 22:28:42,641 [failed] returncode == 200
[INFO] 2016-04-19 22:28:42,641 [success] elapsed < 0.1
[INFO] 2016-04-19 22:28:42,641 [success] elapsed < 0.1
[INFO] 2016-04-19 22:28:42,641 [success] elapsed < 0.1
[INFO] 2016-04-19 22:29:10,736 ------------------------------以下为请求信息------------------------------
[INFO] 2016-04-19 22:29:10,751 [请求]发送验证码接口:http://121.43.101.211:8180/suime-user/m2/verification/send POST
[INFO] 2016-04-19 22:29:10,751 [返回码]:404  响应时间:0.02
[INFO] 2016-04-19 22:29:10,751 [返回内容]:
[INFO] 2016-04-19 22:29:10,751     {'rqid': '3-26-6a5ebe07-b062-4bb1-8dd2-e747f5ac27ff', 'body': {'errorCode': '50101', 'errorDescription': 'uri来源错误', 'error': 'http uri source error'}, 'result': 0}
[INFO] 2016-04-19 22:29:10,751 ----------------------------以下为[print]信息----------------------------
[INFO] 2016-04-19 22:29:10,751 ['_ResponseObj__initialize', '__class__', '__delattr__', '__dict__', '__dir__', '__doc__', '__eq__', '__format__', '__ge__', '__getattribute__', '__gt__', '__hash__', '__init__', '__le__', '__lt__', '__module__', '__ne__', '__new__', '__reduce__', '__reduce_ex__', '__repr__', '__setattr__', '__sizeof__', '__str__', '__subclasshook__', '__weakref__', '_currentnode', 'body', 'cookies', 'data', 'elapsed', 'errorMsg', 'headers', 'name', 'result', 'returncode', 'rqid', 'success', 'url']
[INFO] 2016-04-19 22:29:10,751 ----------------------------以下为[check]信息----------------------------
[INFO] 2016-04-19 22:29:10,751 [failed] returncode == 200
[INFO] 2016-04-19 22:29:10,751 [success] elapsed < 0.1
[INFO] 2016-04-19 22:30:18,486 ------------------------------以下为请求信息------------------------------
[INFO] 2016-04-19 22:30:18,502 [请求]发送验证码接口:http://121.43.101.211:8180/suime-user/m2/verification/send POST
[INFO] 2016-04-19 22:30:18,502 [返回码]:404  响应时间:0.02
[INFO] 2016-04-19 22:30:18,502 [返回内容]:
[INFO] 2016-04-19 22:30:18,502     {'body': {'error': 'http uri source error', 'errorDescription': 'uri来源错误', 'errorCode': '50101'}, 'result': 0, 'rqid': '3-26-b9c60690-51ff-4790-9282-047b478b7acc'}
[INFO] 2016-04-19 22:30:18,502 ----------------------------以下为[print]信息----------------------------
[INFO] 2016-04-19 22:30:18,502 ['_ResponseObj__initialize', '__class__', '__delattr__', '__dict__', '__dir__', '__doc__', '__eq__', '__format__', '__ge__', '__getattribute__', '__gt__', '__hash__', '__init__', '__le__', '__lt__', '__module__', '__ne__', '__new__', '__reduce__', '__reduce_ex__', '__repr__', '__setattr__', '__sizeof__', '__str__', '__subclasshook__', '__weakref__', '_currentnode', 'body', 'cookies', 'data', 'elapsed', 'errorMsg', 'headers', 'name', 'result', 'returncode', 'rqid', 'success', 'url']
[INFO] 2016-04-19 22:30:18,502 ----------------------------以下为[check]信息----------------------------
[INFO] 2016-04-19 22:30:18,502 [failed] returncode == 200
[INFO] 2016-04-19 22:30:18,502 [success] elapsed < 0.1
[INFO] 2016-04-19 22:31:00,600 ------------------------------以下为请求信息------------------------------
[INFO] 2016-04-19 22:31:00,600 ------------------------------以下为请求信息------------------------------
[INFO] 2016-04-19 22:31:00,600 [请求]发送验证码接口:http://121.43.101.211:8180/suime-user/m2/verification/send POST
[INFO] 2016-04-19 22:31:00,600 [请求]发送验证码接口:http://121.43.101.211:8180/suime-user/m2/verification/send POST
[INFO] 2016-04-19 22:31:00,600 [返回码]:404  响应时间:0.03
[INFO] 2016-04-19 22:31:00,600 [返回码]:404  响应时间:0.03
[INFO] 2016-04-19 22:31:00,600 [返回内容]:
[INFO] 2016-04-19 22:31:00,600 [返回内容]:
[INFO] 2016-04-19 22:31:00,616     {'body': {'error': 'http uri source error', 'errorDescription': 'uri来源错误', 'errorCode': '50101'}, 'result': 0, 'rqid': '3-26-c61f16cd-8a40-4944-b531-be49e64c4827'}
[INFO] 2016-04-19 22:31:00,616     {'body': {'error': 'http uri source error', 'errorDescription': 'uri来源错误', 'errorCode': '50101'}, 'result': 0, 'rqid': '3-26-c61f16cd-8a40-4944-b531-be49e64c4827'}
[INFO] 2016-04-19 22:31:00,616 ----------------------------以下为[print]信息----------------------------
[INFO] 2016-04-19 22:31:00,616 ----------------------------以下为[print]信息----------------------------
[INFO] 2016-04-19 22:31:00,616 ['_ResponseObj__initialize', '__class__', '__delattr__', '__dict__', '__dir__', '__doc__', '__eq__', '__format__', '__ge__', '__getattribute__', '__gt__', '__hash__', '__init__', '__le__', '__lt__', '__module__', '__ne__', '__new__', '__reduce__', '__reduce_ex__', '__repr__', '__setattr__', '__sizeof__', '__str__', '__subclasshook__', '__weakref__', '_currentnode', 'body', 'cookies', 'data', 'elapsed', 'errorMsg', 'headers', 'name', 'result', 'returncode', 'rqid', 'success', 'url']
[INFO] 2016-04-19 22:31:00,616 ['_ResponseObj__initialize', '__class__', '__delattr__', '__dict__', '__dir__', '__doc__', '__eq__', '__format__', '__ge__', '__getattribute__', '__gt__', '__hash__', '__init__', '__le__', '__lt__', '__module__', '__ne__', '__new__', '__reduce__', '__reduce_ex__', '__repr__', '__setattr__', '__sizeof__', '__str__', '__subclasshook__', '__weakref__', '_currentnode', 'body', 'cookies', 'data', 'elapsed', 'errorMsg', 'headers', 'name', 'result', 'returncode', 'rqid', 'success', 'url']
[INFO] 2016-04-19 22:31:00,616 ----------------------------以下为[check]信息----------------------------
[INFO] 2016-04-19 22:31:00,616 ----------------------------以下为[check]信息----------------------------
[INFO] 2016-04-19 22:31:00,616 [failed] returncode == 200
[INFO] 2016-04-19 22:31:00,616 [failed] returncode == 200
[INFO] 2016-04-19 22:31:00,616 [success] elapsed < 0.1
[INFO] 2016-04-19 22:31:00,616 [success] elapsed < 0.1
[INFO] 2016-04-19 22:34:02,403 ------------------------------以下为请求信息------------------------------
[INFO] 2016-04-19 22:34:02,403 [请求]发送验证码接口:http://121.43.101.211:8180/suime-user/m2/verification/send POST
[INFO] 2016-04-19 22:34:02,403 [返回码]:404  响应时间:0.05
[INFO] 2016-04-19 22:34:02,403 [返回内容]:
[INFO] 2016-04-19 22:34:02,403     {'rqid': '3-26-c6200d99-bcbb-4a79-a6d5-e2667db880bd', 'result': 0, 'body': {'error': 'http uri source error', 'errorCode': '50101', 'errorDescription': 'uri来源错误'}}
[INFO] 2016-04-19 22:34:02,403 ----------------------------以下为[print]信息----------------------------
[INFO] 2016-04-19 22:34:02,403 ['_ResponseObj__initialize', '__class__', '__delattr__', '__dict__', '__dir__', '__doc__', '__eq__', '__format__', '__ge__', '__getattribute__', '__gt__', '__hash__', '__init__', '__le__', '__lt__', '__module__', '__ne__', '__new__', '__reduce__', '__reduce_ex__', '__repr__', '__setattr__', '__sizeof__', '__str__', '__subclasshook__', '__weakref__', '_currentnode', 'body', 'cookies', 'data', 'elapsed', 'errorMsg', 'headers', 'name', 'result', 'returncode', 'rqid', 'success', 'url']
[INFO] 2016-04-19 22:34:02,403 ----------------------------以下为[check]信息----------------------------
[INFO] 2016-04-19 22:34:02,403 [failed] returncode == 200
[INFO] 2016-04-19 22:34:02,403 [success] elapsed < 0.1
[INFO] 2016-04-19 22:34:32,600 ------------------------------以下为请求信息------------------------------
[INFO] 2016-04-19 22:34:32,600 [请求]发送验证码接口:http://121.43.101.211:8180/suime-user/m2/verification/send POST
[INFO] 2016-04-19 22:34:32,600 [返回码]:404  响应时间:0.03
[INFO] 2016-04-19 22:34:32,600 [返回内容]:
[INFO] 2016-04-19 22:34:32,600     {'result': 0, 'body': {'error': 'http uri source error', 'errorCode': '50101', 'errorDescription': 'uri来源错误'}, 'rqid': '3-26-2765970a-7ae4-46de-8e67-18a6cdf741ba'}
[INFO] 2016-04-19 22:34:32,600 ----------------------------以下为[print]信息----------------------------
[INFO] 2016-04-19 22:34:32,600 ['_ResponseObj__initialize', '__class__', '__delattr__', '__dict__', '__dir__', '__doc__', '__eq__', '__format__', '__ge__', '__getattribute__', '__gt__', '__hash__', '__init__', '__le__', '__lt__', '__module__', '__ne__', '__new__', '__reduce__', '__reduce_ex__', '__repr__', '__setattr__', '__sizeof__', '__str__', '__subclasshook__', '__weakref__', '_currentnode', 'body', 'cookies', 'data', 'elapsed', 'errorMsg', 'headers', 'name', 'result', 'returncode', 'rqid', 'success', 'url']
[INFO] 2016-04-19 22:34:32,600 ----------------------------以下为[check]信息----------------------------
[INFO] 2016-04-19 22:34:32,600 [failed] returncode == 200
[INFO] 2016-04-19 22:34:32,600 [success] elapsed < 0.1
[INFO] 2016-04-19 22:36:25,109 ------------------------------以下为请求信息------------------------------
[INFO] 2016-04-19 22:36:25,109 [请求]发送验证码接口:http://121.43.101.211:8180/suime-user/m2/verification/send POST
[INFO] 2016-04-19 22:36:25,109 [返回码]:404  响应时间:0.03
[INFO] 2016-04-19 22:36:25,109 [返回内容]:
[INFO] 2016-04-19 22:36:25,109     {'body': {'error': 'http uri source error', 'errorCode': '50101', 'errorDescription': 'uri来源错误'}, 'rqid': '3-26-6b2d9a32-2727-404f-8fec-086581e0f79e', 'result': 0}
[INFO] 2016-04-19 22:36:25,109 ----------------------------以下为[print]信息----------------------------
[INFO] 2016-04-19 22:36:25,109 ['_ResponseObj__initialize', '__class__', '__delattr__', '__dict__', '__dir__', '__doc__', '__eq__', '__format__', '__ge__', '__getattribute__', '__gt__', '__hash__', '__init__', '__le__', '__lt__', '__module__', '__ne__', '__new__', '__reduce__', '__reduce_ex__', '__repr__', '__setattr__', '__sizeof__', '__str__', '__subclasshook__', '__weakref__', '_currentnode', 'body', 'cookies', 'data', 'elapsed', 'errorMsg', 'headers', 'name', 'result', 'returncode', 'rqid', 'success', 'url']
[INFO] 2016-04-19 22:36:25,109 ----------------------------以下为[check]信息----------------------------
[INFO] 2016-04-19 22:36:25,109 [failed] returncode == 200
[INFO] 2016-04-19 22:36:25,109 [success] elapsed < 0.1
[INFO] 2016-04-19 22:36:55,813 ------------------------------以下为请求信息------------------------------
[INFO] 2016-04-19 22:36:55,813 [请求]发送验证码接口:http://121.43.101.211:8180/suime-user/m2/verification/send POST
[INFO] 2016-04-19 22:36:55,813 [返回码]:404  响应时间:0.03
[INFO] 2016-04-19 22:36:55,813 [返回内容]:
[INFO] 2016-04-19 22:36:55,829     {'body': {'errorDescription': 'uri来源错误', 'errorCode': '50101', 'error': 'http uri source error'}, 'rqid': '3-26-f9a19c16-8f8c-4bd9-9b16-ed78ee5ad901', 'result': 0}
[INFO] 2016-04-19 22:36:55,829 ----------------------------以下为[print]信息----------------------------
[INFO] 2016-04-19 22:36:55,829 ['_ResponseObj__initialize', '__class__', '__delattr__', '__dict__', '__dir__', '__doc__', '__eq__', '__format__', '__ge__', '__getattribute__', '__gt__', '__hash__', '__init__', '__le__', '__lt__', '__module__', '__ne__', '__new__', '__reduce__', '__reduce_ex__', '__repr__', '__setattr__', '__sizeof__', '__str__', '__subclasshook__', '__weakref__', '_currentnode', 'body', 'cookies', 'data', 'elapsed', 'errorMsg', 'headers', 'name', 'result', 'returncode', 'rqid', 'success', 'url']
[INFO] 2016-04-19 22:36:55,829 ----------------------------以下为[check]信息----------------------------
[INFO] 2016-04-19 22:36:55,829 [failed] returncode == 200
[INFO] 2016-04-19 22:36:55,829 [success] elapsed < 0.1
[INFO] 2016-04-19 22:40:21,485 ------------------------------以下为请求信息------------------------------
[INFO] 2016-04-19 22:40:21,485 [请求]发送验证码接口:http://121.43.101.211:8180/suime-user/m2/verification/send POST
[INFO] 2016-04-19 22:40:21,485 [返回码]:404  响应时间:0.03
[INFO] 2016-04-19 22:40:21,485 [返回内容]:
[INFO] 2016-04-19 22:40:21,485     {'rqid': '3-26-d5d82000-7645-4e90-999d-9aced709648e', 'body': {'errorDescription': 'uri来源错误', 'errorCode': '50101', 'error': 'http uri source error'}, 'result': 0}
[INFO] 2016-04-19 22:40:21,485 ----------------------------以下为[print]信息----------------------------
[INFO] 2016-04-19 22:40:21,485 ['_ResponseObj__initialize', '__class__', '__delattr__', '__dict__', '__dir__', '__doc__', '__eq__', '__format__', '__ge__', '__getattribute__', '__gt__', '__hash__', '__init__', '__le__', '__lt__', '__module__', '__ne__', '__new__', '__reduce__', '__reduce_ex__', '__repr__', '__setattr__', '__sizeof__', '__str__', '__subclasshook__', '__weakref__', '_currentnode', 'body', 'cookies', 'data', 'elapsed', 'errorMsg', 'headers', 'name', 'result', 'returncode', 'rqid', 'success', 'url']
[INFO] 2016-04-19 22:40:21,485 ----------------------------以下为[check]信息----------------------------
[INFO] 2016-04-19 22:40:21,485 [failed] returncode == 200
[INFO] 2016-04-19 22:40:21,485 [success] elapsed < 0.1
