[INFO] 2016-04-19 21:15:33,141 ------------------------------以下为请求信息------------------------------
[INFO] 2016-04-19 21:15:33,141 [请求]发送验证码接口:http://121.43.101.211:8180/suime-user/m2/verification/send POST
[INFO] 2016-04-19 21:15:33,141 [返回码]:404  响应时间:0.11
[INFO] 2016-04-19 21:15:33,141 [返回内容]:
[INFO] 2016-04-19 21:15:33,141     {'result': 0, 'rqid': '3-26-2f3f4872-a478-47fd-a570-ad8359a05914', 'body': {'errorCode': '50101', 'error': 'http uri source error', 'errorDescription': 'uri来源错误'}}
[INFO] 2016-04-19 21:15:33,141 ----------------------------以下为[print]信息----------------------------
[INFO] 2016-04-19 21:15:33,141 ----------------------------以下为[check]信息----------------------------
[INFO] 2016-04-19 21:15:33,141 [failed] returncode == 200
[INFO] 2016-04-19 21:15:33,141 [failed] elapsed < 0.1
[INFO] 2016-04-19 21:15:58,338 ------------------------------以下为请求信息------------------------------
[INFO] 2016-04-19 21:15:58,338 ------------------------------以下为请求信息------------------------------
[INFO] 2016-04-19 21:15:58,338 [请求]发送验证码接口:http://121.43.101.211:8180/suime-user/m2/verification/send POST
[INFO] 2016-04-19 21:15:58,338 [请求]发送验证码接口:http://121.43.101.211:8180/suime-user/m2/verification/send POST
[INFO] 2016-04-19 21:15:58,338 [返回码]:404  响应时间:0.03
[INFO] 2016-04-19 21:15:58,338 [返回码]:404  响应时间:0.03
[INFO] 2016-04-19 21:15:58,338 [返回内容]:
[INFO] 2016-04-19 21:15:58,338 [返回内容]:
[INFO] 2016-04-19 21:15:58,338     {'result': 0, 'rqid': '3-26-549039f4-c670-4b35-9f76-d271f138d4c8', 'body': {'errorCode': '50101', 'error': 'http uri source error', 'errorDescription': 'uri来源错误'}}
[INFO] 2016-04-19 21:15:58,338     {'result': 0, 'rqid': '3-26-549039f4-c670-4b35-9f76-d271f138d4c8', 'body': {'errorCode': '50101', 'error': 'http uri source error', 'errorDescription': 'uri来源错误'}}
[INFO] 2016-04-19 21:15:58,338 ----------------------------以下为[print]信息----------------------------
[INFO] 2016-04-19 21:15:58,338 ----------------------------以下为[print]信息----------------------------
[INFO] 2016-04-19 21:15:58,338 ----------------------------以下为[check]信息----------------------------
[INFO] 2016-04-19 21:15:58,338 ----------------------------以下为[check]信息----------------------------
[INFO] 2016-04-19 21:15:58,338 [failed] returncode == 200
[INFO] 2016-04-19 21:15:58,338 [failed] returncode == 200
[INFO] 2016-04-19 21:15:58,338 [success] elapsed < 0.1
[INFO] 2016-04-19 21:15:58,338 [success] elapsed < 0.1
[INFO] 2016-04-19 21:33:53,971 ------------------------------以下为请求信息------------------------------
[INFO] 2016-04-19 21:33:53,971 [请求]发送验证码接口:http://121.43.101.211:8180/suime-user/m2/verification/send POST
[INFO] 2016-04-19 21:33:53,971 [返回码]:404  响应时间:0.03
[INFO] 2016-04-19 21:33:53,971 [返回内容]:
[INFO] 2016-04-19 21:33:53,971     {'body': {'errorDescription': 'uri来源错误', 'error': 'http uri source error', 'errorCode': '50101'}, 'rqid': '3-26-19828b1d-d18e-4002-816c-e8fcc82f067f', 'result': 0}
[INFO] 2016-04-19 21:33:53,971 ----------------------------以下为[print]信息----------------------------
[INFO] 2016-04-19 21:33:53,971 ----------------------------以下为[check]信息----------------------------
[INFO] 2016-04-19 21:33:53,971 [failed] returncode == 200
[INFO] 2016-04-19 21:33:53,971 [success] elapsed < 0.1
[INFO] 2016-04-19 21:35:38,547 ------------------------------以下为请求信息------------------------------
[INFO] 2016-04-19 21:35:38,547 [请求]发送验证码接口:http://121.43.101.211:8180/suime-user/m2/verification/send POST
[INFO] 2016-04-19 21:35:38,547 [返回码]:404  响应时间:0.03
[INFO] 2016-04-19 21:35:38,547 [返回内容]:
[INFO] 2016-04-19 21:35:38,547     {'rqid': '3-26-2b8dbcb1-12f6-4435-b934-9539e3a4f045', 'body': {'errorCode': '50101', 'error': 'http uri source error', 'errorDescription': 'uri来源错误'}, 'result': 0}
[INFO] 2016-04-19 21:35:38,547 ----------------------------以下为[print]信息----------------------------
[INFO] 2016-04-19 21:35:38,547 ----------------------------以下为[check]信息----------------------------
[INFO] 2016-04-19 21:35:38,547 [failed] returncode == 200
[INFO] 2016-04-19 21:35:38,547 [success] elapsed < 0.1
[INFO] 2016-04-19 21:37:03,824 ------------------------------以下为请求信息------------------------------
[INFO] 2016-04-19 21:37:03,824 [请求]发送验证码接口:http://121.43.101.211:8180/suime-user/m2/verification/send POST
[INFO] 2016-04-19 21:37:03,824 [返回码]:404  响应时间:0.05
[INFO] 2016-04-19 21:37:03,824 [返回内容]:
[INFO] 2016-04-19 21:37:03,824     {'rqid': '3-26-41ad358b-d9f5-4e57-9fe4-8f85656f414f', 'body': {'errorCode': '50101', 'error': 'http uri source error', 'errorDescription': 'uri来源错误'}, 'result': 0}
[INFO] 2016-04-19 21:37:03,824 ----------------------------以下为[print]信息----------------------------
[INFO] 2016-04-19 21:37:03,824 ----------------------------以下为[check]信息----------------------------
[INFO] 2016-04-19 21:37:03,824 [failed] returncode == 200
[INFO] 2016-04-19 21:37:03,824 [success] elapsed < 0.1
[INFO] 2016-04-19 21:39:49,843 ------------------------------以下为请求信息------------------------------
[INFO] 2016-04-19 21:39:49,843 [请求]发送验证码接口:http://121.43.101.211:8180/suime-user/m2/verification/send POST
[INFO] 2016-04-19 21:39:49,843 [返回码]:404  响应时间:0.05
[INFO] 2016-04-19 21:39:49,843 [返回内容]:
[INFO] 2016-04-19 21:39:49,843     {'rqid': '3-26-c9286a4d-ea54-4df9-abcc-844110cbc26a', 'result': 0, 'body': {'errorCode': '50101', 'errorDescription': 'uri来源错误', 'error': 'http uri source error'}}
[INFO] 2016-04-19 21:39:49,843 ----------------------------以下为[print]信息----------------------------
[INFO] 2016-04-19 21:39:49,843 ----------------------------以下为[check]信息----------------------------
[INFO] 2016-04-19 21:39:49,843 [failed] returncode == 200
[INFO] 2016-04-19 21:39:49,843 [success] elapsed < 0.1
[INFO] 2016-04-19 21:40:17,064 ------------------------------以下为请求信息------------------------------
[INFO] 2016-04-19 21:40:17,064 ------------------------------以下为请求信息------------------------------
[INFO] 2016-04-19 21:40:17,064 [请求]发送验证码接口:http://121.43.101.211:8180/suime-user/m2/verification/send POST
[INFO] 2016-04-19 21:40:17,064 [请求]发送验证码接口:http://121.43.101.211:8180/suime-user/m2/verification/send POST
[INFO] 2016-04-19 21:40:17,064 [返回码]:404  响应时间:0.06
[INFO] 2016-04-19 21:40:17,064 [返回码]:404  响应时间:0.06
[INFO] 2016-04-19 21:40:17,064 [返回内容]:
[INFO] 2016-04-19 21:40:17,064 [返回内容]:
[INFO] 2016-04-19 21:40:17,064     {'rqid': '3-26-38e1f1e9-cecb-4268-a994-cb9be56cdb5a', 'result': 0, 'body': {'errorCode': '50101', 'errorDescription': 'uri来源错误', 'error': 'http uri source error'}}
[INFO] 2016-04-19 21:40:17,064     {'rqid': '3-26-38e1f1e9-cecb-4268-a994-cb9be56cdb5a', 'result': 0, 'body': {'errorCode': '50101', 'errorDescription': 'uri来源错误', 'error': 'http uri source error'}}
[INFO] 2016-04-19 21:40:17,064 ----------------------------以下为[print]信息----------------------------
[INFO] 2016-04-19 21:40:17,064 ----------------------------以下为[print]信息----------------------------
[INFO] 2016-04-19 21:40:17,064 ----------------------------以下为[check]信息----------------------------
[INFO] 2016-04-19 21:40:17,064 ----------------------------以下为[check]信息----------------------------
[INFO] 2016-04-19 21:40:17,064 [failed] returncode == 200
[INFO] 2016-04-19 21:40:17,064 [failed] returncode == 200
[INFO] 2016-04-19 21:40:17,064 [success] elapsed < 0.1
[INFO] 2016-04-19 21:40:17,064 [success] elapsed < 0.1
[INFO] 2016-04-19 21:49:34,653 ------------------------------以下为请求信息------------------------------
[INFO] 2016-04-19 21:49:34,653 [请求]发送验证码接口:http://121.43.101.211:8180/suime-user/m2/verification/send POST
[INFO] 2016-04-19 21:49:34,653 [返回码]:404  响应时间:0.03
[INFO] 2016-04-19 21:49:34,653 [返回内容]:
[INFO] 2016-04-19 21:49:34,653     {'result': 0, 'rqid': '3-26-6c043edb-dc4c-4842-949d-36f69a89a4d7', 'body': {'errorDescription': 'uri来源错误', 'errorCode': '50101', 'error': 'http uri source error'}}
[INFO] 2016-04-19 21:49:34,653 ----------------------------以下为[print]信息----------------------------
[INFO] 2016-04-19 21:49:34,653 ----------------------------以下为[check]信息----------------------------
[INFO] 2016-04-19 21:49:34,653 [failed] returncode == 200
[INFO] 2016-04-19 21:49:34,653 [success] elapsed < 0.1
[INFO] 2016-04-19 21:49:42,268 ------------------------------以下为请求信息------------------------------
[INFO] 2016-04-19 21:49:42,268 ------------------------------以下为请求信息------------------------------
[INFO] 2016-04-19 21:49:42,268 [请求]发送验证码接口:http://121.43.101.211:8180/suime-user/m2/verification/send POST
[INFO] 2016-04-19 21:49:42,268 [请求]发送验证码接口:http://121.43.101.211:8180/suime-user/m2/verification/send POST
[INFO] 2016-04-19 21:49:42,268 [返回码]:404  响应时间:0.05
[INFO] 2016-04-19 21:49:42,268 [返回码]:404  响应时间:0.05
[INFO] 2016-04-19 21:49:42,268 [返回内容]:
[INFO] 2016-04-19 21:49:42,268 [返回内容]:
[INFO] 2016-04-19 21:49:42,268     {'result': 0, 'rqid': '3-26-5837b324-7bc8-4e52-898e-e3d3e6595a4c', 'body': {'errorDescription': 'uri来源错误', 'errorCode': '50101', 'error': 'http uri source error'}}
[INFO] 2016-04-19 21:49:42,268     {'result': 0, 'rqid': '3-26-5837b324-7bc8-4e52-898e-e3d3e6595a4c', 'body': {'errorDescription': 'uri来源错误', 'errorCode': '50101', 'error': 'http uri source error'}}
[INFO] 2016-04-19 21:49:42,268 ----------------------------以下为[print]信息----------------------------
[INFO] 2016-04-19 21:49:42,268 ----------------------------以下为[print]信息----------------------------
[INFO] 2016-04-19 21:49:42,268 ----------------------------以下为[check]信息----------------------------
[INFO] 2016-04-19 21:49:42,268 ----------------------------以下为[check]信息----------------------------
[INFO] 2016-04-19 21:49:42,268 [failed] returncode == 200
[INFO] 2016-04-19 21:49:42,268 [failed] returncode == 200
[INFO] 2016-04-19 21:49:42,268 [success] elapsed < 0.1
[INFO] 2016-04-19 21:49:42,268 [success] elapsed < 0.1
[INFO] 2016-04-19 21:49:44,861 ------------------------------以下为请求信息------------------------------
[INFO] 2016-04-19 21:49:44,861 ------------------------------以下为请求信息------------------------------
[INFO] 2016-04-19 21:49:44,861 ------------------------------以下为请求信息------------------------------
[INFO] 2016-04-19 21:49:44,861 [请求]发送验证码接口:http://121.43.101.211:8180/suime-user/m2/verification/send POST
[INFO] 2016-04-19 21:49:44,861 [请求]发送验证码接口:http://121.43.101.211:8180/suime-user/m2/verification/send POST
[INFO] 2016-04-19 21:49:44,861 [请求]发送验证码接口:http://121.43.101.211:8180/suime-user/m2/verification/send POST
[INFO] 2016-04-19 21:49:44,861 [返回码]:404  响应时间:0.05
[INFO] 2016-04-19 21:49:44,861 [返回码]:404  响应时间:0.05
[INFO] 2016-04-19 21:49:44,861 [返回码]:404  响应时间:0.05
[INFO] 2016-04-19 21:49:44,861 [返回内容]:
[INFO] 2016-04-19 21:49:44,861 [返回内容]:
[INFO] 2016-04-19 21:49:44,861 [返回内容]:
[INFO] 2016-04-19 21:49:44,861     {'result': 0, 'rqid': '3-26-218b7340-b00d-468c-b687-9c0062cb8c55', 'body': {'errorDescription': 'uri来源错误', 'errorCode': '50101', 'error': 'http uri source error'}}
[INFO] 2016-04-19 21:49:44,861     {'result': 0, 'rqid': '3-26-218b7340-b00d-468c-b687-9c0062cb8c55', 'body': {'errorDescription': 'uri来源错误', 'errorCode': '50101', 'error': 'http uri source error'}}
[INFO] 2016-04-19 21:49:44,861     {'result': 0, 'rqid': '3-26-218b7340-b00d-468c-b687-9c0062cb8c55', 'body': {'errorDescription': 'uri来源错误', 'errorCode': '50101', 'error': 'http uri source error'}}
[INFO] 2016-04-19 21:49:44,861 ----------------------------以下为[print]信息----------------------------
[INFO] 2016-04-19 21:49:44,861 ----------------------------以下为[print]信息----------------------------
[INFO] 2016-04-19 21:49:44,861 ----------------------------以下为[print]信息----------------------------
[INFO] 2016-04-19 21:49:44,861 ----------------------------以下为[check]信息----------------------------
[INFO] 2016-04-19 21:49:44,861 ----------------------------以下为[check]信息----------------------------
[INFO] 2016-04-19 21:49:44,861 ----------------------------以下为[check]信息----------------------------
[INFO] 2016-04-19 21:49:44,861 [failed] returncode == 200
[INFO] 2016-04-19 21:49:44,861 [failed] returncode == 200
[INFO] 2016-04-19 21:49:44,861 [failed] returncode == 200
[INFO] 2016-04-19 21:49:44,861 [success] elapsed < 0.1
[INFO] 2016-04-19 21:49:44,861 [success] elapsed < 0.1
[INFO] 2016-04-19 21:49:44,861 [success] elapsed < 0.1
[INFO] 2016-04-19 21:49:49,123 ------------------------------以下为请求信息------------------------------
[INFO] 2016-04-19 21:49:49,123 ------------------------------以下为请求信息------------------------------
[INFO] 2016-04-19 21:49:49,123 ------------------------------以下为请求信息------------------------------
[INFO] 2016-04-19 21:49:49,123 ------------------------------以下为请求信息------------------------------
[INFO] 2016-04-19 21:49:49,123 [请求]发送验证码接口:http://121.43.101.211:8180/suime-user/m2/verification/send POST
[INFO] 2016-04-19 21:49:49,123 [请求]发送验证码接口:http://121.43.101.211:8180/suime-user/m2/verification/send POST
[INFO] 2016-04-19 21:49:49,123 [请求]发送验证码接口:http://121.43.101.211:8180/suime-user/m2/verification/send POST
[INFO] 2016-04-19 21:49:49,123 [请求]发送验证码接口:http://121.43.101.211:8180/suime-user/m2/verification/send POST
[INFO] 2016-04-19 21:49:49,123 [返回码]:404  响应时间:0.05
[INFO] 2016-04-19 21:49:49,123 [返回码]:404  响应时间:0.05
[INFO] 2016-04-19 21:49:49,123 [返回码]:404  响应时间:0.05
[INFO] 2016-04-19 21:49:49,123 [返回码]:404  响应时间:0.05
[INFO] 2016-04-19 21:49:49,123 [返回内容]:
[INFO] 2016-04-19 21:49:49,123 [返回内容]:
[INFO] 2016-04-19 21:49:49,123 [返回内容]:
[INFO] 2016-04-19 21:49:49,123 [返回内容]:
[INFO] 2016-04-19 21:49:49,123     {'result': 0, 'rqid': '3-26-a97b2599-113e-4c99-af2d-bc0b1f747ff6', 'body': {'errorDescription': 'uri来源错误', 'errorCode': '50101', 'error': 'http uri source error'}}
[INFO] 2016-04-19 21:49:49,123     {'result': 0, 'rqid': '3-26-a97b2599-113e-4c99-af2d-bc0b1f747ff6', 'body': {'errorDescription': 'uri来源错误', 'errorCode': '50101', 'error': 'http uri source error'}}
[INFO] 2016-04-19 21:49:49,123     {'result': 0, 'rqid': '3-26-a97b2599-113e-4c99-af2d-bc0b1f747ff6', 'body': {'errorDescription': 'uri来源错误', 'errorCode': '50101', 'error': 'http uri source error'}}
[INFO] 2016-04-19 21:49:49,123     {'result': 0, 'rqid': '3-26-a97b2599-113e-4c99-af2d-bc0b1f747ff6', 'body': {'errorDescription': 'uri来源错误', 'errorCode': '50101', 'error': 'http uri source error'}}
[INFO] 2016-04-19 21:49:49,123 ----------------------------以下为[print]信息----------------------------
[INFO] 2016-04-19 21:49:49,123 ----------------------------以下为[print]信息----------------------------
[INFO] 2016-04-19 21:49:49,123 ----------------------------以下为[print]信息----------------------------
[INFO] 2016-04-19 21:49:49,123 ----------------------------以下为[print]信息----------------------------
[INFO] 2016-04-19 21:49:49,123 ----------------------------以下为[check]信息----------------------------
[INFO] 2016-04-19 21:49:49,123 ----------------------------以下为[check]信息----------------------------
[INFO] 2016-04-19 21:49:49,123 ----------------------------以下为[check]信息----------------------------
[INFO] 2016-04-19 21:49:49,123 ----------------------------以下为[check]信息----------------------------
[INFO] 2016-04-19 21:49:49,123 [failed] returncode == 200
[INFO] 2016-04-19 21:49:49,123 [failed] returncode == 200
[INFO] 2016-04-19 21:49:49,123 [failed] returncode == 200
[INFO] 2016-04-19 21:49:49,123 [failed] returncode == 200
[INFO] 2016-04-19 21:49:49,123 [success] elapsed < 0.1
[INFO] 2016-04-19 21:49:49,123 [success] elapsed < 0.1
[INFO] 2016-04-19 21:49:49,123 [success] elapsed < 0.1
[INFO] 2016-04-19 21:49:49,123 [success] elapsed < 0.1
[INFO] 2016-04-19 21:51:03,579 ------------------------------以下为请求信息------------------------------
[INFO] 2016-04-19 21:51:03,579 [请求]发送验证码接口:http://121.43.101.211:8180/suime-user/m2/verification/send POST
[INFO] 2016-04-19 21:51:03,579 [返回码]:404  响应时间:0.09
[INFO] 2016-04-19 21:51:03,579 [返回内容]:
[INFO] 2016-04-19 21:51:03,595     {'rqid': '3-26-bbac2620-f199-4a95-8e20-657e8232c4af', 'body': {'errorDescription': 'uri来源错误', 'errorCode': '50101', 'error': 'http uri source error'}, 'result': 0}
[INFO] 2016-04-19 21:51:03,595 ----------------------------以下为[print]信息----------------------------
[INFO] 2016-04-19 21:51:03,595 ----------------------------以下为[check]信息----------------------------
[INFO] 2016-04-19 21:51:03,595 [failed] returncode == 200
[INFO] 2016-04-19 21:51:03,595 [success] elapsed < 0.1
[INFO] 2016-04-19 21:51:06,388 ------------------------------以下为请求信息------------------------------
[INFO] 2016-04-19 21:51:06,388 ------------------------------以下为请求信息------------------------------
[INFO] 2016-04-19 21:51:06,388 [请求]发送验证码接口:http://121.43.101.211:8180/suime-user/m2/verification/send POST
[INFO] 2016-04-19 21:51:06,388 [请求]发送验证码接口:http://121.43.101.211:8180/suime-user/m2/verification/send POST
[INFO] 2016-04-19 21:51:06,388 [返回码]:404  响应时间:0.08
[INFO] 2016-04-19 21:51:06,388 [返回码]:404  响应时间:0.08
[INFO] 2016-04-19 21:51:06,388 [返回内容]:
[INFO] 2016-04-19 21:51:06,388 [返回内容]:
[INFO] 2016-04-19 21:51:06,388     {'rqid': '3-26-936b1419-1b1d-42f3-a563-2bee6c38af3b', 'body': {'errorDescription': 'uri来源错误', 'errorCode': '50101', 'error': 'http uri source error'}, 'result': 0}
[INFO] 2016-04-19 21:51:06,388     {'rqid': '3-26-936b1419-1b1d-42f3-a563-2bee6c38af3b', 'body': {'errorDescription': 'uri来源错误', 'errorCode': '50101', 'error': 'http uri source error'}, 'result': 0}
[INFO] 2016-04-19 21:51:06,388 ----------------------------以下为[print]信息----------------------------
[INFO] 2016-04-19 21:51:06,388 ----------------------------以下为[print]信息----------------------------
[INFO] 2016-04-19 21:51:06,388 ----------------------------以下为[check]信息----------------------------
[INFO] 2016-04-19 21:51:06,388 ----------------------------以下为[check]信息----------------------------
[INFO] 2016-04-19 21:51:06,388 [failed] returncode == 200
[INFO] 2016-04-19 21:51:06,388 [failed] returncode == 200
[INFO] 2016-04-19 21:51:06,388 [success] elapsed < 0.1
[INFO] 2016-04-19 21:51:06,388 [success] elapsed < 0.1
[INFO] 2016-04-19 21:54:57,441 ------------------------------以下为请求信息------------------------------
[INFO] 2016-04-19 21:54:57,441 ------------------------------以下为请求信息------------------------------
[INFO] 2016-04-19 21:54:57,441 ------------------------------以下为请求信息------------------------------
[INFO] 2016-04-19 21:54:57,441 [请求]发送验证码接口:http://121.43.101.211:8180/suime-user/m2/verification/send POST
[INFO] 2016-04-19 21:54:57,441 [请求]发送验证码接口:http://121.43.101.211:8180/suime-user/m2/verification/send POST
[INFO] 2016-04-19 21:54:57,441 [请求]发送验证码接口:http://121.43.101.211:8180/suime-user/m2/verification/send POST
[INFO] 2016-04-19 21:54:57,441 [返回码]:404  响应时间:0.03
[INFO] 2016-04-19 21:54:57,441 [返回码]:404  响应时间:0.03
[INFO] 2016-04-19 21:54:57,441 [返回码]:404  响应时间:0.03
[INFO] 2016-04-19 21:54:57,441 [返回内容]:
[INFO] 2016-04-19 21:54:57,441 [返回内容]:
[INFO] 2016-04-19 21:54:57,441 [返回内容]:
[INFO] 2016-04-19 21:54:57,441     {'rqid': '3-26-7f27dfef-fa38-4c33-aa27-de113917ef15', 'body': {'errorDescription': 'uri来源错误', 'errorCode': '50101', 'error': 'http uri source error'}, 'result': 0}
[INFO] 2016-04-19 21:54:57,441     {'rqid': '3-26-7f27dfef-fa38-4c33-aa27-de113917ef15', 'body': {'errorDescription': 'uri来源错误', 'errorCode': '50101', 'error': 'http uri source error'}, 'result': 0}
[INFO] 2016-04-19 21:54:57,441     {'rqid': '3-26-7f27dfef-fa38-4c33-aa27-de113917ef15', 'body': {'errorDescription': 'uri来源错误', 'errorCode': '50101', 'error': 'http uri source error'}, 'result': 0}
[INFO] 2016-04-19 21:54:57,441 ----------------------------以下为[print]信息----------------------------
[INFO] 2016-04-19 21:54:57,441 ----------------------------以下为[print]信息----------------------------
[INFO] 2016-04-19 21:54:57,441 ----------------------------以下为[print]信息----------------------------
[INFO] 2016-04-19 21:54:57,457 ----------------------------以下为[check]信息----------------------------
[INFO] 2016-04-19 21:54:57,457 ----------------------------以下为[check]信息----------------------------
[INFO] 2016-04-19 21:54:57,457 ----------------------------以下为[check]信息----------------------------
[INFO] 2016-04-19 21:54:57,457 [failed] returncode == 200
[INFO] 2016-04-19 21:54:57,457 [failed] returncode == 200
[INFO] 2016-04-19 21:54:57,457 [failed] returncode == 200
[INFO] 2016-04-19 21:54:57,457 [success] elapsed < 0.1
[INFO] 2016-04-19 21:54:57,457 [success] elapsed < 0.1
[INFO] 2016-04-19 21:54:57,457 [success] elapsed < 0.1
[INFO] 2016-04-19 22:06:25,137 ------------------------------以下为请求信息------------------------------
[INFO] 2016-04-19 22:06:25,137 [请求]发送验证码接口:http://121.43.101.211:8180/suime-user/m2/verification/send POST
[INFO] 2016-04-19 22:06:25,137 [返回码]:404  响应时间:0.03
[INFO] 2016-04-19 22:06:25,137 [返回内容]:
[INFO] 2016-04-19 22:06:25,137     {'body': {'error': 'http uri source error', 'errorDescription': 'uri来源错误', 'errorCode': '50101'}, 'rqid': '3-26-a02391aa-5bea-420a-bafb-bf383cb9e398', 'result': 0}
[INFO] 2016-04-19 22:06:25,137 ----------------------------以下为[print]信息----------------------------
[INFO] 2016-04-19 22:06:25,137 ----------------------------以下为[check]信息----------------------------
[INFO] 2016-04-19 22:06:25,137 [failed] returncode == 200
[INFO] 2016-04-19 22:06:25,137 [success] elapsed < 0.1
[INFO] 2016-04-19 22:06:32,079 ------------------------------以下为请求信息------------------------------
[INFO] 2016-04-19 22:06:32,079 ------------------------------以下为请求信息------------------------------
[INFO] 2016-04-19 22:06:32,079 [请求]发送验证码接口:http://121.43.101.211:8180/suime-user/m2/verification/send POST
[INFO] 2016-04-19 22:06:32,079 [请求]发送验证码接口:http://121.43.101.211:8180/suime-user/m2/verification/send POST
[INFO] 2016-04-19 22:06:32,079 [返回码]:404  响应时间:0.03
[INFO] 2016-04-19 22:06:32,079 [返回码]:404  响应时间:0.03
[INFO] 2016-04-19 22:06:32,079 [返回内容]:
[INFO] 2016-04-19 22:06:32,079 [返回内容]:
[INFO] 2016-04-19 22:06:32,079     {'body': {'error': 'http uri source error', 'errorDescription': 'uri来源错误', 'errorCode': '50101'}, 'rqid': '3-26-0a616364-ad13-4f9a-879a-9761cf21312f', 'result': 0}
[INFO] 2016-04-19 22:06:32,079     {'body': {'error': 'http uri source error', 'errorDescription': 'uri来源错误', 'errorCode': '50101'}, 'rqid': '3-26-0a616364-ad13-4f9a-879a-9761cf21312f', 'result': 0}
[INFO] 2016-04-19 22:06:32,079 ----------------------------以下为[print]信息----------------------------
[INFO] 2016-04-19 22:06:32,079 ----------------------------以下为[print]信息----------------------------
[INFO] 2016-04-19 22:06:32,079 ----------------------------以下为[check]信息----------------------------
[INFO] 2016-04-19 22:06:32,079 ----------------------------以下为[check]信息----------------------------
[INFO] 2016-04-19 22:06:32,079 [failed] returncode == 200
[INFO] 2016-04-19 22:06:32,079 [failed] returncode == 200
[INFO] 2016-04-19 22:06:32,095 [success] elapsed < 0.1
[INFO] 2016-04-19 22:06:32,095 [success] elapsed < 0.1
[INFO] 2016-04-19 22:06:36,833 ------------------------------以下为请求信息------------------------------
[INFO] 2016-04-19 22:06:36,833 ------------------------------以下为请求信息------------------------------
[INFO] 2016-04-19 22:06:36,833 ------------------------------以下为请求信息------------------------------
[INFO] 2016-04-19 22:06:36,833 [请求]发送验证码接口:http://121.43.101.211:8180/suime-user/m2/verification/send POST
[INFO] 2016-04-19 22:06:36,833 [请求]发送验证码接口:http://121.43.101.211:8180/suime-user/m2/verification/send POST
[INFO] 2016-04-19 22:06:36,833 [请求]发送验证码接口:http://121.43.101.211:8180/suime-user/m2/verification/send POST
[INFO] 2016-04-19 22:06:36,833 [返回码]:404  响应时间:0.05
[INFO] 2016-04-19 22:06:36,833 [返回码]:404  响应时间:0.05
[INFO] 2016-04-19 22:06:36,833 [返回码]:404  响应时间:0.05
[INFO] 2016-04-19 22:06:36,833 [返回内容]:
[INFO] 2016-04-19 22:06:36,833 [返回内容]:
[INFO] 2016-04-19 22:06:36,833 [返回内容]:
[INFO] 2016-04-19 22:06:36,833     {'body': {'error': 'http uri source error', 'errorDescription': 'uri来源错误', 'errorCode': '50101'}, 'rqid': '3-26-984c8a05-423b-4f16-a802-bc8be9de6be1', 'result': 0}
[INFO] 2016-04-19 22:06:36,833     {'body': {'error': 'http uri source error', 'errorDescription': 'uri来源错误', 'errorCode': '50101'}, 'rqid': '3-26-984c8a05-423b-4f16-a802-bc8be9de6be1', 'result': 0}
[INFO] 2016-04-19 22:06:36,833     {'body': {'error': 'http uri source error', 'errorDescription': 'uri来源错误', 'errorCode': '50101'}, 'rqid': '3-26-984c8a05-423b-4f16-a802-bc8be9de6be1', 'result': 0}
[INFO] 2016-04-19 22:06:36,833 ----------------------------以下为[print]信息----------------------------
[INFO] 2016-04-19 22:06:36,833 ----------------------------以下为[print]信息----------------------------
[INFO] 2016-04-19 22:06:36,833 ----------------------------以下为[print]信息----------------------------
[INFO] 2016-04-19 22:06:36,833 ----------------------------以下为[check]信息----------------------------
[INFO] 2016-04-19 22:06:36,833 ----------------------------以下为[check]信息----------------------------
[INFO] 2016-04-19 22:06:36,833 ----------------------------以下为[check]信息----------------------------
[INFO] 2016-04-19 22:06:36,833 [failed] returncode == 200
[INFO] 2016-04-19 22:06:36,833 [failed] returncode == 200
[INFO] 2016-04-19 22:06:36,833 [failed] returncode == 200
[INFO] 2016-04-19 22:06:36,833 [success] elapsed < 0.1
[INFO] 2016-04-19 22:06:36,833 [success] elapsed < 0.1
[INFO] 2016-04-19 22:06:36,833 [success] elapsed < 0.1
[INFO] 2016-04-19 22:06:39,565 ------------------------------以下为请求信息------------------------------
[INFO] 2016-04-19 22:06:39,565 ------------------------------以下为请求信息------------------------------
[INFO] 2016-04-19 22:06:39,565 ------------------------------以下为请求信息------------------------------
[INFO] 2016-04-19 22:06:39,565 ------------------------------以下为请求信息------------------------------
[INFO] 2016-04-19 22:06:39,565 [请求]发送验证码接口:http://121.43.101.211:8180/suime-user/m2/verification/send POST
[INFO] 2016-04-19 22:06:39,565 [请求]发送验证码接口:http://121.43.101.211:8180/suime-user/m2/verification/send POST
[INFO] 2016-04-19 22:06:39,565 [请求]发送验证码接口:http://121.43.101.211:8180/suime-user/m2/verification/send POST
[INFO] 2016-04-19 22:06:39,565 [请求]发送验证码接口:http://121.43.101.211:8180/suime-user/m2/verification/send POST
[INFO] 2016-04-19 22:06:39,565 [返回码]:404  响应时间:0.05
[INFO] 2016-04-19 22:06:39,565 [返回码]:404  响应时间:0.05
[INFO] 2016-04-19 22:06:39,565 [返回码]:404  响应时间:0.05
[INFO] 2016-04-19 22:06:39,565 [返回码]:404  响应时间:0.05
[INFO] 2016-04-19 22:06:39,565 [返回内容]:
[INFO] 2016-04-19 22:06:39,565 [返回内容]:
[INFO] 2016-04-19 22:06:39,565 [返回内容]:
[INFO] 2016-04-19 22:06:39,565 [返回内容]:
[INFO] 2016-04-19 22:06:39,565     {'body': {'error': 'http uri source error', 'errorDescription': 'uri来源错误', 'errorCode': '50101'}, 'rqid': '3-26-762cd00f-5d5c-4961-b82b-b0ad041209d8', 'result': 0}
[INFO] 2016-04-19 22:06:39,565     {'body': {'error': 'http uri source error', 'errorDescription': 'uri来源错误', 'errorCode': '50101'}, 'rqid': '3-26-762cd00f-5d5c-4961-b82b-b0ad041209d8', 'result': 0}
[INFO] 2016-04-19 22:06:39,565     {'body': {'error': 'http uri source error', 'errorDescription': 'uri来源错误', 'errorCode': '50101'}, 'rqid': '3-26-762cd00f-5d5c-4961-b82b-b0ad041209d8', 'result': 0}
[INFO] 2016-04-19 22:06:39,565     {'body': {'error': 'http uri source error', 'errorDescription': 'uri来源错误', 'errorCode': '50101'}, 'rqid': '3-26-762cd00f-5d5c-4961-b82b-b0ad041209d8', 'result': 0}
[INFO] 2016-04-19 22:06:39,565 ----------------------------以下为[print]信息----------------------------
[INFO] 2016-04-19 22:06:39,565 ----------------------------以下为[print]信息----------------------------
[INFO] 2016-04-19 22:06:39,565 ----------------------------以下为[print]信息----------------------------
[INFO] 2016-04-19 22:06:39,565 ----------------------------以下为[print]信息----------------------------
[INFO] 2016-04-19 22:06:39,565 ----------------------------以下为[check]信息----------------------------
[INFO] 2016-04-19 22:06:39,565 ----------------------------以下为[check]信息----------------------------
[INFO] 2016-04-19 22:06:39,565 ----------------------------以下为[check]信息----------------------------
[INFO] 2016-04-19 22:06:39,565 ----------------------------以下为[check]信息----------------------------
[INFO] 2016-04-19 22:06:39,565 [failed] returncode == 200
[INFO] 2016-04-19 22:06:39,565 [failed] returncode == 200
[INFO] 2016-04-19 22:06:39,565 [failed] returncode == 200
[INFO] 2016-04-19 22:06:39,565 [failed] returncode == 200
[INFO] 2016-04-19 22:06:39,565 [success] elapsed < 0.1
[INFO] 2016-04-19 22:06:39,565 [success] elapsed < 0.1
[INFO] 2016-04-19 22:06:39,565 [success] elapsed < 0.1
[INFO] 2016-04-19 22:06:39,565 [success] elapsed < 0.1
[INFO] 2016-04-19 22:10:36,230 ------------------------------以下为请求信息------------------------------
[INFO] 2016-04-19 22:10:36,230 [请求]发送验证码接口:http://121.43.101.211:8180/suime-user/m2/verification/send POST
[INFO] 2016-04-19 22:10:36,230 [返回码]:404  响应时间:0.03
[INFO] 2016-04-19 22:10:36,230 [返回内容]:
[INFO] 2016-04-19 22:10:36,230     {'rqid': '3-26-50d20acb-9dd0-4356-a515-968277d78e2b', 'result': 0, 'body': {'errorDescription': 'uri来源错误', 'error': 'http uri source error', 'errorCode': '50101'}}
[INFO] 2016-04-19 22:10:36,230 ----------------------------以下为[print]信息----------------------------
[INFO] 2016-04-19 22:10:36,230 ----------------------------以下为[check]信息----------------------------
[INFO] 2016-04-19 22:10:36,230 [failed] returncode == 200
[INFO] 2016-04-19 22:10:36,230 [success] elapsed < 0.1
[INFO] 2016-04-19 22:11:15,363 ------------------------------以下为请求信息------------------------------
[INFO] 2016-04-19 22:11:15,363 ------------------------------以下为请求信息------------------------------
[INFO] 2016-04-19 22:11:15,363 [请求]发送验证码接口:http://121.43.101.211:8180/suime-user/m2/verification/send POST
[INFO] 2016-04-19 22:11:15,363 [请求]发送验证码接口:http://121.43.101.211:8180/suime-user/m2/verification/send POST
[INFO] 2016-04-19 22:11:15,363 [返回码]:404  响应时间:0.05
[INFO] 2016-04-19 22:11:15,363 [返回码]:404  响应时间:0.05
[INFO] 2016-04-19 22:11:15,363 [返回内容]:
[INFO] 2016-04-19 22:11:15,363 [返回内容]:
[INFO] 2016-04-19 22:11:15,363     {'rqid': '3-26-cbeb2e28-0a67-481e-baa0-343c8b780339', 'result': 0, 'body': {'errorDescription': 'uri来源错误', 'error': 'http uri source error', 'errorCode': '50101'}}
[INFO] 2016-04-19 22:11:15,363     {'rqid': '3-26-cbeb2e28-0a67-481e-baa0-343c8b780339', 'result': 0, 'body': {'errorDescription': 'uri来源错误', 'error': 'http uri source error', 'errorCode': '50101'}}
[INFO] 2016-04-19 22:11:15,363 ----------------------------以下为[print]信息----------------------------
[INFO] 2016-04-19 22:11:15,363 ----------------------------以下为[print]信息----------------------------
[INFO] 2016-04-19 22:11:15,363 ----------------------------以下为[check]信息----------------------------
[INFO] 2016-04-19 22:11:15,363 ----------------------------以下为[check]信息----------------------------
[INFO] 2016-04-19 22:11:15,363 [failed] returncode == 200
[INFO] 2016-04-19 22:11:15,363 [failed] returncode == 200
[INFO] 2016-04-19 22:11:15,363 [success] elapsed < 0.1
[INFO] 2016-04-19 22:11:15,363 [success] elapsed < 0.1
[INFO] 2016-04-19 22:12:19,409 ------------------------------以下为请求信息------------------------------
[INFO] 2016-04-19 22:12:19,409 ------------------------------以下为请求信息------------------------------
[INFO] 2016-04-19 22:12:19,409 ------------------------------以下为请求信息------------------------------
[INFO] 2016-04-19 22:12:19,409 [请求]发送验证码接口:http://121.43.101.211:8180/suime-user/m2/verification/send POST
[INFO] 2016-04-19 22:12:19,409 [请求]发送验证码接口:http://121.43.101.211:8180/suime-user/m2/verification/send POST
[INFO] 2016-04-19 22:12:19,409 [请求]发送验证码接口:http://121.43.101.211:8180/suime-user/m2/verification/send POST
[INFO] 2016-04-19 22:12:19,409 [返回码]:404  响应时间:0.05
[INFO] 2016-04-19 22:12:19,409 [返回码]:404  响应时间:0.05
[INFO] 2016-04-19 22:12:19,409 [返回码]:404  响应时间:0.05
[INFO] 2016-04-19 22:12:19,409 [返回内容]:
[INFO] 2016-04-19 22:12:19,409 [返回内容]:
[INFO] 2016-04-19 22:12:19,409 [返回内容]:
[INFO] 2016-04-19 22:12:19,409     {'rqid': '3-26-21c33025-f410-45b0-b4c1-3c878f42e663', 'result': 0, 'body': {'errorDescription': 'uri来源错误', 'error': 'http uri source error', 'errorCode': '50101'}}
[INFO] 2016-04-19 22:12:19,409     {'rqid': '3-26-21c33025-f410-45b0-b4c1-3c878f42e663', 'result': 0, 'body': {'errorDescription': 'uri来源错误', 'error': 'http uri source error', 'errorCode': '50101'}}
[INFO] 2016-04-19 22:12:19,409     {'rqid': '3-26-21c33025-f410-45b0-b4c1-3c878f42e663', 'result': 0, 'body': {'errorDescription': 'uri来源错误', 'error': 'http uri source error', 'errorCode': '50101'}}
[INFO] 2016-04-19 22:12:19,409 ----------------------------以下为[print]信息----------------------------
[INFO] 2016-04-19 22:12:19,409 ----------------------------以下为[print]信息----------------------------
[INFO] 2016-04-19 22:12:19,409 ----------------------------以下为[print]信息----------------------------
[INFO] 2016-04-19 22:12:19,409 ----------------------------以下为[check]信息----------------------------
[INFO] 2016-04-19 22:12:19,409 ----------------------------以下为[check]信息----------------------------
[INFO] 2016-04-19 22:12:19,409 ----------------------------以下为[check]信息----------------------------
[INFO] 2016-04-19 22:12:19,409 [failed] returncode == 200
[INFO] 2016-04-19 22:12:19,409 [failed] returncode == 200
[INFO] 2016-04-19 22:12:19,409 [failed] returncode == 200
[INFO] 2016-04-19 22:12:19,409 [success] elapsed < 0.1
[INFO] 2016-04-19 22:12:19,409 [success] elapsed < 0.1
[INFO] 2016-04-19 22:12:19,409 [success] elapsed < 0.1
[INFO] 2016-04-19 22:14:32,929 ------------------------------以下为请求信息------------------------------
[INFO] 2016-04-19 22:14:32,929 [请求]发送验证码接口:http://121.43.101.211:8180/suime-user/m2/verification/send POST
[INFO] 2016-04-19 22:14:32,929 [返回码]:404  响应时间:0.02
[INFO] 2016-04-19 22:14:32,929 [返回内容]:
[INFO] 2016-04-19 22:14:32,929     {'rqid': '3-26-9ea0d035-e1c4-4fe2-baa4-fcb8a8de4ad4', 'body': {'error': 'http uri source error', 'errorCode': '50101', 'errorDescription': 'uri来源错误'}, 'result': 0}
[INFO] 2016-04-19 22:14:32,929 ----------------------------以下为[print]信息----------------------------
[INFO] 2016-04-19 22:14:32,929 ----------------------------以下为[check]信息----------------------------
[INFO] 2016-04-19 22:14:32,929 [failed] returncode == 200
[INFO] 2016-04-19 22:14:32,929 [success] elapsed < 0.1
[INFO] 2016-04-19 22:15:19,357 ------------------------------以下为请求信息------------------------------
[INFO] 2016-04-19 22:15:19,357 [请求]发送验证码接口:http://121.43.101.211:8180/suime-user/m2/verification/send POST
[INFO] 2016-04-19 22:15:19,357 [返回码]:404  响应时间:0.03
[INFO] 2016-04-19 22:15:19,357 [返回内容]:
[INFO] 2016-04-19 22:15:19,357     {'body': {'error': 'http uri source error', 'errorDescription': 'uri来源错误', 'errorCode': '50101'}, 'rqid': '3-26-3524c1d4-f05f-4499-b8f9-e3c6541899e6', 'result': 0}
[INFO] 2016-04-19 22:15:19,357 ----------------------------以下为[print]信息----------------------------
[INFO] 2016-04-19 22:15:19,373 ----------------------------以下为[check]信息----------------------------
[INFO] 2016-04-19 22:15:19,373 [failed] returncode == 200
[INFO] 2016-04-19 22:15:19,373 [success] elapsed < 0.1
[INFO] 2016-04-19 22:26:42,952 ------------------------------以下为请求信息------------------------------
[INFO] 2016-04-19 22:26:42,952 [请求]发送验证码接口:http://121.43.101.211:8180/suime-user/m2/verification/send POST
[INFO] 2016-04-19 22:26:42,952 [返回码]:404  响应时间:0.11
[INFO] 2016-04-19 22:26:42,952 [返回内容]:
[INFO] 2016-04-19 22:26:42,952     {'body': {'errorDescription': 'uri来源错误', 'errorCode': '50101', 'error': 'http uri source error'}, 'rqid': '3-26-2cea86c6-5bf4-4703-9da7-e91b8b5a927d', 'result': 0}
[INFO] 2016-04-19 22:26:42,952 ----------------------------以下为[print]信息----------------------------
[INFO] 2016-04-19 22:26:42,952 ----------------------------以下为[check]信息----------------------------
[INFO] 2016-04-19 22:26:42,952 [failed] returncode == 200
[INFO] 2016-04-19 22:26:42,952 [failed] elapsed < 0.1
[INFO] 2016-04-19 22:27:38,439 ------------------------------以下为请求信息------------------------------
[INFO] 2016-04-19 22:27:38,439 [请求]发送验证码接口:http://121.43.101.211:8180/suime-user/m2/verification/send POST
[INFO] 2016-04-19 22:27:38,439 [返回码]:404  响应时间:0.05
[INFO] 2016-04-19 22:27:38,439 [返回内容]:
[INFO] 2016-04-19 22:27:38,439     {'rqid': '3-26-505e6b71-3f99-412e-a295-1358ae2c0999', 'result': 0, 'body': {'errorCode': '50101', 'error': 'http uri source error', 'errorDescription': 'uri来源错误'}}
[INFO] 2016-04-19 22:27:38,439 ----------------------------以下为[print]信息----------------------------
[INFO] 2016-04-19 22:27:38,439 ----------------------------以下为[check]信息----------------------------
[INFO] 2016-04-19 22:27:38,439 [failed] returncode == 200
[INFO] 2016-04-19 22:27:38,439 [success] elapsed < 0.1
[INFO] 2016-04-19 22:27:47,463 ------------------------------以下为请求信息------------------------------
[INFO] 2016-04-19 22:27:47,463 ------------------------------以下为请求信息------------------------------
[INFO] 2016-04-19 22:27:47,463 [请求]发送验证码接口:http://121.43.101.211:8180/suime-user/m2/verification/send POST
[INFO] 2016-04-19 22:27:47,463 [请求]发送验证码接口:http://121.43.101.211:8180/suime-user/m2/verification/send POST
[INFO] 2016-04-19 22:27:47,463 [返回码]:404  响应时间:0.03
[INFO] 2016-04-19 22:27:47,463 [返回码]:404  响应时间:0.03
[INFO] 2016-04-19 22:27:47,463 [返回内容]:
[INFO] 2016-04-19 22:27:47,463 [返回内容]:
[INFO] 2016-04-19 22:27:47,463     {'rqid': '3-26-4ce36906-f3f9-4834-9f70-968b9b9b4a08', 'result': 0, 'body': {'errorCode': '50101', 'error': 'http uri source error', 'errorDescription': 'uri来源错误'}}
[INFO] 2016-04-19 22:27:47,463     {'rqid': '3-26-4ce36906-f3f9-4834-9f70-968b9b9b4a08', 'result': 0, 'body': {'errorCode': '50101', 'error': 'http uri source error', 'errorDescription': 'uri来源错误'}}
[INFO] 2016-04-19 22:27:47,463 ----------------------------以下为[print]信息----------------------------
[INFO] 2016-04-19 22:27:47,463 ----------------------------以下为[print]信息----------------------------
[INFO] 2016-04-19 22:27:47,463 ----------------------------以下为[check]信息----------------------------
[INFO] 2016-04-19 22:27:47,463 ----------------------------以下为[check]信息----------------------------
[INFO] 2016-04-19 22:27:47,463 [failed] returncode == 200
[INFO] 2016-04-19 22:27:47,463 [failed] returncode == 200
[INFO] 2016-04-19 22:27:47,463 [success] elapsed < 0.1
[INFO] 2016-04-19 22:27:47,463 [success] elapsed < 0.1
[INFO] 2016-04-19 22:28:42,438 ------------------------------以下为请求信息------------------------------
[INFO] 2016-04-19 22:28:42,438 ------------------------------以下为请求信息------------------------------
[INFO] 2016-04-19 22:28:42,438 ------------------------------以下为请求信息------------------------------
[INFO] 2016-04-19 22:28:42,438 [请求]发送验证码接口:http://121.43.101.211:8180/suime-user/m2/verification/send POST
[INFO] 2016-04-19 22:28:42,438 [请求]发送验证码接口:http://121.43.101.211:8180/suime-user/m2/verification/send POST
[INFO] 2016-04-19 22:28:42,438 [请求]发送验证码接口:http://121.43.101.211:8180/suime-user/m2/verification/send POST
[INFO] 2016-04-19 22:28:42,438 [返回码]:404  响应时间:0.05
[INFO] 2016-04-19 22:28:42,438 [返回码]:404  响应时间:0.05
[INFO] 2016-04-19 22:28:42,438 [返回码]:404  响应时间:0.05
[INFO] 2016-04-19 22:28:42,438 [返回内容]:
[INFO] 2016-04-19 22:28:42,438 [返回内容]:
[INFO] 2016-04-19 22:28:42,438 [返回内容]:
[INFO] 2016-04-19 22:28:42,438     {'rqid': '3-26-abc9b3e3-60c0-45b0-819a-1e5881ba6b93', 'result': 0, 'body': {'errorCode': '50101', 'error': 'http uri source error', 'errorDescription': 'uri来源错误'}}
[INFO] 2016-04-19 22:28:42,438     {'rqid': '3-26-abc9b3e3-60c0-45b0-819a-1e5881ba6b93', 'result': 0, 'body': {'errorCode': '50101', 'error': 'http uri source error', 'errorDescription': 'uri来源错误'}}
[INFO] 2016-04-19 22:28:42,438     {'rqid': '3-26-abc9b3e3-60c0-45b0-819a-1e5881ba6b93', 'result': 0, 'body': {'errorCode': '50101', 'error': 'http uri source error', 'errorDescription': 'uri来源错误'}}
[INFO] 2016-04-19 22:28:42,438 ----------------------------以下为[print]信息----------------------------
[INFO] 2016-04-19 22:28:42,438 ----------------------------以下为[print]信息----------------------------
[INFO] 2016-04-19 22:28:42,438 ----------------------------以下为[print]信息----------------------------
[INFO] 2016-04-19 22:28:42,438 ----------------------------以下为[check]信息----------------------------
[INFO] 2016-04-19 22:28:42,438 ----------------------------以下为[check]信息----------------------------
[INFO] 2016-04-19 22:28:42,438 ----------------------------以下为[check]信息----------------------------
[INFO] 2016-04-19 22:28:42,438 [failed] returncode == 200
[INFO] 2016-04-19 22:28:42,438 [failed] returncode == 200
[INFO] 2016-04-19 22:28:42,438 [failed] returncode == 200
[INFO] 2016-04-19 22:28:42,438 [success] elapsed < 0.1
[INFO] 2016-04-19 22:28:42,438 [success] elapsed < 0.1
[INFO] 2016-04-19 22:28:42,438 [success] elapsed < 0.1
[INFO] 2016-04-19 22:29:10,543 ------------------------------以下为请求信息------------------------------
[INFO] 2016-04-19 22:29:10,543 [请求]发送验证码接口:http://121.43.101.211:8180/suime-user/m2/verification/send POST
[INFO] 2016-04-19 22:29:10,543 [返回码]:404  响应时间:0.03
[INFO] 2016-04-19 22:29:10,543 [返回内容]:
[INFO] 2016-04-19 22:29:10,543     {'rqid': '3-26-6018dabd-7da8-4765-930b-ddfc3ed5e22c', 'body': {'errorCode': '50101', 'errorDescription': 'uri来源错误', 'error': 'http uri source error'}, 'result': 0}
[INFO] 2016-04-19 22:29:10,543 ----------------------------以下为[print]信息----------------------------
[INFO] 2016-04-19 22:29:10,543 ----------------------------以下为[check]信息----------------------------
[INFO] 2016-04-19 22:29:10,543 [failed] returncode == 200
[INFO] 2016-04-19 22:29:10,543 [success] elapsed < 0.1
[INFO] 2016-04-19 22:30:18,308 ------------------------------以下为请求信息------------------------------
[INFO] 2016-04-19 22:30:18,308 [请求]发送验证码接口:http://121.43.101.211:8180/suime-user/m2/verification/send POST
[INFO] 2016-04-19 22:30:18,308 [返回码]:404  响应时间:0.04
[INFO] 2016-04-19 22:30:18,309 [返回内容]:
[INFO] 2016-04-19 22:30:18,309     {'body': {'error': 'http uri source error', 'errorDescription': 'uri来源错误', 'errorCode': '50101'}, 'result': 0, 'rqid': '3-26-f73230d2-6d6b-4f88-a7cb-c4e98d51bf17'}
[INFO] 2016-04-19 22:30:18,309 ----------------------------以下为[print]信息----------------------------
[INFO] 2016-04-19 22:30:18,309 ----------------------------以下为[check]信息----------------------------
[INFO] 2016-04-19 22:30:18,310 [failed] returncode == 200
[INFO] 2016-04-19 22:30:18,310 [success] elapsed < 0.1
[INFO] 2016-04-19 22:31:00,397 ------------------------------以下为请求信息------------------------------
[INFO] 2016-04-19 22:31:00,397 ------------------------------以下为请求信息------------------------------
[INFO] 2016-04-19 22:31:00,397 [请求]发送验证码接口:http://121.43.101.211:8180/suime-user/m2/verification/send POST
[INFO] 2016-04-19 22:31:00,397 [请求]发送验证码接口:http://121.43.101.211:8180/suime-user/m2/verification/send POST
[INFO] 2016-04-19 22:31:00,397 [返回码]:404  响应时间:0.02
[INFO] 2016-04-19 22:31:00,397 [返回码]:404  响应时间:0.02
[INFO] 2016-04-19 22:31:00,397 [返回内容]:
[INFO] 2016-04-19 22:31:00,397 [返回内容]:
[INFO] 2016-04-19 22:31:00,397     {'body': {'error': 'http uri source error', 'errorDescription': 'uri来源错误', 'errorCode': '50101'}, 'result': 0, 'rqid': '3-26-14932b8a-9274-4f2b-a966-b939ee0f84a2'}
[INFO] 2016-04-19 22:31:00,397     {'body': {'error': 'http uri source error', 'errorDescription': 'uri来源错误', 'errorCode': '50101'}, 'result': 0, 'rqid': '3-26-14932b8a-9274-4f2b-a966-b939ee0f84a2'}
[INFO] 2016-04-19 22:31:00,397 ----------------------------以下为[print]信息----------------------------
[INFO] 2016-04-19 22:31:00,397 ----------------------------以下为[print]信息----------------------------
[INFO] 2016-04-19 22:31:00,397 ----------------------------以下为[check]信息----------------------------
[INFO] 2016-04-19 22:31:00,397 ----------------------------以下为[check]信息----------------------------
[INFO] 2016-04-19 22:31:00,397 [failed] returncode == 200
[INFO] 2016-04-19 22:31:00,397 [failed] returncode == 200
[INFO] 2016-04-19 22:31:00,397 [success] elapsed < 0.1
[INFO] 2016-04-19 22:31:00,397 [success] elapsed < 0.1
[INFO] 2016-04-19 22:34:02,184 ------------------------------以下为请求信息------------------------------
[INFO] 2016-04-19 22:34:02,184 [请求]发送验证码接口:http://121.43.101.211:8180/suime-user/m2/verification/send POST
[INFO] 2016-04-19 22:34:02,184 [返回码]:404  响应时间:0.05
[INFO] 2016-04-19 22:34:02,184 [返回内容]:
[INFO] 2016-04-19 22:34:02,184     {'rqid': '3-26-e7576782-279b-49a3-aff5-a434a60171f8', 'result': 0, 'body': {'error': 'http uri source error', 'errorCode': '50101', 'errorDescription': 'uri来源错误'}}
[INFO] 2016-04-19 22:34:02,184 ----------------------------以下为[print]信息----------------------------
[INFO] 2016-04-19 22:34:02,184 ----------------------------以下为[check]信息----------------------------
[INFO] 2016-04-19 22:34:02,184 [failed] returncode == 200
[INFO] 2016-04-19 22:34:02,184 [success] elapsed < 0.1
[INFO] 2016-04-19 22:34:32,397 ------------------------------以下为请求信息------------------------------
[INFO] 2016-04-19 22:34:32,397 [请求]发送验证码接口:http://121.43.101.211:8180/suime-user/m2/verification/send POST
[INFO] 2016-04-19 22:34:32,397 [返回码]:404  响应时间:0.06
[INFO] 2016-04-19 22:34:32,397 [返回内容]:
[INFO] 2016-04-19 22:34:32,397     {'result': 0, 'body': {'error': 'http uri source error', 'errorCode': '50101', 'errorDescription': 'uri来源错误'}, 'rqid': '3-26-648bee29-2eac-415d-8894-9af6106a48db'}
[INFO] 2016-04-19 22:34:32,397 ----------------------------以下为[print]信息----------------------------
[INFO] 2016-04-19 22:34:32,397 ----------------------------以下为[check]信息----------------------------
[INFO] 2016-04-19 22:34:32,397 [failed] returncode == 200
[INFO] 2016-04-19 22:34:32,397 [success] elapsed < 0.1
[INFO] 2016-04-19 22:36:24,913 ------------------------------以下为请求信息------------------------------
[INFO] 2016-04-19 22:36:24,913 [请求]发送验证码接口:http://121.43.101.211:8180/suime-user/m2/verification/send POST
[INFO] 2016-04-19 22:36:24,913 [返回码]:404  响应时间:0.02
[INFO] 2016-04-19 22:36:24,913 [返回内容]:
[INFO] 2016-04-19 22:36:24,913     {'body': {'error': 'http uri source error', 'errorCode': '50101', 'errorDescription': 'uri来源错误'}, 'rqid': '3-26-5168c702-eec5-4583-8efa-831971036fe1', 'result': 0}
[INFO] 2016-04-19 22:36:24,913 ----------------------------以下为[print]信息----------------------------
[INFO] 2016-04-19 22:36:24,913 ----------------------------以下为[check]信息----------------------------
[INFO] 2016-04-19 22:36:24,913 [failed] returncode == 200
[INFO] 2016-04-19 22:36:24,913 [success] elapsed < 0.1
[INFO] 2016-04-19 22:36:55,625 ------------------------------以下为请求信息------------------------------
[INFO] 2016-04-19 22:36:55,625 [请求]发送验证码接口:http://121.43.101.211:8180/suime-user/m2/verification/send POST
[INFO] 2016-04-19 22:36:55,625 [返回码]:404  响应时间:0.04
[INFO] 2016-04-19 22:36:55,625 [返回内容]:
[INFO] 2016-04-19 22:36:55,625     {'body': {'errorDescription': 'uri来源错误', 'errorCode': '50101', 'error': 'http uri source error'}, 'rqid': '3-26-97b35dba-0b46-451e-ad3f-9d39e880c3ac', 'result': 0}
[INFO] 2016-04-19 22:36:55,625 ----------------------------以下为[print]信息----------------------------
[INFO] 2016-04-19 22:36:55,625 ----------------------------以下为[check]信息----------------------------
[INFO] 2016-04-19 22:36:55,625 [failed] returncode == 200
[INFO] 2016-04-19 22:36:55,625 [success] elapsed < 0.1
[INFO] 2016-04-19 22:40:21,266 ------------------------------以下为请求信息------------------------------
[INFO] 2016-04-19 22:40:21,266 [请求]发送验证码接口:http://121.43.101.211:8180/suime-user/m2/verification/send POST
[INFO] 2016-04-19 22:40:21,266 [返回码]:404  响应时间:0.03
[INFO] 2016-04-19 22:40:21,266 [返回内容]:
[INFO] 2016-04-19 22:40:21,266     {'rqid': '3-26-f02f2c8d-3282-4645-a442-b697ec8c8688', 'body': {'errorDescription': 'uri来源错误', 'errorCode': '50101', 'error': 'http uri source error'}, 'result': 0}
[INFO] 2016-04-19 22:40:21,266 ----------------------------以下为[print]信息----------------------------
[INFO] 2016-04-19 22:40:21,266 ----------------------------以下为[check]信息----------------------------
[INFO] 2016-04-19 22:40:21,266 [failed] returncode == 200
[INFO] 2016-04-19 22:40:21,266 [success] elapsed < 0.1
