[INFO] 2016-03-19 17:08:21,839 ------------------------------以下为请求信息------------------------------
[INFO] 2016-03-19 17:08:21,839 [请求]发送验证码接口:http://121.43.101.211:8180/suime-user/m2/verification/send POST
[INFO] 2016-03-19 17:08:21,839 [返回码]:404  响应时间:0.04
[INFO] 2016-03-19 17:08:21,840 [返回内容]:
[INFO] 2016-03-19 17:08:21,840     {'body': {'errorDescription': 'uri来源错误', 'errorCode': '50101', 'error': 'http uri source error'}, 'rqid': '3-26-2e027149-9572-4319-8baa-cf7e3f626f08', 'result': 0}
[INFO] 2016-03-19 17:08:21,840 ----------------------------以下为[print]信息----------------------------
[INFO] 2016-03-19 17:08:21,846 ----------------------------以下为[check]信息----------------------------
[INFO] 2016-03-19 17:08:21,846 [failed] returncode == 200
[INFO] 2016-03-19 17:08:21,846 [success] elapsed < 0.1
[INFO] 2016-03-19 17:10:08,248 ------------------------------以下为请求信息------------------------------
[INFO] 2016-03-19 17:10:08,248 [请求]发送验证码接口:http://121.43.101.211:8180/suime-user/m2/verification/send POST
[INFO] 2016-03-19 17:10:08,249 [返回码]:404  响应时间:0.03
[INFO] 2016-03-19 17:10:08,249 [返回内容]:
[INFO] 2016-03-19 17:10:08,249     {'result': 0, 'body': {'errorDescription': 'uri来源错误', 'errorCode': '50101', 'error': 'http uri source error'}, 'rqid': '3-26-b45f8038-d400-47ef-9d61-b97ebef45ad9'}
[INFO] 2016-03-19 17:10:08,249 ----------------------------以下为[print]信息----------------------------
[INFO] 2016-03-19 17:10:08,249 ----------------------------以下为[check]信息----------------------------
[INFO] 2016-03-19 17:10:08,249 [failed] returncode == 200
[INFO] 2016-03-19 17:10:08,249 [success] elapsed < 0.1
[INFO] 2016-03-19 17:10:34,407 ------------------------------以下为请求信息------------------------------
[INFO] 2016-03-19 17:10:34,408 [请求]发送验证码接口:http://121.43.101.211:8180/suime-user/m2/verification/send POST
[INFO] 2016-03-19 17:10:34,408 [返回码]:404  响应时间:0.14
[INFO] 2016-03-19 17:10:34,408 [返回内容]:
[INFO] 2016-03-19 17:10:34,408     {'body': {'error': 'http uri source error', 'errorCode': '50101', 'errorDescription': 'uri来源错误'}, 'result': 0, 'rqid': '3-26-7ade58c7-e28d-4e24-af83-f68c94591a75'}
[INFO] 2016-03-19 17:10:34,409 ----------------------------以下为[print]信息----------------------------
[INFO] 2016-03-19 17:10:34,409 ----------------------------以下为[check]信息----------------------------
[INFO] 2016-03-19 17:10:34,409 [failed] returncode == 200
[INFO] 2016-03-19 17:10:34,409 [failed] elapsed < 0.1
[INFO] 2016-03-19 17:11:42,643 ------------------------------以下为请求信息------------------------------
[INFO] 2016-03-19 17:11:42,643 [请求]发送验证码接口:http://121.43.101.211:8180/suime-user/m2/verification/send POST
[INFO] 2016-03-19 17:11:42,644 [返回码]:404  响应时间:0.06
[INFO] 2016-03-19 17:11:42,644 [返回内容]:
[INFO] 2016-03-19 17:11:42,644     {'rqid': '3-26-b7e2134a-0718-4948-9950-55fb06994f9b', 'body': {'error': 'http uri source error', 'errorDescription': 'uri来源错误', 'errorCode': '50101'}, 'result': 0}
[INFO] 2016-03-19 17:11:42,644 ----------------------------以下为[print]信息----------------------------
[INFO] 2016-03-19 17:11:42,645 ----------------------------以下为[check]信息----------------------------
[INFO] 2016-03-19 17:11:42,645 [failed] returncode == 200
[INFO] 2016-03-19 17:11:42,645 [success] elapsed < 0.1
[INFO] 2016-03-19 17:12:28,517 ------------------------------以下为请求信息------------------------------
[INFO] 2016-03-19 17:12:28,517 [请求]发送验证码接口:http://121.43.101.211:8180/suime-user/m2/verification/send POST
[INFO] 2016-03-19 17:12:28,518 [返回码]:404  响应时间:0.25
[INFO] 2016-03-19 17:12:28,518 [返回内容]:
[INFO] 2016-03-19 17:12:28,518     {'rqid': '3-26-e6de18c6-c51a-4e73-9e76-c2b7225e2106', 'body': {'errorCode': '50101', 'errorDescription': 'uri来源错误', 'error': 'http uri source error'}, 'result': 0}
[INFO] 2016-03-19 17:12:28,518 ----------------------------以下为[print]信息----------------------------
[INFO] 2016-03-19 17:12:28,518 ----------------------------以下为[check]信息----------------------------
[INFO] 2016-03-19 17:12:28,518 [failed] returncode == 200
[INFO] 2016-03-19 17:12:28,518 [failed] elapsed < 0.1
[INFO] 2016-03-19 17:17:09,193 ------------------------------以下为请求信息------------------------------
[INFO] 2016-03-19 17:17:09,193 [请求]发送验证码接口:http://121.43.101.211:8180/suime-user/m2/verification/send POST
[INFO] 2016-03-19 17:17:09,193 [返回码]:404  响应时间:0.04
[INFO] 2016-03-19 17:17:09,193 [返回内容]:
[INFO] 2016-03-19 17:17:09,194     {'rqid': '3-26-956ab6f3-8151-4928-946a-48c62b1bd328', 'result': 0, 'body': {'error': 'http uri source error', 'errorCode': '50101', 'errorDescription': 'uri来源错误'}}
[INFO] 2016-03-19 17:17:09,194 ----------------------------以下为[print]信息----------------------------
[INFO] 2016-03-19 17:17:09,194 ----------------------------以下为[check]信息----------------------------
[INFO] 2016-03-19 17:17:09,194 [failed] returncode == 200
[INFO] 2016-03-19 17:17:09,194 [success] elapsed < 0.1
[INFO] 2016-03-19 17:19:14,269 ------------------------------以下为请求信息------------------------------
[INFO] 2016-03-19 17:19:14,269 [请求]发送验证码接口:http://121.43.101.211:8180/suime-user/m2/verification/send POST
[INFO] 2016-03-19 17:19:14,269 [返回码]:404  响应时间:0.03
[INFO] 2016-03-19 17:19:14,269 [返回内容]:
[INFO] 2016-03-19 17:19:14,270     {'rqid': '3-26-1ca91b54-28c3-4694-8c0c-534e94c04bb9', 'body': {'errorCode': '50101', 'error': 'http uri source error', 'errorDescription': 'uri来源错误'}, 'result': 0}
[INFO] 2016-03-19 17:19:14,270 ----------------------------以下为[print]信息----------------------------
[INFO] 2016-03-19 17:19:14,270 ----------------------------以下为[check]信息----------------------------
[INFO] 2016-03-19 17:19:14,270 [failed] returncode == 200
[INFO] 2016-03-19 17:19:14,270 [success] elapsed < 0.1
[INFO] 2016-03-19 17:19:27,605 ------------------------------以下为请求信息------------------------------
[INFO] 2016-03-19 17:19:27,605 [请求]发送验证码接口:http://121.43.101.211:8180/suime-user/m2/verification/send POST
[INFO] 2016-03-19 17:19:27,605 [返回码]:404  响应时间:0.02
[INFO] 2016-03-19 17:19:27,605 [返回内容]:
[INFO] 2016-03-19 17:19:27,605     {'result': 0, 'body': {'error': 'http uri source error', 'errorDescription': 'uri来源错误', 'errorCode': '50101'}, 'rqid': '3-26-6ee7b584-d71d-4de6-b6d8-9bd07427a86b'}
[INFO] 2016-03-19 17:19:27,605 ----------------------------以下为[print]信息----------------------------
[INFO] 2016-03-19 17:19:27,605 ----------------------------以下为[check]信息----------------------------
[INFO] 2016-03-19 17:19:27,605 [failed] returncode == 200
[INFO] 2016-03-19 17:19:27,605 [success] elapsed < 0.1
[INFO] 2016-03-19 17:19:43,540 ------------------------------以下为请求信息------------------------------
[INFO] 2016-03-19 17:19:43,540 [请求]发送验证码接口:http://121.43.101.211:8180/suime-user/m2/verification/send POST
[INFO] 2016-03-19 17:19:43,540 [返回码]:404  响应时间:0.03
[INFO] 2016-03-19 17:19:43,541 [返回内容]:
[INFO] 2016-03-19 17:19:43,541     {'rqid': '3-26-9401abf0-c979-4b34-82f7-eb426907173e', 'result': 0, 'body': {'error': 'http uri source error', 'errorCode': '50101', 'errorDescription': 'uri来源错误'}}
[INFO] 2016-03-19 17:19:43,541 ----------------------------以下为[print]信息----------------------------
[INFO] 2016-03-19 17:19:43,541 ----------------------------以下为[check]信息----------------------------
[INFO] 2016-03-19 17:19:43,541 [failed] returncode == 200
[INFO] 2016-03-19 17:19:43,541 [success] elapsed < 0.1
[INFO] 2016-03-19 17:21:45,007 ------------------------------以下为请求信息------------------------------
[INFO] 2016-03-19 17:21:45,007 ------------------------------以下为请求信息------------------------------
[INFO] 2016-03-19 17:21:45,008 [请求]发送验证码接口:http://121.43.101.211:8180/suime-user/m2/verification/send POST
[INFO] 2016-03-19 17:21:45,008 [请求]发送验证码接口:http://121.43.101.211:8180/suime-user/m2/verification/send POST
[INFO] 2016-03-19 17:21:45,008 [返回码]:404  响应时间:0.03
[INFO] 2016-03-19 17:21:45,008 [返回码]:404  响应时间:0.03
[INFO] 2016-03-19 17:21:45,008 [返回内容]:
[INFO] 2016-03-19 17:21:45,008 [返回内容]:
[INFO] 2016-03-19 17:21:45,008     {'rqid': '3-26-8af53f66-9c38-47db-917c-1b4bab8b9c5f', 'result': 0, 'body': {'error': 'http uri source error', 'errorCode': '50101', 'errorDescription': 'uri来源错误'}}
[INFO] 2016-03-19 17:21:45,008     {'rqid': '3-26-8af53f66-9c38-47db-917c-1b4bab8b9c5f', 'result': 0, 'body': {'error': 'http uri source error', 'errorCode': '50101', 'errorDescription': 'uri来源错误'}}
[INFO] 2016-03-19 17:21:45,009 ----------------------------以下为[print]信息----------------------------
[INFO] 2016-03-19 17:21:45,009 ----------------------------以下为[print]信息----------------------------
[INFO] 2016-03-19 17:21:45,009 ----------------------------以下为[check]信息----------------------------
[INFO] 2016-03-19 17:21:45,009 ----------------------------以下为[check]信息----------------------------
[INFO] 2016-03-19 17:21:45,009 [failed] returncode == 200
[INFO] 2016-03-19 17:21:45,009 [failed] returncode == 200
[INFO] 2016-03-19 17:21:45,009 [success] elapsed < 0.1
[INFO] 2016-03-19 17:21:45,009 [success] elapsed < 0.1
