[INFO] 2016-03-19 17:05:29,008 ------------------------------以下为请求信息------------------------------
[INFO] 2016-03-19 17:05:29,008 [请求]登录接口:http://121.43.101.211:8180/suime-user/student/login POST
[INFO] 2016-03-19 17:05:29,016 [返回码]:500  响应时间:0.05
[INFO] 2016-03-19 17:05:29,016 [返回内容]:
[INFO] 2016-03-19 17:05:29,017     <html><head><title>Apache Tomcat/7.0.65 - Error report</title><style><!--H1 {font-family:Tahoma,Arial,sans-serif;color:white;background-color:#525D76;font-size:22px;} H2 {font-family:Tahoma,Arial,sans-serif;color:white;background-color:#525D76;font-size:16px;} H3 {font-family:Tahoma,Arial,sans-serif;color:white;background-color:#525D76;font-size:14px;} BODY {font-family:Tahoma,Arial,sans-serif;color:black;background-color:white;} B {font-family:Tahoma,Arial,sans-serif;color:white;background-color:#525D76;} P {font-family:Tahoma,Arial,sans-serif;background:white;color:black;font-size:12px;}A {color : black;}A.name {color : black;}HR {color : #525D76;}--></style> </head><body><h1>HTTP Status 500 - Filtered request failed.</h1><HR size="1" noshade="noshade"><p><b>type</b> Exception report</p><p><b>message</b> <u>Filtered request failed.</u></p><p><b>description</b> <u>The server encountered an internal error that prevented it from fulfilling this request.</u></p><p><b>exception</b> <pre>javax.servlet.ServletException: Filtered request failed.
	org.apache.shiro.web.servlet.AbstractShiroFilter.doFilterInternal(AbstractShiroFilter.java:384)
	org.apache.shiro.web.servlet.OncePerRequestFilter.doFilter(OncePerRequestFilter.java:125)
	org.springframework.web.filter.DelegatingFilterProxy.invokeDelegate(DelegatingFilterProxy.java:346)
	org.springframework.web.filter.DelegatingFilterProxy.doFilter(DelegatingFilterProxy.java:262)
	org.springframework.web.filter.CharacterEncodingFilter.doFilterInternal(CharacterEncodingFilter.java:85)
	org.springframework.web.filter.OncePerRequestFilter.doFilter(OncePerRequestFilter.java:107)
	com.confucian.framework.web.filter.LogFilter.doFilter(LogFilter.java:47)
</pre></p><p><b>root cause</b> <pre>java.lang.NullPointerException
	me.sui.user.servlet.LoginServlet.doPost(LoginServlet.java:66)
	javax.servlet.http.HttpServlet.service(HttpServlet.java:650)
	javax.servlet.http.HttpServlet.service(HttpServlet.java:731)
	org.apache.tomcat.websocket.server.WsFilter.doFilter(WsFilter.java:52)
	org.apache.shiro.web.servlet.AbstractShiroFilter.executeChain(AbstractShiroFilter.java:449)
	org.apache.shiro.web.servlet.AbstractShiroFilter$1.call(AbstractShiroFilter.java:365)
	org.apache.shiro.subject.support.SubjectCallable.doCall(SubjectCallable.java:90)
	org.apache.shiro.subject.support.SubjectCallable.call(SubjectCallable.java:83)
	org.apache.shiro.subject.support.DelegatingSubject.execute(DelegatingSubject.java:383)
	org.apache.shiro.web.servlet.AbstractShiroFilter.doFilterInternal(AbstractShiroFilter.java:362)
	org.apache.shiro.web.servlet.OncePerRequestFilter.doFilter(OncePerRequestFilter.java:125)
	org.springframework.web.filter.DelegatingFilterProxy.invokeDelegate(DelegatingFilterProxy.java:346)
	org.springframework.web.filter.DelegatingFilterProxy.doFilter(DelegatingFilterProxy.java:262)
	org.springframework.web.filter.CharacterEncodingFilter.doFilterInternal(CharacterEncodingFilter.java:85)
	org.springframework.web.filter.OncePerRequestFilter.doFilter(OncePerRequestFilter.java:107)
	com.confucian.framework.web.filter.LogFilter.doFilter(LogFilter.java:47)
</pre></p><p><b>note</b> <u>The full stack trace of the root cause is available in the Apache Tomcat/7.0.65 logs.</u></p><HR size="1" noshade="noshade"><h3>Apache Tomcat/7.0.65</h3></body></html>
[INFO] 2016-03-19 17:05:29,017 ----------------------------以下为[print]信息----------------------------
[INFO] 2016-03-19 17:05:29,018 ['_ResponseObj__initialize', '__class__', '__delattr__', '__dict__', '__dir__', '__doc__', '__eq__', '__format__', '__ge__', '__getattribute__', '__gt__', '__hash__', '__init__', '__le__', '__lt__', '__module__', '__ne__', '__new__', '__reduce__', '__reduce_ex__', '__repr__', '__setattr__', '__sizeof__', '__str__', '__subclasshook__', '__weakref__', '_currentnode', 'cookies', 'data', 'elapsed', 'errorMsg', 'headers', 'name', 'returncode', 'success', 'url']
[INFO] 2016-03-19 17:05:29,018 ----------------------------以下为[check]信息----------------------------
[INFO] 2016-03-19 17:05:29,018 [failed] returncode == 200
[INFO] 2016-03-19 17:05:29,018 [success] elapsed < 0.1
[INFO] 2016-03-19 17:06:36,608 ------------------------------以下为请求信息------------------------------
[INFO] 2016-03-19 17:06:36,608 [请求]登录接口:http://121.43.101.211:8180/suime-user/student/login POST
[INFO] 2016-03-19 17:06:36,608 [返回码]:500  响应时间:0.03
[INFO] 2016-03-19 17:06:36,609 [返回内容]:
[INFO] 2016-03-19 17:06:36,609     <html><head><title>Apache Tomcat/7.0.65 - Error report</title><style><!--H1 {font-family:Tahoma,Arial,sans-serif;color:white;background-color:#525D76;font-size:22px;} H2 {font-family:Tahoma,Arial,sans-serif;color:white;background-color:#525D76;font-size:16px;} H3 {font-family:Tahoma,Arial,sans-serif;color:white;background-color:#525D76;font-size:14px;} BODY {font-family:Tahoma,Arial,sans-serif;color:black;background-color:white;} B {font-family:Tahoma,Arial,sans-serif;color:white;background-color:#525D76;} P {font-family:Tahoma,Arial,sans-serif;background:white;color:black;font-size:12px;}A {color : black;}A.name {color : black;}HR {color : #525D76;}--></style> </head><body><h1>HTTP Status 500 - Filtered request failed.</h1><HR size="1" noshade="noshade"><p><b>type</b> Exception report</p><p><b>message</b> <u>Filtered request failed.</u></p><p><b>description</b> <u>The server encountered an internal error that prevented it from fulfilling this request.</u></p><p><b>exception</b> <pre>javax.servlet.ServletException: Filtered request failed.
	org.apache.shiro.web.servlet.AbstractShiroFilter.doFilterInternal(AbstractShiroFilter.java:384)
	org.apache.shiro.web.servlet.OncePerRequestFilter.doFilter(OncePerRequestFilter.java:125)
	org.springframework.web.filter.DelegatingFilterProxy.invokeDelegate(DelegatingFilterProxy.java:346)
	org.springframework.web.filter.DelegatingFilterProxy.doFilter(DelegatingFilterProxy.java:262)
	org.springframework.web.filter.CharacterEncodingFilter.doFilterInternal(CharacterEncodingFilter.java:85)
	org.springframework.web.filter.OncePerRequestFilter.doFilter(OncePerRequestFilter.java:107)
	com.confucian.framework.web.filter.LogFilter.doFilter(LogFilter.java:47)
</pre></p><p><b>root cause</b> <pre>java.lang.NullPointerException
	me.sui.user.servlet.LoginServlet.doPost(LoginServlet.java:66)
	javax.servlet.http.HttpServlet.service(HttpServlet.java:650)
	javax.servlet.http.HttpServlet.service(HttpServlet.java:731)
	org.apache.tomcat.websocket.server.WsFilter.doFilter(WsFilter.java:52)
	org.apache.shiro.web.servlet.AbstractShiroFilter.executeChain(AbstractShiroFilter.java:449)
	org.apache.shiro.web.servlet.AbstractShiroFilter$1.call(AbstractShiroFilter.java:365)
	org.apache.shiro.subject.support.SubjectCallable.doCall(SubjectCallable.java:90)
	org.apache.shiro.subject.support.SubjectCallable.call(SubjectCallable.java:83)
	org.apache.shiro.subject.support.DelegatingSubject.execute(DelegatingSubject.java:383)
	org.apache.shiro.web.servlet.AbstractShiroFilter.doFilterInternal(AbstractShiroFilter.java:362)
	org.apache.shiro.web.servlet.OncePerRequestFilter.doFilter(OncePerRequestFilter.java:125)
	org.springframework.web.filter.DelegatingFilterProxy.invokeDelegate(DelegatingFilterProxy.java:346)
	org.springframework.web.filter.DelegatingFilterProxy.doFilter(DelegatingFilterProxy.java:262)
	org.springframework.web.filter.CharacterEncodingFilter.doFilterInternal(CharacterEncodingFilter.java:85)
	org.springframework.web.filter.OncePerRequestFilter.doFilter(OncePerRequestFilter.java:107)
	com.confucian.framework.web.filter.LogFilter.doFilter(LogFilter.java:47)
</pre></p><p><b>note</b> <u>The full stack trace of the root cause is available in the Apache Tomcat/7.0.65 logs.</u></p><HR size="1" noshade="noshade"><h3>Apache Tomcat/7.0.65</h3></body></html>
[INFO] 2016-03-19 17:06:36,609 ----------------------------以下为[print]信息----------------------------
[INFO] 2016-03-19 17:06:36,609 ['_ResponseObj__initialize', '__class__', '__delattr__', '__dict__', '__dir__', '__doc__', '__eq__', '__format__', '__ge__', '__getattribute__', '__gt__', '__hash__', '__init__', '__le__', '__lt__', '__module__', '__ne__', '__new__', '__reduce__', '__reduce_ex__', '__repr__', '__setattr__', '__sizeof__', '__str__', '__subclasshook__', '__weakref__', '_currentnode', 'cookies', 'data', 'elapsed', 'errorMsg', 'headers', 'name', 'returncode', 'success', 'url']
[INFO] 2016-03-19 17:06:36,609 ----------------------------以下为[check]信息----------------------------
[INFO] 2016-03-19 17:06:36,609 [failed] returncode == 200
[INFO] 2016-03-19 17:06:36,610 [success] elapsed < 0.1
[INFO] 2016-03-19 17:07:10,108 ------------------------------以下为请求信息------------------------------
[INFO] 2016-03-19 17:07:10,109 [请求]登录接口:http://121.43.101.211:8180/suime-user/student/login POST
[INFO] 2016-03-19 17:07:10,109 [返回码]:500  响应时间:0.14
[INFO] 2016-03-19 17:07:10,110 [返回内容]:
[INFO] 2016-03-19 17:07:10,110     <html><head><title>Apache Tomcat/7.0.65 - Error report</title><style><!--H1 {font-family:Tahoma,Arial,sans-serif;color:white;background-color:#525D76;font-size:22px;} H2 {font-family:Tahoma,Arial,sans-serif;color:white;background-color:#525D76;font-size:16px;} H3 {font-family:Tahoma,Arial,sans-serif;color:white;background-color:#525D76;font-size:14px;} BODY {font-family:Tahoma,Arial,sans-serif;color:black;background-color:white;} B {font-family:Tahoma,Arial,sans-serif;color:white;background-color:#525D76;} P {font-family:Tahoma,Arial,sans-serif;background:white;color:black;font-size:12px;}A {color : black;}A.name {color : black;}HR {color : #525D76;}--></style> </head><body><h1>HTTP Status 500 - Filtered request failed.</h1><HR size="1" noshade="noshade"><p><b>type</b> Exception report</p><p><b>message</b> <u>Filtered request failed.</u></p><p><b>description</b> <u>The server encountered an internal error that prevented it from fulfilling this request.</u></p><p><b>exception</b> <pre>javax.servlet.ServletException: Filtered request failed.
	org.apache.shiro.web.servlet.AbstractShiroFilter.doFilterInternal(AbstractShiroFilter.java:384)
	org.apache.shiro.web.servlet.OncePerRequestFilter.doFilter(OncePerRequestFilter.java:125)
	org.springframework.web.filter.DelegatingFilterProxy.invokeDelegate(DelegatingFilterProxy.java:346)
	org.springframework.web.filter.DelegatingFilterProxy.doFilter(DelegatingFilterProxy.java:262)
	org.springframework.web.filter.CharacterEncodingFilter.doFilterInternal(CharacterEncodingFilter.java:85)
	org.springframework.web.filter.OncePerRequestFilter.doFilter(OncePerRequestFilter.java:107)
	com.confucian.framework.web.filter.LogFilter.doFilter(LogFilter.java:47)
</pre></p><p><b>root cause</b> <pre>java.lang.NullPointerException
	me.sui.user.servlet.LoginServlet.doPost(LoginServlet.java:66)
	javax.servlet.http.HttpServlet.service(HttpServlet.java:650)
	javax.servlet.http.HttpServlet.service(HttpServlet.java:731)
	org.apache.tomcat.websocket.server.WsFilter.doFilter(WsFilter.java:52)
	org.apache.shiro.web.servlet.AbstractShiroFilter.executeChain(AbstractShiroFilter.java:449)
	org.apache.shiro.web.servlet.AbstractShiroFilter$1.call(AbstractShiroFilter.java:365)
	org.apache.shiro.subject.support.SubjectCallable.doCall(SubjectCallable.java:90)
	org.apache.shiro.subject.support.SubjectCallable.call(SubjectCallable.java:83)
	org.apache.shiro.subject.support.DelegatingSubject.execute(DelegatingSubject.java:383)
	org.apache.shiro.web.servlet.AbstractShiroFilter.doFilterInternal(AbstractShiroFilter.java:362)
	org.apache.shiro.web.servlet.OncePerRequestFilter.doFilter(OncePerRequestFilter.java:125)
	org.springframework.web.filter.DelegatingFilterProxy.invokeDelegate(DelegatingFilterProxy.java:346)
	org.springframework.web.filter.DelegatingFilterProxy.doFilter(DelegatingFilterProxy.java:262)
	org.springframework.web.filter.CharacterEncodingFilter.doFilterInternal(CharacterEncodingFilter.java:85)
	org.springframework.web.filter.OncePerRequestFilter.doFilter(OncePerRequestFilter.java:107)
	com.confucian.framework.web.filter.LogFilter.doFilter(LogFilter.java:47)
</pre></p><p><b>note</b> <u>The full stack trace of the root cause is available in the Apache Tomcat/7.0.65 logs.</u></p><HR size="1" noshade="noshade"><h3>Apache Tomcat/7.0.65</h3></body></html>
[INFO] 2016-03-19 17:07:10,110 ----------------------------以下为[print]信息----------------------------
[INFO] 2016-03-19 17:07:10,111 ['_ResponseObj__initialize', '__class__', '__delattr__', '__dict__', '__dir__', '__doc__', '__eq__', '__format__', '__ge__', '__getattribute__', '__gt__', '__hash__', '__init__', '__le__', '__lt__', '__module__', '__ne__', '__new__', '__reduce__', '__reduce_ex__', '__repr__', '__setattr__', '__sizeof__', '__str__', '__subclasshook__', '__weakref__', '_currentnode', 'cookies', 'data', 'elapsed', 'errorMsg', 'headers', 'name', 'returncode', 'success', 'url']
[INFO] 2016-03-19 17:07:10,111 ----------------------------以下为[check]信息----------------------------
[INFO] 2016-03-19 17:07:10,112 [failed] returncode == 200
[INFO] 2016-03-19 17:07:10,112 [failed] elapsed < 0.1
[INFO] 2016-03-19 17:08:21,433 ------------------------------以下为请求信息------------------------------
[INFO] 2016-03-19 17:08:21,434 [请求]登录接口:http://121.43.101.211:8180/suime-user/student/login POST
[INFO] 2016-03-19 17:08:21,434 [返回码]:500  响应时间:0.03
[INFO] 2016-03-19 17:08:21,434 [返回内容]:
[INFO] 2016-03-19 17:08:21,434     <html><head><title>Apache Tomcat/7.0.65 - Error report</title><style><!--H1 {font-family:Tahoma,Arial,sans-serif;color:white;background-color:#525D76;font-size:22px;} H2 {font-family:Tahoma,Arial,sans-serif;color:white;background-color:#525D76;font-size:16px;} H3 {font-family:Tahoma,Arial,sans-serif;color:white;background-color:#525D76;font-size:14px;} BODY {font-family:Tahoma,Arial,sans-serif;color:black;background-color:white;} B {font-family:Tahoma,Arial,sans-serif;color:white;background-color:#525D76;} P {font-family:Tahoma,Arial,sans-serif;background:white;color:black;font-size:12px;}A {color : black;}A.name {color : black;}HR {color : #525D76;}--></style> </head><body><h1>HTTP Status 500 - Filtered request failed.</h1><HR size="1" noshade="noshade"><p><b>type</b> Exception report</p><p><b>message</b> <u>Filtered request failed.</u></p><p><b>description</b> <u>The server encountered an internal error that prevented it from fulfilling this request.</u></p><p><b>exception</b> <pre>javax.servlet.ServletException: Filtered request failed.
	org.apache.shiro.web.servlet.AbstractShiroFilter.doFilterInternal(AbstractShiroFilter.java:384)
	org.apache.shiro.web.servlet.OncePerRequestFilter.doFilter(OncePerRequestFilter.java:125)
	org.springframework.web.filter.DelegatingFilterProxy.invokeDelegate(DelegatingFilterProxy.java:346)
	org.springframework.web.filter.DelegatingFilterProxy.doFilter(DelegatingFilterProxy.java:262)
	org.springframework.web.filter.CharacterEncodingFilter.doFilterInternal(CharacterEncodingFilter.java:85)
	org.springframework.web.filter.OncePerRequestFilter.doFilter(OncePerRequestFilter.java:107)
	com.confucian.framework.web.filter.LogFilter.doFilter(LogFilter.java:47)
</pre></p><p><b>root cause</b> <pre>java.lang.NullPointerException
	me.sui.user.servlet.LoginServlet.doPost(LoginServlet.java:66)
	javax.servlet.http.HttpServlet.service(HttpServlet.java:650)
	javax.servlet.http.HttpServlet.service(HttpServlet.java:731)
	org.apache.tomcat.websocket.server.WsFilter.doFilter(WsFilter.java:52)
	org.apache.shiro.web.servlet.AbstractShiroFilter.executeChain(AbstractShiroFilter.java:449)
	org.apache.shiro.web.servlet.AbstractShiroFilter$1.call(AbstractShiroFilter.java:365)
	org.apache.shiro.subject.support.SubjectCallable.doCall(SubjectCallable.java:90)
	org.apache.shiro.subject.support.SubjectCallable.call(SubjectCallable.java:83)
	org.apache.shiro.subject.support.DelegatingSubject.execute(DelegatingSubject.java:383)
	org.apache.shiro.web.servlet.AbstractShiroFilter.doFilterInternal(AbstractShiroFilter.java:362)
	org.apache.shiro.web.servlet.OncePerRequestFilter.doFilter(OncePerRequestFilter.java:125)
	org.springframework.web.filter.DelegatingFilterProxy.invokeDelegate(DelegatingFilterProxy.java:346)
	org.springframework.web.filter.DelegatingFilterProxy.doFilter(DelegatingFilterProxy.java:262)
	org.springframework.web.filter.CharacterEncodingFilter.doFilterInternal(CharacterEncodingFilter.java:85)
	org.springframework.web.filter.OncePerRequestFilter.doFilter(OncePerRequestFilter.java:107)
	com.confucian.framework.web.filter.LogFilter.doFilter(LogFilter.java:47)
</pre></p><p><b>note</b> <u>The full stack trace of the root cause is available in the Apache Tomcat/7.0.65 logs.</u></p><HR size="1" noshade="noshade"><h3>Apache Tomcat/7.0.65</h3></body></html>
[INFO] 2016-03-19 17:08:21,434 ----------------------------以下为[print]信息----------------------------
[INFO] 2016-03-19 17:08:21,435 ['_ResponseObj__initialize', '__class__', '__delattr__', '__dict__', '__dir__', '__doc__', '__eq__', '__format__', '__ge__', '__getattribute__', '__gt__', '__hash__', '__init__', '__le__', '__lt__', '__module__', '__ne__', '__new__', '__reduce__', '__reduce_ex__', '__repr__', '__setattr__', '__sizeof__', '__str__', '__subclasshook__', '__weakref__', '_currentnode', 'cookies', 'data', 'elapsed', 'errorMsg', 'headers', 'name', 'returncode', 'success', 'url']
[INFO] 2016-03-19 17:08:21,435 ----------------------------以下为[check]信息----------------------------
[INFO] 2016-03-19 17:08:21,435 [failed] returncode == 200
[INFO] 2016-03-19 17:08:21,435 [success] elapsed < 0.1
[INFO] 2016-03-19 17:10:07,748 ------------------------------以下为请求信息------------------------------
[INFO] 2016-03-19 17:10:07,748 [请求]登录接口:http://121.43.101.211:8180/suime-user/student/login POST
[INFO] 2016-03-19 17:10:07,748 [返回码]:500  响应时间:0.03
[INFO] 2016-03-19 17:10:07,748 [返回内容]:
[INFO] 2016-03-19 17:10:07,749     <html><head><title>Apache Tomcat/7.0.65 - Error report</title><style><!--H1 {font-family:Tahoma,Arial,sans-serif;color:white;background-color:#525D76;font-size:22px;} H2 {font-family:Tahoma,Arial,sans-serif;color:white;background-color:#525D76;font-size:16px;} H3 {font-family:Tahoma,Arial,sans-serif;color:white;background-color:#525D76;font-size:14px;} BODY {font-family:Tahoma,Arial,sans-serif;color:black;background-color:white;} B {font-family:Tahoma,Arial,sans-serif;color:white;background-color:#525D76;} P {font-family:Tahoma,Arial,sans-serif;background:white;color:black;font-size:12px;}A {color : black;}A.name {color : black;}HR {color : #525D76;}--></style> </head><body><h1>HTTP Status 500 - Filtered request failed.</h1><HR size="1" noshade="noshade"><p><b>type</b> Exception report</p><p><b>message</b> <u>Filtered request failed.</u></p><p><b>description</b> <u>The server encountered an internal error that prevented it from fulfilling this request.</u></p><p><b>exception</b> <pre>javax.servlet.ServletException: Filtered request failed.
	org.apache.shiro.web.servlet.AbstractShiroFilter.doFilterInternal(AbstractShiroFilter.java:384)
	org.apache.shiro.web.servlet.OncePerRequestFilter.doFilter(OncePerRequestFilter.java:125)
	org.springframework.web.filter.DelegatingFilterProxy.invokeDelegate(DelegatingFilterProxy.java:346)
	org.springframework.web.filter.DelegatingFilterProxy.doFilter(DelegatingFilterProxy.java:262)
	org.springframework.web.filter.CharacterEncodingFilter.doFilterInternal(CharacterEncodingFilter.java:85)
	org.springframework.web.filter.OncePerRequestFilter.doFilter(OncePerRequestFilter.java:107)
	com.confucian.framework.web.filter.LogFilter.doFilter(LogFilter.java:47)
</pre></p><p><b>root cause</b> <pre>java.lang.NullPointerException
	me.sui.user.servlet.LoginServlet.doPost(LoginServlet.java:66)
	javax.servlet.http.HttpServlet.service(HttpServlet.java:650)
	javax.servlet.http.HttpServlet.service(HttpServlet.java:731)
	org.apache.tomcat.websocket.server.WsFilter.doFilter(WsFilter.java:52)
	org.apache.shiro.web.servlet.AbstractShiroFilter.executeChain(AbstractShiroFilter.java:449)
	org.apache.shiro.web.servlet.AbstractShiroFilter$1.call(AbstractShiroFilter.java:365)
	org.apache.shiro.subject.support.SubjectCallable.doCall(SubjectCallable.java:90)
	org.apache.shiro.subject.support.SubjectCallable.call(SubjectCallable.java:83)
	org.apache.shiro.subject.support.DelegatingSubject.execute(DelegatingSubject.java:383)
	org.apache.shiro.web.servlet.AbstractShiroFilter.doFilterInternal(AbstractShiroFilter.java:362)
	org.apache.shiro.web.servlet.OncePerRequestFilter.doFilter(OncePerRequestFilter.java:125)
	org.springframework.web.filter.DelegatingFilterProxy.invokeDelegate(DelegatingFilterProxy.java:346)
	org.springframework.web.filter.DelegatingFilterProxy.doFilter(DelegatingFilterProxy.java:262)
	org.springframework.web.filter.CharacterEncodingFilter.doFilterInternal(CharacterEncodingFilter.java:85)
	org.springframework.web.filter.OncePerRequestFilter.doFilter(OncePerRequestFilter.java:107)
	com.confucian.framework.web.filter.LogFilter.doFilter(LogFilter.java:47)
</pre></p><p><b>note</b> <u>The full stack trace of the root cause is available in the Apache Tomcat/7.0.65 logs.</u></p><HR size="1" noshade="noshade"><h3>Apache Tomcat/7.0.65</h3></body></html>
[INFO] 2016-03-19 17:10:07,749 ----------------------------以下为[print]信息----------------------------
[INFO] 2016-03-19 17:10:07,749 ['_ResponseObj__initialize', '__class__', '__delattr__', '__dict__', '__dir__', '__doc__', '__eq__', '__format__', '__ge__', '__getattribute__', '__gt__', '__hash__', '__init__', '__le__', '__lt__', '__module__', '__ne__', '__new__', '__reduce__', '__reduce_ex__', '__repr__', '__setattr__', '__sizeof__', '__str__', '__subclasshook__', '__weakref__', '_currentnode', 'cookies', 'data', 'elapsed', 'errorMsg', 'headers', 'name', 'returncode', 'success', 'url']
[INFO] 2016-03-19 17:10:07,749 ----------------------------以下为[check]信息----------------------------
[INFO] 2016-03-19 17:10:07,749 [failed] returncode == 200
[INFO] 2016-03-19 17:10:07,750 [success] elapsed < 0.1
[INFO] 2016-03-19 17:10:33,066 ------------------------------以下为请求信息------------------------------
[INFO] 2016-03-19 17:10:33,066 [请求]登录接口:http://121.43.101.211:8180/suime-user/student/login POST
[INFO] 2016-03-19 17:10:33,067 [返回码]:500  响应时间:0.03
[INFO] 2016-03-19 17:10:33,067 [返回内容]:
[INFO] 2016-03-19 17:10:33,067     <html><head><title>Apache Tomcat/7.0.65 - Error report</title><style><!--H1 {font-family:Tahoma,Arial,sans-serif;color:white;background-color:#525D76;font-size:22px;} H2 {font-family:Tahoma,Arial,sans-serif;color:white;background-color:#525D76;font-size:16px;} H3 {font-family:Tahoma,Arial,sans-serif;color:white;background-color:#525D76;font-size:14px;} BODY {font-family:Tahoma,Arial,sans-serif;color:black;background-color:white;} B {font-family:Tahoma,Arial,sans-serif;color:white;background-color:#525D76;} P {font-family:Tahoma,Arial,sans-serif;background:white;color:black;font-size:12px;}A {color : black;}A.name {color : black;}HR {color : #525D76;}--></style> </head><body><h1>HTTP Status 500 - Filtered request failed.</h1><HR size="1" noshade="noshade"><p><b>type</b> Exception report</p><p><b>message</b> <u>Filtered request failed.</u></p><p><b>description</b> <u>The server encountered an internal error that prevented it from fulfilling this request.</u></p><p><b>exception</b> <pre>javax.servlet.ServletException: Filtered request failed.
	org.apache.shiro.web.servlet.AbstractShiroFilter.doFilterInternal(AbstractShiroFilter.java:384)
	org.apache.shiro.web.servlet.OncePerRequestFilter.doFilter(OncePerRequestFilter.java:125)
	org.springframework.web.filter.DelegatingFilterProxy.invokeDelegate(DelegatingFilterProxy.java:346)
	org.springframework.web.filter.DelegatingFilterProxy.doFilter(DelegatingFilterProxy.java:262)
	org.springframework.web.filter.CharacterEncodingFilter.doFilterInternal(CharacterEncodingFilter.java:85)
	org.springframework.web.filter.OncePerRequestFilter.doFilter(OncePerRequestFilter.java:107)
	com.confucian.framework.web.filter.LogFilter.doFilter(LogFilter.java:47)
</pre></p><p><b>root cause</b> <pre>java.lang.NullPointerException
	me.sui.user.servlet.LoginServlet.doPost(LoginServlet.java:66)
	javax.servlet.http.HttpServlet.service(HttpServlet.java:650)
	javax.servlet.http.HttpServlet.service(HttpServlet.java:731)
	org.apache.tomcat.websocket.server.WsFilter.doFilter(WsFilter.java:52)
	org.apache.shiro.web.servlet.AbstractShiroFilter.executeChain(AbstractShiroFilter.java:449)
	org.apache.shiro.web.servlet.AbstractShiroFilter$1.call(AbstractShiroFilter.java:365)
	org.apache.shiro.subject.support.SubjectCallable.doCall(SubjectCallable.java:90)
	org.apache.shiro.subject.support.SubjectCallable.call(SubjectCallable.java:83)
	org.apache.shiro.subject.support.DelegatingSubject.execute(DelegatingSubject.java:383)
	org.apache.shiro.web.servlet.AbstractShiroFilter.doFilterInternal(AbstractShiroFilter.java:362)
	org.apache.shiro.web.servlet.OncePerRequestFilter.doFilter(OncePerRequestFilter.java:125)
	org.springframework.web.filter.DelegatingFilterProxy.invokeDelegate(DelegatingFilterProxy.java:346)
	org.springframework.web.filter.DelegatingFilterProxy.doFilter(DelegatingFilterProxy.java:262)
	org.springframework.web.filter.CharacterEncodingFilter.doFilterInternal(CharacterEncodingFilter.java:85)
	org.springframework.web.filter.OncePerRequestFilter.doFilter(OncePerRequestFilter.java:107)
	com.confucian.framework.web.filter.LogFilter.doFilter(LogFilter.java:47)
</pre></p><p><b>note</b> <u>The full stack trace of the root cause is available in the Apache Tomcat/7.0.65 logs.</u></p><HR size="1" noshade="noshade"><h3>Apache Tomcat/7.0.65</h3></body></html>
[INFO] 2016-03-19 17:10:33,067 ----------------------------以下为[print]信息----------------------------
[INFO] 2016-03-19 17:10:33,067 ['_ResponseObj__initialize', '__class__', '__delattr__', '__dict__', '__dir__', '__doc__', '__eq__', '__format__', '__ge__', '__getattribute__', '__gt__', '__hash__', '__init__', '__le__', '__lt__', '__module__', '__ne__', '__new__', '__reduce__', '__reduce_ex__', '__repr__', '__setattr__', '__sizeof__', '__str__', '__subclasshook__', '__weakref__', '_currentnode', 'cookies', 'data', 'elapsed', 'errorMsg', 'headers', 'name', 'returncode', 'success', 'url']
[INFO] 2016-03-19 17:10:33,067 ----------------------------以下为[check]信息----------------------------
[INFO] 2016-03-19 17:10:33,067 [failed] returncode == 200
[INFO] 2016-03-19 17:10:33,067 [success] elapsed < 0.1
[INFO] 2016-03-19 17:11:42,389 ------------------------------以下为请求信息------------------------------
[INFO] 2016-03-19 17:11:42,389 [请求]登录接口:http://121.43.101.211:8180/suime-user/student/login POST
[INFO] 2016-03-19 17:11:42,391 [返回码]:500  响应时间:0.25
[INFO] 2016-03-19 17:11:42,391 [返回内容]:
[INFO] 2016-03-19 17:11:42,391     <html><head><title>Apache Tomcat/7.0.65 - Error report</title><style><!--H1 {font-family:Tahoma,Arial,sans-serif;color:white;background-color:#525D76;font-size:22px;} H2 {font-family:Tahoma,Arial,sans-serif;color:white;background-color:#525D76;font-size:16px;} H3 {font-family:Tahoma,Arial,sans-serif;color:white;background-color:#525D76;font-size:14px;} BODY {font-family:Tahoma,Arial,sans-serif;color:black;background-color:white;} B {font-family:Tahoma,Arial,sans-serif;color:white;background-color:#525D76;} P {font-family:Tahoma,Arial,sans-serif;background:white;color:black;font-size:12px;}A {color : black;}A.name {color : black;}HR {color : #525D76;}--></style> </head><body><h1>HTTP Status 500 - Filtered request failed.</h1><HR size="1" noshade="noshade"><p><b>type</b> Exception report</p><p><b>message</b> <u>Filtered request failed.</u></p><p><b>description</b> <u>The server encountered an internal error that prevented it from fulfilling this request.</u></p><p><b>exception</b> <pre>javax.servlet.ServletException: Filtered request failed.
	org.apache.shiro.web.servlet.AbstractShiroFilter.doFilterInternal(AbstractShiroFilter.java:384)
	org.apache.shiro.web.servlet.OncePerRequestFilter.doFilter(OncePerRequestFilter.java:125)
	org.springframework.web.filter.DelegatingFilterProxy.invokeDelegate(DelegatingFilterProxy.java:346)
	org.springframework.web.filter.DelegatingFilterProxy.doFilter(DelegatingFilterProxy.java:262)
	org.springframework.web.filter.CharacterEncodingFilter.doFilterInternal(CharacterEncodingFilter.java:85)
	org.springframework.web.filter.OncePerRequestFilter.doFilter(OncePerRequestFilter.java:107)
	com.confucian.framework.web.filter.LogFilter.doFilter(LogFilter.java:47)
</pre></p><p><b>root cause</b> <pre>java.lang.NullPointerException
	me.sui.user.servlet.LoginServlet.doPost(LoginServlet.java:66)
	javax.servlet.http.HttpServlet.service(HttpServlet.java:650)
	javax.servlet.http.HttpServlet.service(HttpServlet.java:731)
	org.apache.tomcat.websocket.server.WsFilter.doFilter(WsFilter.java:52)
	org.apache.shiro.web.servlet.AbstractShiroFilter.executeChain(AbstractShiroFilter.java:449)
	org.apache.shiro.web.servlet.AbstractShiroFilter$1.call(AbstractShiroFilter.java:365)
	org.apache.shiro.subject.support.SubjectCallable.doCall(SubjectCallable.java:90)
	org.apache.shiro.subject.support.SubjectCallable.call(SubjectCallable.java:83)
	org.apache.shiro.subject.support.DelegatingSubject.execute(DelegatingSubject.java:383)
	org.apache.shiro.web.servlet.AbstractShiroFilter.doFilterInternal(AbstractShiroFilter.java:362)
	org.apache.shiro.web.servlet.OncePerRequestFilter.doFilter(OncePerRequestFilter.java:125)
	org.springframework.web.filter.DelegatingFilterProxy.invokeDelegate(DelegatingFilterProxy.java:346)
	org.springframework.web.filter.DelegatingFilterProxy.doFilter(DelegatingFilterProxy.java:262)
	org.springframework.web.filter.CharacterEncodingFilter.doFilterInternal(CharacterEncodingFilter.java:85)
	org.springframework.web.filter.OncePerRequestFilter.doFilter(OncePerRequestFilter.java:107)
	com.confucian.framework.web.filter.LogFilter.doFilter(LogFilter.java:47)
</pre></p><p><b>note</b> <u>The full stack trace of the root cause is available in the Apache Tomcat/7.0.65 logs.</u></p><HR size="1" noshade="noshade"><h3>Apache Tomcat/7.0.65</h3></body></html>
[INFO] 2016-03-19 17:11:42,392 ----------------------------以下为[print]信息----------------------------
[INFO] 2016-03-19 17:11:42,393 ['_ResponseObj__initialize', '__class__', '__delattr__', '__dict__', '__dir__', '__doc__', '__eq__', '__format__', '__ge__', '__getattribute__', '__gt__', '__hash__', '__init__', '__le__', '__lt__', '__module__', '__ne__', '__new__', '__reduce__', '__reduce_ex__', '__repr__', '__setattr__', '__sizeof__', '__str__', '__subclasshook__', '__weakref__', '_currentnode', 'cookies', 'data', 'elapsed', 'errorMsg', 'headers', 'name', 'returncode', 'success', 'url']
[INFO] 2016-03-19 17:11:42,393 ----------------------------以下为[check]信息----------------------------
[INFO] 2016-03-19 17:11:42,394 [failed] returncode == 200
[INFO] 2016-03-19 17:11:42,394 [failed] elapsed < 0.1
[INFO] 2016-03-19 17:12:26,889 ------------------------------以下为请求信息------------------------------
[INFO] 2016-03-19 17:12:26,890 [请求]登录接口:http://121.43.101.211:8180/suime-user/student/login POST
[INFO] 2016-03-19 17:12:26,891 [返回码]:500  响应时间:0.5
[INFO] 2016-03-19 17:12:26,892 [返回内容]:
[INFO] 2016-03-19 17:12:26,892     <html><head><title>Apache Tomcat/7.0.65 - Error report</title><style><!--H1 {font-family:Tahoma,Arial,sans-serif;color:white;background-color:#525D76;font-size:22px;} H2 {font-family:Tahoma,Arial,sans-serif;color:white;background-color:#525D76;font-size:16px;} H3 {font-family:Tahoma,Arial,sans-serif;color:white;background-color:#525D76;font-size:14px;} BODY {font-family:Tahoma,Arial,sans-serif;color:black;background-color:white;} B {font-family:Tahoma,Arial,sans-serif;color:white;background-color:#525D76;} P {font-family:Tahoma,Arial,sans-serif;background:white;color:black;font-size:12px;}A {color : black;}A.name {color : black;}HR {color : #525D76;}--></style> </head><body><h1>HTTP Status 500 - Filtered request failed.</h1><HR size="1" noshade="noshade"><p><b>type</b> Exception report</p><p><b>message</b> <u>Filtered request failed.</u></p><p><b>description</b> <u>The server encountered an internal error that prevented it from fulfilling this request.</u></p><p><b>exception</b> <pre>javax.servlet.ServletException: Filtered request failed.
	org.apache.shiro.web.servlet.AbstractShiroFilter.doFilterInternal(AbstractShiroFilter.java:384)
	org.apache.shiro.web.servlet.OncePerRequestFilter.doFilter(OncePerRequestFilter.java:125)
	org.springframework.web.filter.DelegatingFilterProxy.invokeDelegate(DelegatingFilterProxy.java:346)
	org.springframework.web.filter.DelegatingFilterProxy.doFilter(DelegatingFilterProxy.java:262)
	org.springframework.web.filter.CharacterEncodingFilter.doFilterInternal(CharacterEncodingFilter.java:85)
	org.springframework.web.filter.OncePerRequestFilter.doFilter(OncePerRequestFilter.java:107)
	com.confucian.framework.web.filter.LogFilter.doFilter(LogFilter.java:47)
</pre></p><p><b>root cause</b> <pre>java.lang.NullPointerException
	me.sui.user.servlet.LoginServlet.doPost(LoginServlet.java:66)
	javax.servlet.http.HttpServlet.service(HttpServlet.java:650)
	javax.servlet.http.HttpServlet.service(HttpServlet.java:731)
	org.apache.tomcat.websocket.server.WsFilter.doFilter(WsFilter.java:52)
	org.apache.shiro.web.servlet.AbstractShiroFilter.executeChain(AbstractShiroFilter.java:449)
	org.apache.shiro.web.servlet.AbstractShiroFilter$1.call(AbstractShiroFilter.java:365)
	org.apache.shiro.subject.support.SubjectCallable.doCall(SubjectCallable.java:90)
	org.apache.shiro.subject.support.SubjectCallable.call(SubjectCallable.java:83)
	org.apache.shiro.subject.support.DelegatingSubject.execute(DelegatingSubject.java:383)
	org.apache.shiro.web.servlet.AbstractShiroFilter.doFilterInternal(AbstractShiroFilter.java:362)
	org.apache.shiro.web.servlet.OncePerRequestFilter.doFilter(OncePerRequestFilter.java:125)
	org.springframework.web.filter.DelegatingFilterProxy.invokeDelegate(DelegatingFilterProxy.java:346)
	org.springframework.web.filter.DelegatingFilterProxy.doFilter(DelegatingFilterProxy.java:262)
	org.springframework.web.filter.CharacterEncodingFilter.doFilterInternal(CharacterEncodingFilter.java:85)
	org.springframework.web.filter.OncePerRequestFilter.doFilter(OncePerRequestFilter.java:107)
	com.confucian.framework.web.filter.LogFilter.doFilter(LogFilter.java:47)
</pre></p><p><b>note</b> <u>The full stack trace of the root cause is available in the Apache Tomcat/7.0.65 logs.</u></p><HR size="1" noshade="noshade"><h3>Apache Tomcat/7.0.65</h3></body></html>
[INFO] 2016-03-19 17:12:26,892 ----------------------------以下为[print]信息----------------------------
[INFO] 2016-03-19 17:12:26,893 ['_ResponseObj__initialize', '__class__', '__delattr__', '__dict__', '__dir__', '__doc__', '__eq__', '__format__', '__ge__', '__getattribute__', '__gt__', '__hash__', '__init__', '__le__', '__lt__', '__module__', '__ne__', '__new__', '__reduce__', '__reduce_ex__', '__repr__', '__setattr__', '__sizeof__', '__str__', '__subclasshook__', '__weakref__', '_currentnode', 'cookies', 'data', 'elapsed', 'errorMsg', 'headers', 'name', 'returncode', 'success', 'url']
[INFO] 2016-03-19 17:12:26,893 ----------------------------以下为[check]信息----------------------------
[INFO] 2016-03-19 17:12:26,893 [failed] returncode == 200
[INFO] 2016-03-19 17:12:26,893 [failed] elapsed < 0.1
[INFO] 2016-03-19 17:17:08,956 ------------------------------以下为请求信息------------------------------
[INFO] 2016-03-19 17:17:08,956 [请求]登录接口:http://121.43.101.211:8180/suime-user/student/login POST
[INFO] 2016-03-19 17:17:08,956 [返回码]:500  响应时间:0.21
[INFO] 2016-03-19 17:17:08,957 [返回内容]:
[INFO] 2016-03-19 17:17:08,957     <html><head><title>Apache Tomcat/7.0.65 - Error report</title><style><!--H1 {font-family:Tahoma,Arial,sans-serif;color:white;background-color:#525D76;font-size:22px;} H2 {font-family:Tahoma,Arial,sans-serif;color:white;background-color:#525D76;font-size:16px;} H3 {font-family:Tahoma,Arial,sans-serif;color:white;background-color:#525D76;font-size:14px;} BODY {font-family:Tahoma,Arial,sans-serif;color:black;background-color:white;} B {font-family:Tahoma,Arial,sans-serif;color:white;background-color:#525D76;} P {font-family:Tahoma,Arial,sans-serif;background:white;color:black;font-size:12px;}A {color : black;}A.name {color : black;}HR {color : #525D76;}--></style> </head><body><h1>HTTP Status 500 - Filtered request failed.</h1><HR size="1" noshade="noshade"><p><b>type</b> Exception report</p><p><b>message</b> <u>Filtered request failed.</u></p><p><b>description</b> <u>The server encountered an internal error that prevented it from fulfilling this request.</u></p><p><b>exception</b> <pre>javax.servlet.ServletException: Filtered request failed.
	org.apache.shiro.web.servlet.AbstractShiroFilter.doFilterInternal(AbstractShiroFilter.java:384)
	org.apache.shiro.web.servlet.OncePerRequestFilter.doFilter(OncePerRequestFilter.java:125)
	org.springframework.web.filter.DelegatingFilterProxy.invokeDelegate(DelegatingFilterProxy.java:346)
	org.springframework.web.filter.DelegatingFilterProxy.doFilter(DelegatingFilterProxy.java:262)
	org.springframework.web.filter.CharacterEncodingFilter.doFilterInternal(CharacterEncodingFilter.java:85)
	org.springframework.web.filter.OncePerRequestFilter.doFilter(OncePerRequestFilter.java:107)
	com.confucian.framework.web.filter.LogFilter.doFilter(LogFilter.java:47)
</pre></p><p><b>root cause</b> <pre>java.lang.NullPointerException
	me.sui.user.servlet.LoginServlet.doPost(LoginServlet.java:66)
	javax.servlet.http.HttpServlet.service(HttpServlet.java:650)
	javax.servlet.http.HttpServlet.service(HttpServlet.java:731)
	org.apache.tomcat.websocket.server.WsFilter.doFilter(WsFilter.java:52)
	org.apache.shiro.web.servlet.AbstractShiroFilter.executeChain(AbstractShiroFilter.java:449)
	org.apache.shiro.web.servlet.AbstractShiroFilter$1.call(AbstractShiroFilter.java:365)
	org.apache.shiro.subject.support.SubjectCallable.doCall(SubjectCallable.java:90)
	org.apache.shiro.subject.support.SubjectCallable.call(SubjectCallable.java:83)
	org.apache.shiro.subject.support.DelegatingSubject.execute(DelegatingSubject.java:383)
	org.apache.shiro.web.servlet.AbstractShiroFilter.doFilterInternal(AbstractShiroFilter.java:362)
	org.apache.shiro.web.servlet.OncePerRequestFilter.doFilter(OncePerRequestFilter.java:125)
	org.springframework.web.filter.DelegatingFilterProxy.invokeDelegate(DelegatingFilterProxy.java:346)
	org.springframework.web.filter.DelegatingFilterProxy.doFilter(DelegatingFilterProxy.java:262)
	org.springframework.web.filter.CharacterEncodingFilter.doFilterInternal(CharacterEncodingFilter.java:85)
	org.springframework.web.filter.OncePerRequestFilter.doFilter(OncePerRequestFilter.java:107)
	com.confucian.framework.web.filter.LogFilter.doFilter(LogFilter.java:47)
</pre></p><p><b>note</b> <u>The full stack trace of the root cause is available in the Apache Tomcat/7.0.65 logs.</u></p><HR size="1" noshade="noshade"><h3>Apache Tomcat/7.0.65</h3></body></html>
[INFO] 2016-03-19 17:17:08,957 ----------------------------以下为[print]信息----------------------------
[INFO] 2016-03-19 17:17:08,957 ['_ResponseObj__initialize', '__class__', '__delattr__', '__dict__', '__dir__', '__doc__', '__eq__', '__format__', '__ge__', '__getattribute__', '__gt__', '__hash__', '__init__', '__le__', '__lt__', '__module__', '__ne__', '__new__', '__reduce__', '__reduce_ex__', '__repr__', '__setattr__', '__sizeof__', '__str__', '__subclasshook__', '__weakref__', '_currentnode', 'cookies', 'data', 'elapsed', 'errorMsg', 'headers', 'name', 'returncode', 'success', 'url']
[INFO] 2016-03-19 17:17:08,958 ----------------------------以下为[check]信息----------------------------
[INFO] 2016-03-19 17:17:08,958 [failed] returncode == 200
[INFO] 2016-03-19 17:17:08,958 [failed] elapsed < 0.1
[INFO] 2016-03-19 17:19:14,053 ------------------------------以下为请求信息------------------------------
[INFO] 2016-03-19 17:19:14,053 [请求]登录接口:http://121.43.101.211:8180/suime-user/student/login POST
[INFO] 2016-03-19 17:19:14,053 [返回码]:500  响应时间:0.03
[INFO] 2016-03-19 17:19:14,053 [返回内容]:
[INFO] 2016-03-19 17:19:14,053     <html><head><title>Apache Tomcat/7.0.65 - Error report</title><style><!--H1 {font-family:Tahoma,Arial,sans-serif;color:white;background-color:#525D76;font-size:22px;} H2 {font-family:Tahoma,Arial,sans-serif;color:white;background-color:#525D76;font-size:16px;} H3 {font-family:Tahoma,Arial,sans-serif;color:white;background-color:#525D76;font-size:14px;} BODY {font-family:Tahoma,Arial,sans-serif;color:black;background-color:white;} B {font-family:Tahoma,Arial,sans-serif;color:white;background-color:#525D76;} P {font-family:Tahoma,Arial,sans-serif;background:white;color:black;font-size:12px;}A {color : black;}A.name {color : black;}HR {color : #525D76;}--></style> </head><body><h1>HTTP Status 500 - Filtered request failed.</h1><HR size="1" noshade="noshade"><p><b>type</b> Exception report</p><p><b>message</b> <u>Filtered request failed.</u></p><p><b>description</b> <u>The server encountered an internal error that prevented it from fulfilling this request.</u></p><p><b>exception</b> <pre>javax.servlet.ServletException: Filtered request failed.
	org.apache.shiro.web.servlet.AbstractShiroFilter.doFilterInternal(AbstractShiroFilter.java:384)
	org.apache.shiro.web.servlet.OncePerRequestFilter.doFilter(OncePerRequestFilter.java:125)
	org.springframework.web.filter.DelegatingFilterProxy.invokeDelegate(DelegatingFilterProxy.java:346)
	org.springframework.web.filter.DelegatingFilterProxy.doFilter(DelegatingFilterProxy.java:262)
	org.springframework.web.filter.CharacterEncodingFilter.doFilterInternal(CharacterEncodingFilter.java:85)
	org.springframework.web.filter.OncePerRequestFilter.doFilter(OncePerRequestFilter.java:107)
	com.confucian.framework.web.filter.LogFilter.doFilter(LogFilter.java:47)
</pre></p><p><b>root cause</b> <pre>java.lang.NullPointerException
	me.sui.user.servlet.LoginServlet.doPost(LoginServlet.java:66)
	javax.servlet.http.HttpServlet.service(HttpServlet.java:650)
	javax.servlet.http.HttpServlet.service(HttpServlet.java:731)
	org.apache.tomcat.websocket.server.WsFilter.doFilter(WsFilter.java:52)
	org.apache.shiro.web.servlet.AbstractShiroFilter.executeChain(AbstractShiroFilter.java:449)
	org.apache.shiro.web.servlet.AbstractShiroFilter$1.call(AbstractShiroFilter.java:365)
	org.apache.shiro.subject.support.SubjectCallable.doCall(SubjectCallable.java:90)
	org.apache.shiro.subject.support.SubjectCallable.call(SubjectCallable.java:83)
	org.apache.shiro.subject.support.DelegatingSubject.execute(DelegatingSubject.java:383)
	org.apache.shiro.web.servlet.AbstractShiroFilter.doFilterInternal(AbstractShiroFilter.java:362)
	org.apache.shiro.web.servlet.OncePerRequestFilter.doFilter(OncePerRequestFilter.java:125)
	org.springframework.web.filter.DelegatingFilterProxy.invokeDelegate(DelegatingFilterProxy.java:346)
	org.springframework.web.filter.DelegatingFilterProxy.doFilter(DelegatingFilterProxy.java:262)
	org.springframework.web.filter.CharacterEncodingFilter.doFilterInternal(CharacterEncodingFilter.java:85)
	org.springframework.web.filter.OncePerRequestFilter.doFilter(OncePerRequestFilter.java:107)
	com.confucian.framework.web.filter.LogFilter.doFilter(LogFilter.java:47)
</pre></p><p><b>note</b> <u>The full stack trace of the root cause is available in the Apache Tomcat/7.0.65 logs.</u></p><HR size="1" noshade="noshade"><h3>Apache Tomcat/7.0.65</h3></body></html>
[INFO] 2016-03-19 17:19:14,053 ----------------------------以下为[print]信息----------------------------
[INFO] 2016-03-19 17:19:14,053 ['_ResponseObj__initialize', '__class__', '__delattr__', '__dict__', '__dir__', '__doc__', '__eq__', '__format__', '__ge__', '__getattribute__', '__gt__', '__hash__', '__init__', '__le__', '__lt__', '__module__', '__ne__', '__new__', '__reduce__', '__reduce_ex__', '__repr__', '__setattr__', '__sizeof__', '__str__', '__subclasshook__', '__weakref__', '_currentnode', 'cookies', 'data', 'elapsed', 'errorMsg', 'headers', 'name', 'returncode', 'success', 'url']
[INFO] 2016-03-19 17:19:14,054 ----------------------------以下为[check]信息----------------------------
[INFO] 2016-03-19 17:19:14,054 [failed] returncode == 200
[INFO] 2016-03-19 17:19:14,054 [success] elapsed < 0.1
[INFO] 2016-03-19 17:19:27,392 ------------------------------以下为请求信息------------------------------
[INFO] 2016-03-19 17:19:27,392 [请求]登录接口:http://121.43.101.211:8180/suime-user/student/login POST
[INFO] 2016-03-19 17:19:27,392 [返回码]:500  响应时间:0.03
[INFO] 2016-03-19 17:19:27,393 [返回内容]:
[INFO] 2016-03-19 17:19:27,393     <html><head><title>Apache Tomcat/7.0.65 - Error report</title><style><!--H1 {font-family:Tahoma,Arial,sans-serif;color:white;background-color:#525D76;font-size:22px;} H2 {font-family:Tahoma,Arial,sans-serif;color:white;background-color:#525D76;font-size:16px;} H3 {font-family:Tahoma,Arial,sans-serif;color:white;background-color:#525D76;font-size:14px;} BODY {font-family:Tahoma,Arial,sans-serif;color:black;background-color:white;} B {font-family:Tahoma,Arial,sans-serif;color:white;background-color:#525D76;} P {font-family:Tahoma,Arial,sans-serif;background:white;color:black;font-size:12px;}A {color : black;}A.name {color : black;}HR {color : #525D76;}--></style> </head><body><h1>HTTP Status 500 - Filtered request failed.</h1><HR size="1" noshade="noshade"><p><b>type</b> Exception report</p><p><b>message</b> <u>Filtered request failed.</u></p><p><b>description</b> <u>The server encountered an internal error that prevented it from fulfilling this request.</u></p><p><b>exception</b> <pre>javax.servlet.ServletException: Filtered request failed.
	org.apache.shiro.web.servlet.AbstractShiroFilter.doFilterInternal(AbstractShiroFilter.java:384)
	org.apache.shiro.web.servlet.OncePerRequestFilter.doFilter(OncePerRequestFilter.java:125)
	org.springframework.web.filter.DelegatingFilterProxy.invokeDelegate(DelegatingFilterProxy.java:346)
	org.springframework.web.filter.DelegatingFilterProxy.doFilter(DelegatingFilterProxy.java:262)
	org.springframework.web.filter.CharacterEncodingFilter.doFilterInternal(CharacterEncodingFilter.java:85)
	org.springframework.web.filter.OncePerRequestFilter.doFilter(OncePerRequestFilter.java:107)
	com.confucian.framework.web.filter.LogFilter.doFilter(LogFilter.java:47)
</pre></p><p><b>root cause</b> <pre>java.lang.NullPointerException
	me.sui.user.servlet.LoginServlet.doPost(LoginServlet.java:66)
	javax.servlet.http.HttpServlet.service(HttpServlet.java:650)
	javax.servlet.http.HttpServlet.service(HttpServlet.java:731)
	org.apache.tomcat.websocket.server.WsFilter.doFilter(WsFilter.java:52)
	org.apache.shiro.web.servlet.AbstractShiroFilter.executeChain(AbstractShiroFilter.java:449)
	org.apache.shiro.web.servlet.AbstractShiroFilter$1.call(AbstractShiroFilter.java:365)
	org.apache.shiro.subject.support.SubjectCallable.doCall(SubjectCallable.java:90)
	org.apache.shiro.subject.support.SubjectCallable.call(SubjectCallable.java:83)
	org.apache.shiro.subject.support.DelegatingSubject.execute(DelegatingSubject.java:383)
	org.apache.shiro.web.servlet.AbstractShiroFilter.doFilterInternal(AbstractShiroFilter.java:362)
	org.apache.shiro.web.servlet.OncePerRequestFilter.doFilter(OncePerRequestFilter.java:125)
	org.springframework.web.filter.DelegatingFilterProxy.invokeDelegate(DelegatingFilterProxy.java:346)
	org.springframework.web.filter.DelegatingFilterProxy.doFilter(DelegatingFilterProxy.java:262)
	org.springframework.web.filter.CharacterEncodingFilter.doFilterInternal(CharacterEncodingFilter.java:85)
	org.springframework.web.filter.OncePerRequestFilter.doFilter(OncePerRequestFilter.java:107)
	com.confucian.framework.web.filter.LogFilter.doFilter(LogFilter.java:47)
</pre></p><p><b>note</b> <u>The full stack trace of the root cause is available in the Apache Tomcat/7.0.65 logs.</u></p><HR size="1" noshade="noshade"><h3>Apache Tomcat/7.0.65</h3></body></html>
[INFO] 2016-03-19 17:19:27,393 ----------------------------以下为[print]信息----------------------------
[INFO] 2016-03-19 17:19:27,393 ['_ResponseObj__initialize', '__class__', '__delattr__', '__dict__', '__dir__', '__doc__', '__eq__', '__format__', '__ge__', '__getattribute__', '__gt__', '__hash__', '__init__', '__le__', '__lt__', '__module__', '__ne__', '__new__', '__reduce__', '__reduce_ex__', '__repr__', '__setattr__', '__sizeof__', '__str__', '__subclasshook__', '__weakref__', '_currentnode', 'cookies', 'data', 'elapsed', 'errorMsg', 'headers', 'name', 'returncode', 'success', 'url']
[INFO] 2016-03-19 17:19:27,394 ----------------------------以下为[check]信息----------------------------
[INFO] 2016-03-19 17:19:27,394 [failed] returncode == 200
[INFO] 2016-03-19 17:19:27,394 [success] elapsed < 0.1
[INFO] 2016-03-19 17:19:43,313 ------------------------------以下为请求信息------------------------------
[INFO] 2016-03-19 17:19:43,313 [请求]登录接口:http://121.43.101.211:8180/suime-user/student/login POST
[INFO] 2016-03-19 17:19:43,314 [返回码]:500  响应时间:0.03
[INFO] 2016-03-19 17:19:43,314 [返回内容]:
[INFO] 2016-03-19 17:19:43,314     <html><head><title>Apache Tomcat/7.0.65 - Error report</title><style><!--H1 {font-family:Tahoma,Arial,sans-serif;color:white;background-color:#525D76;font-size:22px;} H2 {font-family:Tahoma,Arial,sans-serif;color:white;background-color:#525D76;font-size:16px;} H3 {font-family:Tahoma,Arial,sans-serif;color:white;background-color:#525D76;font-size:14px;} BODY {font-family:Tahoma,Arial,sans-serif;color:black;background-color:white;} B {font-family:Tahoma,Arial,sans-serif;color:white;background-color:#525D76;} P {font-family:Tahoma,Arial,sans-serif;background:white;color:black;font-size:12px;}A {color : black;}A.name {color : black;}HR {color : #525D76;}--></style> </head><body><h1>HTTP Status 500 - Filtered request failed.</h1><HR size="1" noshade="noshade"><p><b>type</b> Exception report</p><p><b>message</b> <u>Filtered request failed.</u></p><p><b>description</b> <u>The server encountered an internal error that prevented it from fulfilling this request.</u></p><p><b>exception</b> <pre>javax.servlet.ServletException: Filtered request failed.
	org.apache.shiro.web.servlet.AbstractShiroFilter.doFilterInternal(AbstractShiroFilter.java:384)
	org.apache.shiro.web.servlet.OncePerRequestFilter.doFilter(OncePerRequestFilter.java:125)
	org.springframework.web.filter.DelegatingFilterProxy.invokeDelegate(DelegatingFilterProxy.java:346)
	org.springframework.web.filter.DelegatingFilterProxy.doFilter(DelegatingFilterProxy.java:262)
	org.springframework.web.filter.CharacterEncodingFilter.doFilterInternal(CharacterEncodingFilter.java:85)
	org.springframework.web.filter.OncePerRequestFilter.doFilter(OncePerRequestFilter.java:107)
	com.confucian.framework.web.filter.LogFilter.doFilter(LogFilter.java:47)
</pre></p><p><b>root cause</b> <pre>java.lang.NullPointerException
	me.sui.user.servlet.LoginServlet.doPost(LoginServlet.java:66)
	javax.servlet.http.HttpServlet.service(HttpServlet.java:650)
	javax.servlet.http.HttpServlet.service(HttpServlet.java:731)
	org.apache.tomcat.websocket.server.WsFilter.doFilter(WsFilter.java:52)
	org.apache.shiro.web.servlet.AbstractShiroFilter.executeChain(AbstractShiroFilter.java:449)
	org.apache.shiro.web.servlet.AbstractShiroFilter$1.call(AbstractShiroFilter.java:365)
	org.apache.shiro.subject.support.SubjectCallable.doCall(SubjectCallable.java:90)
	org.apache.shiro.subject.support.SubjectCallable.call(SubjectCallable.java:83)
	org.apache.shiro.subject.support.DelegatingSubject.execute(DelegatingSubject.java:383)
	org.apache.shiro.web.servlet.AbstractShiroFilter.doFilterInternal(AbstractShiroFilter.java:362)
	org.apache.shiro.web.servlet.OncePerRequestFilter.doFilter(OncePerRequestFilter.java:125)
	org.springframework.web.filter.DelegatingFilterProxy.invokeDelegate(DelegatingFilterProxy.java:346)
	org.springframework.web.filter.DelegatingFilterProxy.doFilter(DelegatingFilterProxy.java:262)
	org.springframework.web.filter.CharacterEncodingFilter.doFilterInternal(CharacterEncodingFilter.java:85)
	org.springframework.web.filter.OncePerRequestFilter.doFilter(OncePerRequestFilter.java:107)
	com.confucian.framework.web.filter.LogFilter.doFilter(LogFilter.java:47)
</pre></p><p><b>note</b> <u>The full stack trace of the root cause is available in the Apache Tomcat/7.0.65 logs.</u></p><HR size="1" noshade="noshade"><h3>Apache Tomcat/7.0.65</h3></body></html>
[INFO] 2016-03-19 17:19:43,314 ----------------------------以下为[print]信息----------------------------
[INFO] 2016-03-19 17:19:43,314 ['_ResponseObj__initialize', '__class__', '__delattr__', '__dict__', '__dir__', '__doc__', '__eq__', '__format__', '__ge__', '__getattribute__', '__gt__', '__hash__', '__init__', '__le__', '__lt__', '__module__', '__ne__', '__new__', '__reduce__', '__reduce_ex__', '__repr__', '__setattr__', '__sizeof__', '__str__', '__subclasshook__', '__weakref__', '_currentnode', 'cookies', 'data', 'elapsed', 'errorMsg', 'headers', 'name', 'returncode', 'success', 'url']
[INFO] 2016-03-19 17:19:43,314 ----------------------------以下为[check]信息----------------------------
[INFO] 2016-03-19 17:19:43,314 [failed] returncode == 200
[INFO] 2016-03-19 17:19:43,314 [success] elapsed < 0.1
[INFO] 2016-03-19 17:21:44,759 ------------------------------以下为请求信息------------------------------
[INFO] 2016-03-19 17:21:44,759 ------------------------------以下为请求信息------------------------------
[INFO] 2016-03-19 17:21:44,759 [请求]登录接口:http://121.43.101.211:8180/suime-user/student/login POST
[INFO] 2016-03-19 17:21:44,759 [请求]登录接口:http://121.43.101.211:8180/suime-user/student/login POST
[INFO] 2016-03-19 17:21:44,759 [返回码]:500  响应时间:0.03
[INFO] 2016-03-19 17:21:44,759 [返回码]:500  响应时间:0.03
[INFO] 2016-03-19 17:21:44,759 [返回内容]:
[INFO] 2016-03-19 17:21:44,759 [返回内容]:
[INFO] 2016-03-19 17:21:44,760     <html><head><title>Apache Tomcat/7.0.65 - Error report</title><style><!--H1 {font-family:Tahoma,Arial,sans-serif;color:white;background-color:#525D76;font-size:22px;} H2 {font-family:Tahoma,Arial,sans-serif;color:white;background-color:#525D76;font-size:16px;} H3 {font-family:Tahoma,Arial,sans-serif;color:white;background-color:#525D76;font-size:14px;} BODY {font-family:Tahoma,Arial,sans-serif;color:black;background-color:white;} B {font-family:Tahoma,Arial,sans-serif;color:white;background-color:#525D76;} P {font-family:Tahoma,Arial,sans-serif;background:white;color:black;font-size:12px;}A {color : black;}A.name {color : black;}HR {color : #525D76;}--></style> </head><body><h1>HTTP Status 500 - Filtered request failed.</h1><HR size="1" noshade="noshade"><p><b>type</b> Exception report</p><p><b>message</b> <u>Filtered request failed.</u></p><p><b>description</b> <u>The server encountered an internal error that prevented it from fulfilling this request.</u></p><p><b>exception</b> <pre>javax.servlet.ServletException: Filtered request failed.
	org.apache.shiro.web.servlet.AbstractShiroFilter.doFilterInternal(AbstractShiroFilter.java:384)
	org.apache.shiro.web.servlet.OncePerRequestFilter.doFilter(OncePerRequestFilter.java:125)
	org.springframework.web.filter.DelegatingFilterProxy.invokeDelegate(DelegatingFilterProxy.java:346)
	org.springframework.web.filter.DelegatingFilterProxy.doFilter(DelegatingFilterProxy.java:262)
	org.springframework.web.filter.CharacterEncodingFilter.doFilterInternal(CharacterEncodingFilter.java:85)
	org.springframework.web.filter.OncePerRequestFilter.doFilter(OncePerRequestFilter.java:107)
	com.confucian.framework.web.filter.LogFilter.doFilter(LogFilter.java:47)
</pre></p><p><b>root cause</b> <pre>java.lang.NullPointerException
	me.sui.user.servlet.LoginServlet.doPost(LoginServlet.java:66)
	javax.servlet.http.HttpServlet.service(HttpServlet.java:650)
	javax.servlet.http.HttpServlet.service(HttpServlet.java:731)
	org.apache.tomcat.websocket.server.WsFilter.doFilter(WsFilter.java:52)
	org.apache.shiro.web.servlet.AbstractShiroFilter.executeChain(AbstractShiroFilter.java:449)
	org.apache.shiro.web.servlet.AbstractShiroFilter$1.call(AbstractShiroFilter.java:365)
	org.apache.shiro.subject.support.SubjectCallable.doCall(SubjectCallable.java:90)
	org.apache.shiro.subject.support.SubjectCallable.call(SubjectCallable.java:83)
	org.apache.shiro.subject.support.DelegatingSubject.execute(DelegatingSubject.java:383)
	org.apache.shiro.web.servlet.AbstractShiroFilter.doFilterInternal(AbstractShiroFilter.java:362)
	org.apache.shiro.web.servlet.OncePerRequestFilter.doFilter(OncePerRequestFilter.java:125)
	org.springframework.web.filter.DelegatingFilterProxy.invokeDelegate(DelegatingFilterProxy.java:346)
	org.springframework.web.filter.DelegatingFilterProxy.doFilter(DelegatingFilterProxy.java:262)
	org.springframework.web.filter.CharacterEncodingFilter.doFilterInternal(CharacterEncodingFilter.java:85)
	org.springframework.web.filter.OncePerRequestFilter.doFilter(OncePerRequestFilter.java:107)
	com.confucian.framework.web.filter.LogFilter.doFilter(LogFilter.java:47)
</pre></p><p><b>note</b> <u>The full stack trace of the root cause is available in the Apache Tomcat/7.0.65 logs.</u></p><HR size="1" noshade="noshade"><h3>Apache Tomcat/7.0.65</h3></body></html>
[INFO] 2016-03-19 17:21:44,760     <html><head><title>Apache Tomcat/7.0.65 - Error report</title><style><!--H1 {font-family:Tahoma,Arial,sans-serif;color:white;background-color:#525D76;font-size:22px;} H2 {font-family:Tahoma,Arial,sans-serif;color:white;background-color:#525D76;font-size:16px;} H3 {font-family:Tahoma,Arial,sans-serif;color:white;background-color:#525D76;font-size:14px;} BODY {font-family:Tahoma,Arial,sans-serif;color:black;background-color:white;} B {font-family:Tahoma,Arial,sans-serif;color:white;background-color:#525D76;} P {font-family:Tahoma,Arial,sans-serif;background:white;color:black;font-size:12px;}A {color : black;}A.name {color : black;}HR {color : #525D76;}--></style> </head><body><h1>HTTP Status 500 - Filtered request failed.</h1><HR size="1" noshade="noshade"><p><b>type</b> Exception report</p><p><b>message</b> <u>Filtered request failed.</u></p><p><b>description</b> <u>The server encountered an internal error that prevented it from fulfilling this request.</u></p><p><b>exception</b> <pre>javax.servlet.ServletException: Filtered request failed.
	org.apache.shiro.web.servlet.AbstractShiroFilter.doFilterInternal(AbstractShiroFilter.java:384)
	org.apache.shiro.web.servlet.OncePerRequestFilter.doFilter(OncePerRequestFilter.java:125)
	org.springframework.web.filter.DelegatingFilterProxy.invokeDelegate(DelegatingFilterProxy.java:346)
	org.springframework.web.filter.DelegatingFilterProxy.doFilter(DelegatingFilterProxy.java:262)
	org.springframework.web.filter.CharacterEncodingFilter.doFilterInternal(CharacterEncodingFilter.java:85)
	org.springframework.web.filter.OncePerRequestFilter.doFilter(OncePerRequestFilter.java:107)
	com.confucian.framework.web.filter.LogFilter.doFilter(LogFilter.java:47)
</pre></p><p><b>root cause</b> <pre>java.lang.NullPointerException
	me.sui.user.servlet.LoginServlet.doPost(LoginServlet.java:66)
	javax.servlet.http.HttpServlet.service(HttpServlet.java:650)
	javax.servlet.http.HttpServlet.service(HttpServlet.java:731)
	org.apache.tomcat.websocket.server.WsFilter.doFilter(WsFilter.java:52)
	org.apache.shiro.web.servlet.AbstractShiroFilter.executeChain(AbstractShiroFilter.java:449)
	org.apache.shiro.web.servlet.AbstractShiroFilter$1.call(AbstractShiroFilter.java:365)
	org.apache.shiro.subject.support.SubjectCallable.doCall(SubjectCallable.java:90)
	org.apache.shiro.subject.support.SubjectCallable.call(SubjectCallable.java:83)
	org.apache.shiro.subject.support.DelegatingSubject.execute(DelegatingSubject.java:383)
	org.apache.shiro.web.servlet.AbstractShiroFilter.doFilterInternal(AbstractShiroFilter.java:362)
	org.apache.shiro.web.servlet.OncePerRequestFilter.doFilter(OncePerRequestFilter.java:125)
	org.springframework.web.filter.DelegatingFilterProxy.invokeDelegate(DelegatingFilterProxy.java:346)
	org.springframework.web.filter.DelegatingFilterProxy.doFilter(DelegatingFilterProxy.java:262)
	org.springframework.web.filter.CharacterEncodingFilter.doFilterInternal(CharacterEncodingFilter.java:85)
	org.springframework.web.filter.OncePerRequestFilter.doFilter(OncePerRequestFilter.java:107)
	com.confucian.framework.web.filter.LogFilter.doFilter(LogFilter.java:47)
</pre></p><p><b>note</b> <u>The full stack trace of the root cause is available in the Apache Tomcat/7.0.65 logs.</u></p><HR size="1" noshade="noshade"><h3>Apache Tomcat/7.0.65</h3></body></html>
[INFO] 2016-03-19 17:21:44,760 ----------------------------以下为[print]信息----------------------------
[INFO] 2016-03-19 17:21:44,760 ----------------------------以下为[print]信息----------------------------
[INFO] 2016-03-19 17:21:44,760 ----------------------------以下为[check]信息----------------------------
[INFO] 2016-03-19 17:21:44,760 ----------------------------以下为[check]信息----------------------------
[INFO] 2016-03-19 17:21:44,760 [success] returncode == 500
[INFO] 2016-03-19 17:21:44,760 [success] returncode == 500
[INFO] 2016-03-19 17:21:44,760 [success] elapsed < 0.1
[INFO] 2016-03-19 17:21:44,760 [success] elapsed < 0.1
