[INFO] 2016-03-19 17:08:21,528 ------------------------------以下为请求信息------------------------------
[INFO] 2016-03-19 17:08:21,528 [请求]登录接口:http://121.43.101.211:8180/suime-user/student/login POST
[INFO] 2016-03-19 17:08:21,528 [返回码]:500  响应时间:0.03
[INFO] 2016-03-19 17:08:21,528 [返回内容]:
[INFO] 2016-03-19 17:08:21,528     <html><head><title>Apache Tomcat/7.0.65 - Error report</title><style><!--H1 {font-family:Tahoma,Arial,sans-serif;color:white;background-color:#525D76;font-size:22px;} H2 {font-family:Tahoma,Arial,sans-serif;color:white;background-color:#525D76;font-size:16px;} H3 {font-family:Tahoma,Arial,sans-serif;color:white;background-color:#525D76;font-size:14px;} BODY {font-family:Tahoma,Arial,sans-serif;color:black;background-color:white;} B {font-family:Tahoma,Arial,sans-serif;color:white;background-color:#525D76;} P {font-family:Tahoma,Arial,sans-serif;background:white;color:black;font-size:12px;}A {color : black;}A.name {color : black;}HR {color : #525D76;}--></style> </head><body><h1>HTTP Status 500 - Filtered request failed.</h1><HR size="1" noshade="noshade"><p><b>type</b> Exception report</p><p><b>message</b> <u>Filtered request failed.</u></p><p><b>description</b> <u>The server encountered an internal error that prevented it from fulfilling this request.</u></p><p><b>exception</b> <pre>javax.servlet.ServletException: Filtered request failed.
	org.apache.shiro.web.servlet.AbstractShiroFilter.doFilterInternal(AbstractShiroFilter.java:384)
	org.apache.shiro.web.servlet.OncePerRequestFilter.doFilter(OncePerRequestFilter.java:125)
	org.springframework.web.filter.DelegatingFilterProxy.invokeDelegate(DelegatingFilterProxy.java:346)
	org.springframework.web.filter.DelegatingFilterProxy.doFilter(DelegatingFilterProxy.java:262)
	org.springframework.web.filter.CharacterEncodingFilter.doFilterInternal(CharacterEncodingFilter.java:85)
	org.springframework.web.filter.OncePerRequestFilter.doFilter(OncePerRequestFilter.java:107)
	com.confucian.framework.web.filter.LogFilter.doFilter(LogFilter.java:47)
</pre></p><p><b>root cause</b> <pre>java.lang.NullPointerException
	me.sui.user.servlet.LoginServlet.doPost(LoginServlet.java:66)
	javax.servlet.http.HttpServlet.service(HttpServlet.java:650)
	javax.servlet.http.HttpServlet.service(HttpServlet.java:731)
	org.apache.tomcat.websocket.server.WsFilter.doFilter(WsFilter.java:52)
	org.apache.shiro.web.servlet.AbstractShiroFilter.executeChain(AbstractShiroFilter.java:449)
	org.apache.shiro.web.servlet.AbstractShiroFilter$1.call(AbstractShiroFilter.java:365)
	org.apache.shiro.subject.support.SubjectCallable.doCall(SubjectCallable.java:90)
	org.apache.shiro.subject.support.SubjectCallable.call(SubjectCallable.java:83)
	org.apache.shiro.subject.support.DelegatingSubject.execute(DelegatingSubject.java:383)
	org.apache.shiro.web.servlet.AbstractShiroFilter.doFilterInternal(AbstractShiroFilter.java:362)
	org.apache.shiro.web.servlet.OncePerRequestFilter.doFilter(OncePerRequestFilter.java:125)
	org.springframework.web.filter.DelegatingFilterProxy.invokeDelegate(DelegatingFilterProxy.java:346)
	org.springframework.web.filter.DelegatingFilterProxy.doFilter(DelegatingFilterProxy.java:262)
	org.springframework.web.filter.CharacterEncodingFilter.doFilterInternal(CharacterEncodingFilter.java:85)
	org.springframework.web.filter.OncePerRequestFilter.doFilter(OncePerRequestFilter.java:107)
	com.confucian.framework.web.filter.LogFilter.doFilter(LogFilter.java:47)
</pre></p><p><b>note</b> <u>The full stack trace of the root cause is available in the Apache Tomcat/7.0.65 logs.</u></p><HR size="1" noshade="noshade"><h3>Apache Tomcat/7.0.65</h3></body></html>
[INFO] 2016-03-19 17:08:21,529 ----------------------------以下为[print]信息----------------------------
[INFO] 2016-03-19 17:08:21,529 ['_ResponseObj__initialize', '__class__', '__delattr__', '__dict__', '__dir__', '__doc__', '__eq__', '__format__', '__ge__', '__getattribute__', '__gt__', '__hash__', '__init__', '__le__', '__lt__', '__module__', '__ne__', '__new__', '__reduce__', '__reduce_ex__', '__repr__', '__setattr__', '__sizeof__', '__str__', '__subclasshook__', '__weakref__', '_currentnode', 'cookies', 'data', 'elapsed', 'errorMsg', 'headers', 'name', 'returncode', 'success', 'url']
[INFO] 2016-03-19 17:08:21,529 ----------------------------以下为[check]信息----------------------------
[INFO] 2016-03-19 17:08:21,529 [failed] returncode == 200
[INFO] 2016-03-19 17:08:21,529 [success] elapsed < 0.1
[INFO] 2016-03-19 17:10:08,057 ------------------------------以下为请求信息------------------------------
[INFO] 2016-03-19 17:10:08,058 [请求]登录接口:http://121.43.101.211:8180/suime-user/student/login POST
[INFO] 2016-03-19 17:10:08,058 [返回码]:500  响应时间:0.05
[INFO] 2016-03-19 17:10:08,058 [返回内容]:
[INFO] 2016-03-19 17:10:08,058     <html><head><title>Apache Tomcat/7.0.65 - Error report</title><style><!--H1 {font-family:Tahoma,Arial,sans-serif;color:white;background-color:#525D76;font-size:22px;} H2 {font-family:Tahoma,Arial,sans-serif;color:white;background-color:#525D76;font-size:16px;} H3 {font-family:Tahoma,Arial,sans-serif;color:white;background-color:#525D76;font-size:14px;} BODY {font-family:Tahoma,Arial,sans-serif;color:black;background-color:white;} B {font-family:Tahoma,Arial,sans-serif;color:white;background-color:#525D76;} P {font-family:Tahoma,Arial,sans-serif;background:white;color:black;font-size:12px;}A {color : black;}A.name {color : black;}HR {color : #525D76;}--></style> </head><body><h1>HTTP Status 500 - Filtered request failed.</h1><HR size="1" noshade="noshade"><p><b>type</b> Exception report</p><p><b>message</b> <u>Filtered request failed.</u></p><p><b>description</b> <u>The server encountered an internal error that prevented it from fulfilling this request.</u></p><p><b>exception</b> <pre>javax.servlet.ServletException: Filtered request failed.
	org.apache.shiro.web.servlet.AbstractShiroFilter.doFilterInternal(AbstractShiroFilter.java:384)
	org.apache.shiro.web.servlet.OncePerRequestFilter.doFilter(OncePerRequestFilter.java:125)
	org.springframework.web.filter.DelegatingFilterProxy.invokeDelegate(DelegatingFilterProxy.java:346)
	org.springframework.web.filter.DelegatingFilterProxy.doFilter(DelegatingFilterProxy.java:262)
	org.springframework.web.filter.CharacterEncodingFilter.doFilterInternal(CharacterEncodingFilter.java:85)
	org.springframework.web.filter.OncePerRequestFilter.doFilter(OncePerRequestFilter.java:107)
	com.confucian.framework.web.filter.LogFilter.doFilter(LogFilter.java:47)
</pre></p><p><b>root cause</b> <pre>java.lang.NullPointerException
	me.sui.user.servlet.LoginServlet.doPost(LoginServlet.java:66)
	javax.servlet.http.HttpServlet.service(HttpServlet.java:650)
	javax.servlet.http.HttpServlet.service(HttpServlet.java:731)
	org.apache.tomcat.websocket.server.WsFilter.doFilter(WsFilter.java:52)
	org.apache.shiro.web.servlet.AbstractShiroFilter.executeChain(AbstractShiroFilter.java:449)
	org.apache.shiro.web.servlet.AbstractShiroFilter$1.call(AbstractShiroFilter.java:365)
	org.apache.shiro.subject.support.SubjectCallable.doCall(SubjectCallable.java:90)
	org.apache.shiro.subject.support.SubjectCallable.call(SubjectCallable.java:83)
	org.apache.shiro.subject.support.DelegatingSubject.execute(DelegatingSubject.java:383)
	org.apache.shiro.web.servlet.AbstractShiroFilter.doFilterInternal(AbstractShiroFilter.java:362)
	org.apache.shiro.web.servlet.OncePerRequestFilter.doFilter(OncePerRequestFilter.java:125)
	org.springframework.web.filter.DelegatingFilterProxy.invokeDelegate(DelegatingFilterProxy.java:346)
	org.springframework.web.filter.DelegatingFilterProxy.doFilter(DelegatingFilterProxy.java:262)
	org.springframework.web.filter.CharacterEncodingFilter.doFilterInternal(CharacterEncodingFilter.java:85)
	org.springframework.web.filter.OncePerRequestFilter.doFilter(OncePerRequestFilter.java:107)
	com.confucian.framework.web.filter.LogFilter.doFilter(LogFilter.java:47)
</pre></p><p><b>note</b> <u>The full stack trace of the root cause is available in the Apache Tomcat/7.0.65 logs.</u></p><HR size="1" noshade="noshade"><h3>Apache Tomcat/7.0.65</h3></body></html>
[INFO] 2016-03-19 17:10:08,058 ----------------------------以下为[print]信息----------------------------
[INFO] 2016-03-19 17:10:08,058 ['_ResponseObj__initialize', '__class__', '__delattr__', '__dict__', '__dir__', '__doc__', '__eq__', '__format__', '__ge__', '__getattribute__', '__gt__', '__hash__', '__init__', '__le__', '__lt__', '__module__', '__ne__', '__new__', '__reduce__', '__reduce_ex__', '__repr__', '__setattr__', '__sizeof__', '__str__', '__subclasshook__', '__weakref__', '_currentnode', 'cookies', 'data', 'elapsed', 'errorMsg', 'headers', 'name', 'returncode', 'success', 'url']
[INFO] 2016-03-19 17:10:08,058 ----------------------------以下为[check]信息----------------------------
[INFO] 2016-03-19 17:10:08,058 [failed] returncode == 200
[INFO] 2016-03-19 17:10:08,058 [success] elapsed < 0.1
[INFO] 2016-03-19 17:10:33,171 ------------------------------以下为请求信息------------------------------
[INFO] 2016-03-19 17:10:33,172 [请求]登录接口:http://121.43.101.211:8180/suime-user/student/login POST
[INFO] 2016-03-19 17:10:33,172 [返回码]:500  响应时间:0.03
[INFO] 2016-03-19 17:10:33,172 [返回内容]:
[INFO] 2016-03-19 17:10:33,172     <html><head><title>Apache Tomcat/7.0.65 - Error report</title><style><!--H1 {font-family:Tahoma,Arial,sans-serif;color:white;background-color:#525D76;font-size:22px;} H2 {font-family:Tahoma,Arial,sans-serif;color:white;background-color:#525D76;font-size:16px;} H3 {font-family:Tahoma,Arial,sans-serif;color:white;background-color:#525D76;font-size:14px;} BODY {font-family:Tahoma,Arial,sans-serif;color:black;background-color:white;} B {font-family:Tahoma,Arial,sans-serif;color:white;background-color:#525D76;} P {font-family:Tahoma,Arial,sans-serif;background:white;color:black;font-size:12px;}A {color : black;}A.name {color : black;}HR {color : #525D76;}--></style> </head><body><h1>HTTP Status 500 - Filtered request failed.</h1><HR size="1" noshade="noshade"><p><b>type</b> Exception report</p><p><b>message</b> <u>Filtered request failed.</u></p><p><b>description</b> <u>The server encountered an internal error that prevented it from fulfilling this request.</u></p><p><b>exception</b> <pre>javax.servlet.ServletException: Filtered request failed.
	org.apache.shiro.web.servlet.AbstractShiroFilter.doFilterInternal(AbstractShiroFilter.java:384)
	org.apache.shiro.web.servlet.OncePerRequestFilter.doFilter(OncePerRequestFilter.java:125)
	org.springframework.web.filter.DelegatingFilterProxy.invokeDelegate(DelegatingFilterProxy.java:346)
	org.springframework.web.filter.DelegatingFilterProxy.doFilter(DelegatingFilterProxy.java:262)
	org.springframework.web.filter.CharacterEncodingFilter.doFilterInternal(CharacterEncodingFilter.java:85)
	org.springframework.web.filter.OncePerRequestFilter.doFilter(OncePerRequestFilter.java:107)
	com.confucian.framework.web.filter.LogFilter.doFilter(LogFilter.java:47)
</pre></p><p><b>root cause</b> <pre>java.lang.NullPointerException
	me.sui.user.servlet.LoginServlet.doPost(LoginServlet.java:66)
	javax.servlet.http.HttpServlet.service(HttpServlet.java:650)
	javax.servlet.http.HttpServlet.service(HttpServlet.java:731)
	org.apache.tomcat.websocket.server.WsFilter.doFilter(WsFilter.java:52)
	org.apache.shiro.web.servlet.AbstractShiroFilter.executeChain(AbstractShiroFilter.java:449)
	org.apache.shiro.web.servlet.AbstractShiroFilter$1.call(AbstractShiroFilter.java:365)
	org.apache.shiro.subject.support.SubjectCallable.doCall(SubjectCallable.java:90)
	org.apache.shiro.subject.support.SubjectCallable.call(SubjectCallable.java:83)
	org.apache.shiro.subject.support.DelegatingSubject.execute(DelegatingSubject.java:383)
	org.apache.shiro.web.servlet.AbstractShiroFilter.doFilterInternal(AbstractShiroFilter.java:362)
	org.apache.shiro.web.servlet.OncePerRequestFilter.doFilter(OncePerRequestFilter.java:125)
	org.springframework.web.filter.DelegatingFilterProxy.invokeDelegate(DelegatingFilterProxy.java:346)
	org.springframework.web.filter.DelegatingFilterProxy.doFilter(DelegatingFilterProxy.java:262)
	org.springframework.web.filter.CharacterEncodingFilter.doFilterInternal(CharacterEncodingFilter.java:85)
	org.springframework.web.filter.OncePerRequestFilter.doFilter(OncePerRequestFilter.java:107)
	com.confucian.framework.web.filter.LogFilter.doFilter(LogFilter.java:47)
</pre></p><p><b>note</b> <u>The full stack trace of the root cause is available in the Apache Tomcat/7.0.65 logs.</u></p><HR size="1" noshade="noshade"><h3>Apache Tomcat/7.0.65</h3></body></html>
[INFO] 2016-03-19 17:10:33,172 ----------------------------以下为[print]信息----------------------------
[INFO] 2016-03-19 17:10:33,172 ['_ResponseObj__initialize', '__class__', '__delattr__', '__dict__', '__dir__', '__doc__', '__eq__', '__format__', '__ge__', '__getattribute__', '__gt__', '__hash__', '__init__', '__le__', '__lt__', '__module__', '__ne__', '__new__', '__reduce__', '__reduce_ex__', '__repr__', '__setattr__', '__sizeof__', '__str__', '__subclasshook__', '__weakref__', '_currentnode', 'cookies', 'data', 'elapsed', 'errorMsg', 'headers', 'name', 'returncode', 'success', 'url']
[INFO] 2016-03-19 17:10:33,172 ----------------------------以下为[check]信息----------------------------
[INFO] 2016-03-19 17:10:33,172 [failed] returncode == 200
[INFO] 2016-03-19 17:10:33,172 [success] elapsed < 0.1
[INFO] 2016-03-19 17:11:42,512 ------------------------------以下为请求信息------------------------------
[INFO] 2016-03-19 17:11:42,513 [请求]登录接口:http://121.43.101.211:8180/suime-user/student/login POST
[INFO] 2016-03-19 17:11:42,513 [返回码]:500  响应时间:0.03
[INFO] 2016-03-19 17:11:42,513 [返回内容]:
[INFO] 2016-03-19 17:11:42,513     <html><head><title>Apache Tomcat/7.0.65 - Error report</title><style><!--H1 {font-family:Tahoma,Arial,sans-serif;color:white;background-color:#525D76;font-size:22px;} H2 {font-family:Tahoma,Arial,sans-serif;color:white;background-color:#525D76;font-size:16px;} H3 {font-family:Tahoma,Arial,sans-serif;color:white;background-color:#525D76;font-size:14px;} BODY {font-family:Tahoma,Arial,sans-serif;color:black;background-color:white;} B {font-family:Tahoma,Arial,sans-serif;color:white;background-color:#525D76;} P {font-family:Tahoma,Arial,sans-serif;background:white;color:black;font-size:12px;}A {color : black;}A.name {color : black;}HR {color : #525D76;}--></style> </head><body><h1>HTTP Status 500 - Filtered request failed.</h1><HR size="1" noshade="noshade"><p><b>type</b> Exception report</p><p><b>message</b> <u>Filtered request failed.</u></p><p><b>description</b> <u>The server encountered an internal error that prevented it from fulfilling this request.</u></p><p><b>exception</b> <pre>javax.servlet.ServletException: Filtered request failed.
	org.apache.shiro.web.servlet.AbstractShiroFilter.doFilterInternal(AbstractShiroFilter.java:384)
	org.apache.shiro.web.servlet.OncePerRequestFilter.doFilter(OncePerRequestFilter.java:125)
	org.springframework.web.filter.DelegatingFilterProxy.invokeDelegate(DelegatingFilterProxy.java:346)
	org.springframework.web.filter.DelegatingFilterProxy.doFilter(DelegatingFilterProxy.java:262)
	org.springframework.web.filter.CharacterEncodingFilter.doFilterInternal(CharacterEncodingFilter.java:85)
	org.springframework.web.filter.OncePerRequestFilter.doFilter(OncePerRequestFilter.java:107)
	com.confucian.framework.web.filter.LogFilter.doFilter(LogFilter.java:47)
</pre></p><p><b>root cause</b> <pre>java.lang.NullPointerException
	me.sui.user.servlet.LoginServlet.doPost(LoginServlet.java:66)
	javax.servlet.http.HttpServlet.service(HttpServlet.java:650)
	javax.servlet.http.HttpServlet.service(HttpServlet.java:731)
	org.apache.tomcat.websocket.server.WsFilter.doFilter(WsFilter.java:52)
	org.apache.shiro.web.servlet.AbstractShiroFilter.executeChain(AbstractShiroFilter.java:449)
	org.apache.shiro.web.servlet.AbstractShiroFilter$1.call(AbstractShiroFilter.java:365)
	org.apache.shiro.subject.support.SubjectCallable.doCall(SubjectCallable.java:90)
	org.apache.shiro.subject.support.SubjectCallable.call(SubjectCallable.java:83)
	org.apache.shiro.subject.support.DelegatingSubject.execute(DelegatingSubject.java:383)
	org.apache.shiro.web.servlet.AbstractShiroFilter.doFilterInternal(AbstractShiroFilter.java:362)
	org.apache.shiro.web.servlet.OncePerRequestFilter.doFilter(OncePerRequestFilter.java:125)
	org.springframework.web.filter.DelegatingFilterProxy.invokeDelegate(DelegatingFilterProxy.java:346)
	org.springframework.web.filter.DelegatingFilterProxy.doFilter(DelegatingFilterProxy.java:262)
	org.springframework.web.filter.CharacterEncodingFilter.doFilterInternal(CharacterEncodingFilter.java:85)
	org.springframework.web.filter.OncePerRequestFilter.doFilter(OncePerRequestFilter.java:107)
	com.confucian.framework.web.filter.LogFilter.doFilter(LogFilter.java:47)
</pre></p><p><b>note</b> <u>The full stack trace of the root cause is available in the Apache Tomcat/7.0.65 logs.</u></p><HR size="1" noshade="noshade"><h3>Apache Tomcat/7.0.65</h3></body></html>
[INFO] 2016-03-19 17:11:42,513 ----------------------------以下为[print]信息----------------------------
[INFO] 2016-03-19 17:11:42,513 ['_ResponseObj__initialize', '__class__', '__delattr__', '__dict__', '__dir__', '__doc__', '__eq__', '__format__', '__ge__', '__getattribute__', '__gt__', '__hash__', '__init__', '__le__', '__lt__', '__module__', '__ne__', '__new__', '__reduce__', '__reduce_ex__', '__repr__', '__setattr__', '__sizeof__', '__str__', '__subclasshook__', '__weakref__', '_currentnode', 'cookies', 'data', 'elapsed', 'errorMsg', 'headers', 'name', 'returncode', 'success', 'url']
[INFO] 2016-03-19 17:11:42,513 ----------------------------以下为[check]信息----------------------------
[INFO] 2016-03-19 17:11:42,513 [failed] returncode == 200
[INFO] 2016-03-19 17:11:42,513 [success] elapsed < 0.1
[INFO] 2016-03-19 17:12:27,533 ------------------------------以下为请求信息------------------------------
[INFO] 2016-03-19 17:12:27,533 [请求]登录接口:http://121.43.101.211:8180/suime-user/student/login POST
[INFO] 2016-03-19 17:12:27,534 [返回码]:500  响应时间:0.37
[INFO] 2016-03-19 17:12:27,534 [返回内容]:
[INFO] 2016-03-19 17:12:27,535     <html><head><title>Apache Tomcat/7.0.65 - Error report</title><style><!--H1 {font-family:Tahoma,Arial,sans-serif;color:white;background-color:#525D76;font-size:22px;} H2 {font-family:Tahoma,Arial,sans-serif;color:white;background-color:#525D76;font-size:16px;} H3 {font-family:Tahoma,Arial,sans-serif;color:white;background-color:#525D76;font-size:14px;} BODY {font-family:Tahoma,Arial,sans-serif;color:black;background-color:white;} B {font-family:Tahoma,Arial,sans-serif;color:white;background-color:#525D76;} P {font-family:Tahoma,Arial,sans-serif;background:white;color:black;font-size:12px;}A {color : black;}A.name {color : black;}HR {color : #525D76;}--></style> </head><body><h1>HTTP Status 500 - Filtered request failed.</h1><HR size="1" noshade="noshade"><p><b>type</b> Exception report</p><p><b>message</b> <u>Filtered request failed.</u></p><p><b>description</b> <u>The server encountered an internal error that prevented it from fulfilling this request.</u></p><p><b>exception</b> <pre>javax.servlet.ServletException: Filtered request failed.
	org.apache.shiro.web.servlet.AbstractShiroFilter.doFilterInternal(AbstractShiroFilter.java:384)
	org.apache.shiro.web.servlet.OncePerRequestFilter.doFilter(OncePerRequestFilter.java:125)
	org.springframework.web.filter.DelegatingFilterProxy.invokeDelegate(DelegatingFilterProxy.java:346)
	org.springframework.web.filter.DelegatingFilterProxy.doFilter(DelegatingFilterProxy.java:262)
	org.springframework.web.filter.CharacterEncodingFilter.doFilterInternal(CharacterEncodingFilter.java:85)
	org.springframework.web.filter.OncePerRequestFilter.doFilter(OncePerRequestFilter.java:107)
	com.confucian.framework.web.filter.LogFilter.doFilter(LogFilter.java:47)
</pre></p><p><b>root cause</b> <pre>java.lang.NullPointerException
	me.sui.user.servlet.LoginServlet.doPost(LoginServlet.java:66)
	javax.servlet.http.HttpServlet.service(HttpServlet.java:650)
	javax.servlet.http.HttpServlet.service(HttpServlet.java:731)
	org.apache.tomcat.websocket.server.WsFilter.doFilter(WsFilter.java:52)
	org.apache.shiro.web.servlet.AbstractShiroFilter.executeChain(AbstractShiroFilter.java:449)
	org.apache.shiro.web.servlet.AbstractShiroFilter$1.call(AbstractShiroFilter.java:365)
	org.apache.shiro.subject.support.SubjectCallable.doCall(SubjectCallable.java:90)
	org.apache.shiro.subject.support.SubjectCallable.call(SubjectCallable.java:83)
	org.apache.shiro.subject.support.DelegatingSubject.execute(DelegatingSubject.java:383)
	org.apache.shiro.web.servlet.AbstractShiroFilter.doFilterInternal(AbstractShiroFilter.java:362)
	org.apache.shiro.web.servlet.OncePerRequestFilter.doFilter(OncePerRequestFilter.java:125)
	org.springframework.web.filter.DelegatingFilterProxy.invokeDelegate(DelegatingFilterProxy.java:346)
	org.springframework.web.filter.DelegatingFilterProxy.doFilter(DelegatingFilterProxy.java:262)
	org.springframework.web.filter.CharacterEncodingFilter.doFilterInternal(CharacterEncodingFilter.java:85)
	org.springframework.web.filter.OncePerRequestFilter.doFilter(OncePerRequestFilter.java:107)
	com.confucian.framework.web.filter.LogFilter.doFilter(LogFilter.java:47)
</pre></p><p><b>note</b> <u>The full stack trace of the root cause is available in the Apache Tomcat/7.0.65 logs.</u></p><HR size="1" noshade="noshade"><h3>Apache Tomcat/7.0.65</h3></body></html>
[INFO] 2016-03-19 17:12:27,535 ----------------------------以下为[print]信息----------------------------
[INFO] 2016-03-19 17:12:27,536 ['_ResponseObj__initialize', '__class__', '__delattr__', '__dict__', '__dir__', '__doc__', '__eq__', '__format__', '__ge__', '__getattribute__', '__gt__', '__hash__', '__init__', '__le__', '__lt__', '__module__', '__ne__', '__new__', '__reduce__', '__reduce_ex__', '__repr__', '__setattr__', '__sizeof__', '__str__', '__subclasshook__', '__weakref__', '_currentnode', 'cookies', 'data', 'elapsed', 'errorMsg', 'headers', 'name', 'returncode', 'success', 'url']
[INFO] 2016-03-19 17:12:27,536 ----------------------------以下为[check]信息----------------------------
[INFO] 2016-03-19 17:12:27,536 [failed] returncode == 200
[INFO] 2016-03-19 17:12:27,537 [failed] elapsed < 0.1
[INFO] 2016-03-19 17:17:09,082 ------------------------------以下为请求信息------------------------------
[INFO] 2016-03-19 17:17:09,082 [请求]登录接口:http://121.43.101.211:8180/suime-user/student/login POST
[INFO] 2016-03-19 17:17:09,083 [返回码]:500  响应时间:0.03
[INFO] 2016-03-19 17:17:09,083 [返回内容]:
[INFO] 2016-03-19 17:17:09,083     <html><head><title>Apache Tomcat/7.0.65 - Error report</title><style><!--H1 {font-family:Tahoma,Arial,sans-serif;color:white;background-color:#525D76;font-size:22px;} H2 {font-family:Tahoma,Arial,sans-serif;color:white;background-color:#525D76;font-size:16px;} H3 {font-family:Tahoma,Arial,sans-serif;color:white;background-color:#525D76;font-size:14px;} BODY {font-family:Tahoma,Arial,sans-serif;color:black;background-color:white;} B {font-family:Tahoma,Arial,sans-serif;color:white;background-color:#525D76;} P {font-family:Tahoma,Arial,sans-serif;background:white;color:black;font-size:12px;}A {color : black;}A.name {color : black;}HR {color : #525D76;}--></style> </head><body><h1>HTTP Status 500 - Filtered request failed.</h1><HR size="1" noshade="noshade"><p><b>type</b> Exception report</p><p><b>message</b> <u>Filtered request failed.</u></p><p><b>description</b> <u>The server encountered an internal error that prevented it from fulfilling this request.</u></p><p><b>exception</b> <pre>javax.servlet.ServletException: Filtered request failed.
	org.apache.shiro.web.servlet.AbstractShiroFilter.doFilterInternal(AbstractShiroFilter.java:384)
	org.apache.shiro.web.servlet.OncePerRequestFilter.doFilter(OncePerRequestFilter.java:125)
	org.springframework.web.filter.DelegatingFilterProxy.invokeDelegate(DelegatingFilterProxy.java:346)
	org.springframework.web.filter.DelegatingFilterProxy.doFilter(DelegatingFilterProxy.java:262)
	org.springframework.web.filter.CharacterEncodingFilter.doFilterInternal(CharacterEncodingFilter.java:85)
	org.springframework.web.filter.OncePerRequestFilter.doFilter(OncePerRequestFilter.java:107)
	com.confucian.framework.web.filter.LogFilter.doFilter(LogFilter.java:47)
</pre></p><p><b>root cause</b> <pre>java.lang.NullPointerException
	me.sui.user.servlet.LoginServlet.doPost(LoginServlet.java:66)
	javax.servlet.http.HttpServlet.service(HttpServlet.java:650)
	javax.servlet.http.HttpServlet.service(HttpServlet.java:731)
	org.apache.tomcat.websocket.server.WsFilter.doFilter(WsFilter.java:52)
	org.apache.shiro.web.servlet.AbstractShiroFilter.executeChain(AbstractShiroFilter.java:449)
	org.apache.shiro.web.servlet.AbstractShiroFilter$1.call(AbstractShiroFilter.java:365)
	org.apache.shiro.subject.support.SubjectCallable.doCall(SubjectCallable.java:90)
	org.apache.shiro.subject.support.SubjectCallable.call(SubjectCallable.java:83)
	org.apache.shiro.subject.support.DelegatingSubject.execute(DelegatingSubject.java:383)
	org.apache.shiro.web.servlet.AbstractShiroFilter.doFilterInternal(AbstractShiroFilter.java:362)
	org.apache.shiro.web.servlet.OncePerRequestFilter.doFilter(OncePerRequestFilter.java:125)
	org.springframework.web.filter.DelegatingFilterProxy.invokeDelegate(DelegatingFilterProxy.java:346)
	org.springframework.web.filter.DelegatingFilterProxy.doFilter(DelegatingFilterProxy.java:262)
	org.springframework.web.filter.CharacterEncodingFilter.doFilterInternal(CharacterEncodingFilter.java:85)
	org.springframework.web.filter.OncePerRequestFilter.doFilter(OncePerRequestFilter.java:107)
	com.confucian.framework.web.filter.LogFilter.doFilter(LogFilter.java:47)
</pre></p><p><b>note</b> <u>The full stack trace of the root cause is available in the Apache Tomcat/7.0.65 logs.</u></p><HR size="1" noshade="noshade"><h3>Apache Tomcat/7.0.65</h3></body></html>
[INFO] 2016-03-19 17:17:09,083 ----------------------------以下为[print]信息----------------------------
[INFO] 2016-03-19 17:17:09,083 ['_ResponseObj__initialize', '__class__', '__delattr__', '__dict__', '__dir__', '__doc__', '__eq__', '__format__', '__ge__', '__getattribute__', '__gt__', '__hash__', '__init__', '__le__', '__lt__', '__module__', '__ne__', '__new__', '__reduce__', '__reduce_ex__', '__repr__', '__setattr__', '__sizeof__', '__str__', '__subclasshook__', '__weakref__', '_currentnode', 'cookies', 'data', 'elapsed', 'errorMsg', 'headers', 'name', 'returncode', 'success', 'url']
[INFO] 2016-03-19 17:17:09,084 ----------------------------以下为[check]信息----------------------------
[INFO] 2016-03-19 17:17:09,084 [failed] returncode == 200
[INFO] 2016-03-19 17:17:09,084 [success] elapsed < 0.1
[INFO] 2016-03-19 17:19:14,144 ------------------------------以下为请求信息------------------------------
[INFO] 2016-03-19 17:19:14,145 [请求]登录接口:http://121.43.101.211:8180/suime-user/student/login POST
[INFO] 2016-03-19 17:19:14,145 [返回码]:500  响应时间:0.04
[INFO] 2016-03-19 17:19:14,145 [返回内容]:
[INFO] 2016-03-19 17:19:14,145     <html><head><title>Apache Tomcat/7.0.65 - Error report</title><style><!--H1 {font-family:Tahoma,Arial,sans-serif;color:white;background-color:#525D76;font-size:22px;} H2 {font-family:Tahoma,Arial,sans-serif;color:white;background-color:#525D76;font-size:16px;} H3 {font-family:Tahoma,Arial,sans-serif;color:white;background-color:#525D76;font-size:14px;} BODY {font-family:Tahoma,Arial,sans-serif;color:black;background-color:white;} B {font-family:Tahoma,Arial,sans-serif;color:white;background-color:#525D76;} P {font-family:Tahoma,Arial,sans-serif;background:white;color:black;font-size:12px;}A {color : black;}A.name {color : black;}HR {color : #525D76;}--></style> </head><body><h1>HTTP Status 500 - Filtered request failed.</h1><HR size="1" noshade="noshade"><p><b>type</b> Exception report</p><p><b>message</b> <u>Filtered request failed.</u></p><p><b>description</b> <u>The server encountered an internal error that prevented it from fulfilling this request.</u></p><p><b>exception</b> <pre>javax.servlet.ServletException: Filtered request failed.
	org.apache.shiro.web.servlet.AbstractShiroFilter.doFilterInternal(AbstractShiroFilter.java:384)
	org.apache.shiro.web.servlet.OncePerRequestFilter.doFilter(OncePerRequestFilter.java:125)
	org.springframework.web.filter.DelegatingFilterProxy.invokeDelegate(DelegatingFilterProxy.java:346)
	org.springframework.web.filter.DelegatingFilterProxy.doFilter(DelegatingFilterProxy.java:262)
	org.springframework.web.filter.CharacterEncodingFilter.doFilterInternal(CharacterEncodingFilter.java:85)
	org.springframework.web.filter.OncePerRequestFilter.doFilter(OncePerRequestFilter.java:107)
	com.confucian.framework.web.filter.LogFilter.doFilter(LogFilter.java:47)
</pre></p><p><b>root cause</b> <pre>java.lang.NullPointerException
	me.sui.user.servlet.LoginServlet.doPost(LoginServlet.java:66)
	javax.servlet.http.HttpServlet.service(HttpServlet.java:650)
	javax.servlet.http.HttpServlet.service(HttpServlet.java:731)
	org.apache.tomcat.websocket.server.WsFilter.doFilter(WsFilter.java:52)
	org.apache.shiro.web.servlet.AbstractShiroFilter.executeChain(AbstractShiroFilter.java:449)
	org.apache.shiro.web.servlet.AbstractShiroFilter$1.call(AbstractShiroFilter.java:365)
	org.apache.shiro.subject.support.SubjectCallable.doCall(SubjectCallable.java:90)
	org.apache.shiro.subject.support.SubjectCallable.call(SubjectCallable.java:83)
	org.apache.shiro.subject.support.DelegatingSubject.execute(DelegatingSubject.java:383)
	org.apache.shiro.web.servlet.AbstractShiroFilter.doFilterInternal(AbstractShiroFilter.java:362)
	org.apache.shiro.web.servlet.OncePerRequestFilter.doFilter(OncePerRequestFilter.java:125)
	org.springframework.web.filter.DelegatingFilterProxy.invokeDelegate(DelegatingFilterProxy.java:346)
	org.springframework.web.filter.DelegatingFilterProxy.doFilter(DelegatingFilterProxy.java:262)
	org.springframework.web.filter.CharacterEncodingFilter.doFilterInternal(CharacterEncodingFilter.java:85)
	org.springframework.web.filter.OncePerRequestFilter.doFilter(OncePerRequestFilter.java:107)
	com.confucian.framework.web.filter.LogFilter.doFilter(LogFilter.java:47)
</pre></p><p><b>note</b> <u>The full stack trace of the root cause is available in the Apache Tomcat/7.0.65 logs.</u></p><HR size="1" noshade="noshade"><h3>Apache Tomcat/7.0.65</h3></body></html>
[INFO] 2016-03-19 17:19:14,145 ----------------------------以下为[print]信息----------------------------
[INFO] 2016-03-19 17:19:14,145 ['_ResponseObj__initialize', '__class__', '__delattr__', '__dict__', '__dir__', '__doc__', '__eq__', '__format__', '__ge__', '__getattribute__', '__gt__', '__hash__', '__init__', '__le__', '__lt__', '__module__', '__ne__', '__new__', '__reduce__', '__reduce_ex__', '__repr__', '__setattr__', '__sizeof__', '__str__', '__subclasshook__', '__weakref__', '_currentnode', 'cookies', 'data', 'elapsed', 'errorMsg', 'headers', 'name', 'returncode', 'success', 'url']
[INFO] 2016-03-19 17:19:14,145 ----------------------------以下为[check]信息----------------------------
[INFO] 2016-03-19 17:19:14,145 [failed] returncode == 200
[INFO] 2016-03-19 17:19:14,145 [success] elapsed < 0.1
[INFO] 2016-03-19 17:19:27,496 ------------------------------以下为请求信息------------------------------
[INFO] 2016-03-19 17:19:27,496 [请求]登录接口:http://121.43.101.211:8180/suime-user/student/login POST
[INFO] 2016-03-19 17:19:27,496 [返回码]:500  响应时间:0.02
[INFO] 2016-03-19 17:19:27,496 [返回内容]:
[INFO] 2016-03-19 17:19:27,496     <html><head><title>Apache Tomcat/7.0.65 - Error report</title><style><!--H1 {font-family:Tahoma,Arial,sans-serif;color:white;background-color:#525D76;font-size:22px;} H2 {font-family:Tahoma,Arial,sans-serif;color:white;background-color:#525D76;font-size:16px;} H3 {font-family:Tahoma,Arial,sans-serif;color:white;background-color:#525D76;font-size:14px;} BODY {font-family:Tahoma,Arial,sans-serif;color:black;background-color:white;} B {font-family:Tahoma,Arial,sans-serif;color:white;background-color:#525D76;} P {font-family:Tahoma,Arial,sans-serif;background:white;color:black;font-size:12px;}A {color : black;}A.name {color : black;}HR {color : #525D76;}--></style> </head><body><h1>HTTP Status 500 - Filtered request failed.</h1><HR size="1" noshade="noshade"><p><b>type</b> Exception report</p><p><b>message</b> <u>Filtered request failed.</u></p><p><b>description</b> <u>The server encountered an internal error that prevented it from fulfilling this request.</u></p><p><b>exception</b> <pre>javax.servlet.ServletException: Filtered request failed.
	org.apache.shiro.web.servlet.AbstractShiroFilter.doFilterInternal(AbstractShiroFilter.java:384)
	org.apache.shiro.web.servlet.OncePerRequestFilter.doFilter(OncePerRequestFilter.java:125)
	org.springframework.web.filter.DelegatingFilterProxy.invokeDelegate(DelegatingFilterProxy.java:346)
	org.springframework.web.filter.DelegatingFilterProxy.doFilter(DelegatingFilterProxy.java:262)
	org.springframework.web.filter.CharacterEncodingFilter.doFilterInternal(CharacterEncodingFilter.java:85)
	org.springframework.web.filter.OncePerRequestFilter.doFilter(OncePerRequestFilter.java:107)
	com.confucian.framework.web.filter.LogFilter.doFilter(LogFilter.java:47)
</pre></p><p><b>root cause</b> <pre>java.lang.NullPointerException
	me.sui.user.servlet.LoginServlet.doPost(LoginServlet.java:66)
	javax.servlet.http.HttpServlet.service(HttpServlet.java:650)
	javax.servlet.http.HttpServlet.service(HttpServlet.java:731)
	org.apache.tomcat.websocket.server.WsFilter.doFilter(WsFilter.java:52)
	org.apache.shiro.web.servlet.AbstractShiroFilter.executeChain(AbstractShiroFilter.java:449)
	org.apache.shiro.web.servlet.AbstractShiroFilter$1.call(AbstractShiroFilter.java:365)
	org.apache.shiro.subject.support.SubjectCallable.doCall(SubjectCallable.java:90)
	org.apache.shiro.subject.support.SubjectCallable.call(SubjectCallable.java:83)
	org.apache.shiro.subject.support.DelegatingSubject.execute(DelegatingSubject.java:383)
	org.apache.shiro.web.servlet.AbstractShiroFilter.doFilterInternal(AbstractShiroFilter.java:362)
	org.apache.shiro.web.servlet.OncePerRequestFilter.doFilter(OncePerRequestFilter.java:125)
	org.springframework.web.filter.DelegatingFilterProxy.invokeDelegate(DelegatingFilterProxy.java:346)
	org.springframework.web.filter.DelegatingFilterProxy.doFilter(DelegatingFilterProxy.java:262)
	org.springframework.web.filter.CharacterEncodingFilter.doFilterInternal(CharacterEncodingFilter.java:85)
	org.springframework.web.filter.OncePerRequestFilter.doFilter(OncePerRequestFilter.java:107)
	com.confucian.framework.web.filter.LogFilter.doFilter(LogFilter.java:47)
</pre></p><p><b>note</b> <u>The full stack trace of the root cause is available in the Apache Tomcat/7.0.65 logs.</u></p><HR size="1" noshade="noshade"><h3>Apache Tomcat/7.0.65</h3></body></html>
[INFO] 2016-03-19 17:19:27,509 ----------------------------以下为[print]信息----------------------------
[INFO] 2016-03-19 17:19:27,509 ['_ResponseObj__initialize', '__class__', '__delattr__', '__dict__', '__dir__', '__doc__', '__eq__', '__format__', '__ge__', '__getattribute__', '__gt__', '__hash__', '__init__', '__le__', '__lt__', '__module__', '__ne__', '__new__', '__reduce__', '__reduce_ex__', '__repr__', '__setattr__', '__sizeof__', '__str__', '__subclasshook__', '__weakref__', '_currentnode', 'cookies', 'data', 'elapsed', 'errorMsg', 'headers', 'name', 'returncode', 'success', 'url']
[INFO] 2016-03-19 17:19:27,509 ----------------------------以下为[check]信息----------------------------
[INFO] 2016-03-19 17:19:27,509 [failed] returncode == 200
[INFO] 2016-03-19 17:19:27,509 [success] elapsed < 0.1
[INFO] 2016-03-19 17:19:43,414 ------------------------------以下为请求信息------------------------------
[INFO] 2016-03-19 17:19:43,414 [请求]登录接口:http://121.43.101.211:8180/suime-user/student/login POST
[INFO] 2016-03-19 17:19:43,414 [返回码]:500  响应时间:0.03
[INFO] 2016-03-19 17:19:43,415 [返回内容]:
[INFO] 2016-03-19 17:19:43,415     <html><head><title>Apache Tomcat/7.0.65 - Error report</title><style><!--H1 {font-family:Tahoma,Arial,sans-serif;color:white;background-color:#525D76;font-size:22px;} H2 {font-family:Tahoma,Arial,sans-serif;color:white;background-color:#525D76;font-size:16px;} H3 {font-family:Tahoma,Arial,sans-serif;color:white;background-color:#525D76;font-size:14px;} BODY {font-family:Tahoma,Arial,sans-serif;color:black;background-color:white;} B {font-family:Tahoma,Arial,sans-serif;color:white;background-color:#525D76;} P {font-family:Tahoma,Arial,sans-serif;background:white;color:black;font-size:12px;}A {color : black;}A.name {color : black;}HR {color : #525D76;}--></style> </head><body><h1>HTTP Status 500 - Filtered request failed.</h1><HR size="1" noshade="noshade"><p><b>type</b> Exception report</p><p><b>message</b> <u>Filtered request failed.</u></p><p><b>description</b> <u>The server encountered an internal error that prevented it from fulfilling this request.</u></p><p><b>exception</b> <pre>javax.servlet.ServletException: Filtered request failed.
	org.apache.shiro.web.servlet.AbstractShiroFilter.doFilterInternal(AbstractShiroFilter.java:384)
	org.apache.shiro.web.servlet.OncePerRequestFilter.doFilter(OncePerRequestFilter.java:125)
	org.springframework.web.filter.DelegatingFilterProxy.invokeDelegate(DelegatingFilterProxy.java:346)
	org.springframework.web.filter.DelegatingFilterProxy.doFilter(DelegatingFilterProxy.java:262)
	org.springframework.web.filter.CharacterEncodingFilter.doFilterInternal(CharacterEncodingFilter.java:85)
	org.springframework.web.filter.OncePerRequestFilter.doFilter(OncePerRequestFilter.java:107)
	com.confucian.framework.web.filter.LogFilter.doFilter(LogFilter.java:47)
</pre></p><p><b>root cause</b> <pre>java.lang.NullPointerException
	me.sui.user.servlet.LoginServlet.doPost(LoginServlet.java:66)
	javax.servlet.http.HttpServlet.service(HttpServlet.java:650)
	javax.servlet.http.HttpServlet.service(HttpServlet.java:731)
	org.apache.tomcat.websocket.server.WsFilter.doFilter(WsFilter.java:52)
	org.apache.shiro.web.servlet.AbstractShiroFilter.executeChain(AbstractShiroFilter.java:449)
	org.apache.shiro.web.servlet.AbstractShiroFilter$1.call(AbstractShiroFilter.java:365)
	org.apache.shiro.subject.support.SubjectCallable.doCall(SubjectCallable.java:90)
	org.apache.shiro.subject.support.SubjectCallable.call(SubjectCallable.java:83)
	org.apache.shiro.subject.support.DelegatingSubject.execute(DelegatingSubject.java:383)
	org.apache.shiro.web.servlet.AbstractShiroFilter.doFilterInternal(AbstractShiroFilter.java:362)
	org.apache.shiro.web.servlet.OncePerRequestFilter.doFilter(OncePerRequestFilter.java:125)
	org.springframework.web.filter.DelegatingFilterProxy.invokeDelegate(DelegatingFilterProxy.java:346)
	org.springframework.web.filter.DelegatingFilterProxy.doFilter(DelegatingFilterProxy.java:262)
	org.springframework.web.filter.CharacterEncodingFilter.doFilterInternal(CharacterEncodingFilter.java:85)
	org.springframework.web.filter.OncePerRequestFilter.doFilter(OncePerRequestFilter.java:107)
	com.confucian.framework.web.filter.LogFilter.doFilter(LogFilter.java:47)
</pre></p><p><b>note</b> <u>The full stack trace of the root cause is available in the Apache Tomcat/7.0.65 logs.</u></p><HR size="1" noshade="noshade"><h3>Apache Tomcat/7.0.65</h3></body></html>
[INFO] 2016-03-19 17:19:43,415 ----------------------------以下为[print]信息----------------------------
[INFO] 2016-03-19 17:19:43,415 ['_ResponseObj__initialize', '__class__', '__delattr__', '__dict__', '__dir__', '__doc__', '__eq__', '__format__', '__ge__', '__getattribute__', '__gt__', '__hash__', '__init__', '__le__', '__lt__', '__module__', '__ne__', '__new__', '__reduce__', '__reduce_ex__', '__repr__', '__setattr__', '__sizeof__', '__str__', '__subclasshook__', '__weakref__', '_currentnode', 'cookies', 'data', 'elapsed', 'errorMsg', 'headers', 'name', 'returncode', 'success', 'url']
[INFO] 2016-03-19 17:19:43,415 ----------------------------以下为[check]信息----------------------------
[INFO] 2016-03-19 17:19:43,415 [failed] returncode == 200
[INFO] 2016-03-19 17:19:43,415 [success] elapsed < 0.1
[INFO] 2016-03-19 17:21:44,881 ------------------------------以下为请求信息------------------------------
[INFO] 2016-03-19 17:21:44,881 ------------------------------以下为请求信息------------------------------
[INFO] 2016-03-19 17:21:44,881 [请求]登录接口:http://121.43.101.211:8180/suime-user/student/login POST
[INFO] 2016-03-19 17:21:44,881 [请求]登录接口:http://121.43.101.211:8180/suime-user/student/login POST
[INFO] 2016-03-19 17:21:44,881 [返回码]:500  响应时间:0.03
[INFO] 2016-03-19 17:21:44,881 [返回码]:500  响应时间:0.03
[INFO] 2016-03-19 17:21:44,882 [返回内容]:
[INFO] 2016-03-19 17:21:44,882 [返回内容]:
[INFO] 2016-03-19 17:21:44,882     <html><head><title>Apache Tomcat/7.0.65 - Error report</title><style><!--H1 {font-family:Tahoma,Arial,sans-serif;color:white;background-color:#525D76;font-size:22px;} H2 {font-family:Tahoma,Arial,sans-serif;color:white;background-color:#525D76;font-size:16px;} H3 {font-family:Tahoma,Arial,sans-serif;color:white;background-color:#525D76;font-size:14px;} BODY {font-family:Tahoma,Arial,sans-serif;color:black;background-color:white;} B {font-family:Tahoma,Arial,sans-serif;color:white;background-color:#525D76;} P {font-family:Tahoma,Arial,sans-serif;background:white;color:black;font-size:12px;}A {color : black;}A.name {color : black;}HR {color : #525D76;}--></style> </head><body><h1>HTTP Status 500 - Filtered request failed.</h1><HR size="1" noshade="noshade"><p><b>type</b> Exception report</p><p><b>message</b> <u>Filtered request failed.</u></p><p><b>description</b> <u>The server encountered an internal error that prevented it from fulfilling this request.</u></p><p><b>exception</b> <pre>javax.servlet.ServletException: Filtered request failed.
	org.apache.shiro.web.servlet.AbstractShiroFilter.doFilterInternal(AbstractShiroFilter.java:384)
	org.apache.shiro.web.servlet.OncePerRequestFilter.doFilter(OncePerRequestFilter.java:125)
	org.springframework.web.filter.DelegatingFilterProxy.invokeDelegate(DelegatingFilterProxy.java:346)
	org.springframework.web.filter.DelegatingFilterProxy.doFilter(DelegatingFilterProxy.java:262)
	org.springframework.web.filter.CharacterEncodingFilter.doFilterInternal(CharacterEncodingFilter.java:85)
	org.springframework.web.filter.OncePerRequestFilter.doFilter(OncePerRequestFilter.java:107)
	com.confucian.framework.web.filter.LogFilter.doFilter(LogFilter.java:47)
</pre></p><p><b>root cause</b> <pre>java.lang.NullPointerException
	me.sui.user.servlet.LoginServlet.doPost(LoginServlet.java:66)
	javax.servlet.http.HttpServlet.service(HttpServlet.java:650)
	javax.servlet.http.HttpServlet.service(HttpServlet.java:731)
	org.apache.tomcat.websocket.server.WsFilter.doFilter(WsFilter.java:52)
	org.apache.shiro.web.servlet.AbstractShiroFilter.executeChain(AbstractShiroFilter.java:449)
	org.apache.shiro.web.servlet.AbstractShiroFilter$1.call(AbstractShiroFilter.java:365)
	org.apache.shiro.subject.support.SubjectCallable.doCall(SubjectCallable.java:90)
	org.apache.shiro.subject.support.SubjectCallable.call(SubjectCallable.java:83)
	org.apache.shiro.subject.support.DelegatingSubject.execute(DelegatingSubject.java:383)
	org.apache.shiro.web.servlet.AbstractShiroFilter.doFilterInternal(AbstractShiroFilter.java:362)
	org.apache.shiro.web.servlet.OncePerRequestFilter.doFilter(OncePerRequestFilter.java:125)
	org.springframework.web.filter.DelegatingFilterProxy.invokeDelegate(DelegatingFilterProxy.java:346)
	org.springframework.web.filter.DelegatingFilterProxy.doFilter(DelegatingFilterProxy.java:262)
	org.springframework.web.filter.CharacterEncodingFilter.doFilterInternal(CharacterEncodingFilter.java:85)
	org.springframework.web.filter.OncePerRequestFilter.doFilter(OncePerRequestFilter.java:107)
	com.confucian.framework.web.filter.LogFilter.doFilter(LogFilter.java:47)
</pre></p><p><b>note</b> <u>The full stack trace of the root cause is available in the Apache Tomcat/7.0.65 logs.</u></p><HR size="1" noshade="noshade"><h3>Apache Tomcat/7.0.65</h3></body></html>
[INFO] 2016-03-19 17:21:44,882     <html><head><title>Apache Tomcat/7.0.65 - Error report</title><style><!--H1 {font-family:Tahoma,Arial,sans-serif;color:white;background-color:#525D76;font-size:22px;} H2 {font-family:Tahoma,Arial,sans-serif;color:white;background-color:#525D76;font-size:16px;} H3 {font-family:Tahoma,Arial,sans-serif;color:white;background-color:#525D76;font-size:14px;} BODY {font-family:Tahoma,Arial,sans-serif;color:black;background-color:white;} B {font-family:Tahoma,Arial,sans-serif;color:white;background-color:#525D76;} P {font-family:Tahoma,Arial,sans-serif;background:white;color:black;font-size:12px;}A {color : black;}A.name {color : black;}HR {color : #525D76;}--></style> </head><body><h1>HTTP Status 500 - Filtered request failed.</h1><HR size="1" noshade="noshade"><p><b>type</b> Exception report</p><p><b>message</b> <u>Filtered request failed.</u></p><p><b>description</b> <u>The server encountered an internal error that prevented it from fulfilling this request.</u></p><p><b>exception</b> <pre>javax.servlet.ServletException: Filtered request failed.
	org.apache.shiro.web.servlet.AbstractShiroFilter.doFilterInternal(AbstractShiroFilter.java:384)
	org.apache.shiro.web.servlet.OncePerRequestFilter.doFilter(OncePerRequestFilter.java:125)
	org.springframework.web.filter.DelegatingFilterProxy.invokeDelegate(DelegatingFilterProxy.java:346)
	org.springframework.web.filter.DelegatingFilterProxy.doFilter(DelegatingFilterProxy.java:262)
	org.springframework.web.filter.CharacterEncodingFilter.doFilterInternal(CharacterEncodingFilter.java:85)
	org.springframework.web.filter.OncePerRequestFilter.doFilter(OncePerRequestFilter.java:107)
	com.confucian.framework.web.filter.LogFilter.doFilter(LogFilter.java:47)
</pre></p><p><b>root cause</b> <pre>java.lang.NullPointerException
	me.sui.user.servlet.LoginServlet.doPost(LoginServlet.java:66)
	javax.servlet.http.HttpServlet.service(HttpServlet.java:650)
	javax.servlet.http.HttpServlet.service(HttpServlet.java:731)
	org.apache.tomcat.websocket.server.WsFilter.doFilter(WsFilter.java:52)
	org.apache.shiro.web.servlet.AbstractShiroFilter.executeChain(AbstractShiroFilter.java:449)
	org.apache.shiro.web.servlet.AbstractShiroFilter$1.call(AbstractShiroFilter.java:365)
	org.apache.shiro.subject.support.SubjectCallable.doCall(SubjectCallable.java:90)
	org.apache.shiro.subject.support.SubjectCallable.call(SubjectCallable.java:83)
	org.apache.shiro.subject.support.DelegatingSubject.execute(DelegatingSubject.java:383)
	org.apache.shiro.web.servlet.AbstractShiroFilter.doFilterInternal(AbstractShiroFilter.java:362)
	org.apache.shiro.web.servlet.OncePerRequestFilter.doFilter(OncePerRequestFilter.java:125)
	org.springframework.web.filter.DelegatingFilterProxy.invokeDelegate(DelegatingFilterProxy.java:346)
	org.springframework.web.filter.DelegatingFilterProxy.doFilter(DelegatingFilterProxy.java:262)
	org.springframework.web.filter.CharacterEncodingFilter.doFilterInternal(CharacterEncodingFilter.java:85)
	org.springframework.web.filter.OncePerRequestFilter.doFilter(OncePerRequestFilter.java:107)
	com.confucian.framework.web.filter.LogFilter.doFilter(LogFilter.java:47)
</pre></p><p><b>note</b> <u>The full stack trace of the root cause is available in the Apache Tomcat/7.0.65 logs.</u></p><HR size="1" noshade="noshade"><h3>Apache Tomcat/7.0.65</h3></body></html>
[INFO] 2016-03-19 17:21:44,882 ----------------------------以下为[print]信息----------------------------
[INFO] 2016-03-19 17:21:44,882 ----------------------------以下为[print]信息----------------------------
[INFO] 2016-03-19 17:21:44,882 ['_ResponseObj__initialize', '__class__', '__delattr__', '__dict__', '__dir__', '__doc__', '__eq__', '__format__', '__ge__', '__getattribute__', '__gt__', '__hash__', '__init__', '__le__', '__lt__', '__module__', '__ne__', '__new__', '__reduce__', '__reduce_ex__', '__repr__', '__setattr__', '__sizeof__', '__str__', '__subclasshook__', '__weakref__', '_currentnode', 'cookies', 'data', 'elapsed', 'errorMsg', 'headers', 'name', 'returncode', 'success', 'url']
[INFO] 2016-03-19 17:21:44,882 ['_ResponseObj__initialize', '__class__', '__delattr__', '__dict__', '__dir__', '__doc__', '__eq__', '__format__', '__ge__', '__getattribute__', '__gt__', '__hash__', '__init__', '__le__', '__lt__', '__module__', '__ne__', '__new__', '__reduce__', '__reduce_ex__', '__repr__', '__setattr__', '__sizeof__', '__str__', '__subclasshook__', '__weakref__', '_currentnode', 'cookies', 'data', 'elapsed', 'errorMsg', 'headers', 'name', 'returncode', 'success', 'url']
[INFO] 2016-03-19 17:21:44,882 ----------------------------以下为[check]信息----------------------------
[INFO] 2016-03-19 17:21:44,882 ----------------------------以下为[check]信息----------------------------
[INFO] 2016-03-19 17:21:44,882 [failed] returncode == 200
[INFO] 2016-03-19 17:21:44,882 [failed] returncode == 200
[INFO] 2016-03-19 17:21:44,882 [success] elapsed < 0.1
[INFO] 2016-03-19 17:21:44,882 [success] elapsed < 0.1
