[INFO] 2016-03-19 17:08:21,481 ------------------------------以下为请求信息------------------------------
[INFO] 2016-03-19 17:08:21,481 [请求]登录接口:http://121.43.101.211:8180/suime-user/student/login POST
[INFO] 2016-03-19 17:08:21,482 [返回码]:500  响应时间:0.03
[INFO] 2016-03-19 17:08:21,482 [返回内容]:
[INFO] 2016-03-19 17:08:21,482     <html><head><title>Apache Tomcat/7.0.65 - Error report</title><style><!--H1 {font-family:Tahoma,Arial,sans-serif;color:white;background-color:#525D76;font-size:22px;} H2 {font-family:Tahoma,Arial,sans-serif;color:white;background-color:#525D76;font-size:16px;} H3 {font-family:Tahoma,Arial,sans-serif;color:white;background-color:#525D76;font-size:14px;} BODY {font-family:Tahoma,Arial,sans-serif;color:black;background-color:white;} B {font-family:Tahoma,Arial,sans-serif;color:white;background-color:#525D76;} P {font-family:Tahoma,Arial,sans-serif;background:white;color:black;font-size:12px;}A {color : black;}A.name {color : black;}HR {color : #525D76;}--></style> </head><body><h1>HTTP Status 500 - Filtered request failed.</h1><HR size="1" noshade="noshade"><p><b>type</b> Exception report</p><p><b>message</b> <u>Filtered request failed.</u></p><p><b>description</b> <u>The server encountered an internal error that prevented it from fulfilling this request.</u></p><p><b>exception</b> <pre>javax.servlet.ServletException: Filtered request failed.
	org.apache.shiro.web.servlet.AbstractShiroFilter.doFilterInternal(AbstractShiroFilter.java:384)
	org.apache.shiro.web.servlet.OncePerRequestFilter.doFilter(OncePerRequestFilter.java:125)
	org.springframework.web.filter.DelegatingFilterProxy.invokeDelegate(DelegatingFilterProxy.java:346)
	org.springframework.web.filter.DelegatingFilterProxy.doFilter(DelegatingFilterProxy.java:262)
	org.springframework.web.filter.CharacterEncodingFilter.doFilterInternal(CharacterEncodingFilter.java:85)
	org.springframework.web.filter.OncePerRequestFilter.doFilter(OncePerRequestFilter.java:107)
	com.confucian.framework.web.filter.LogFilter.doFilter(LogFilter.java:47)
</pre></p><p><b>root cause</b> <pre>java.lang.NullPointerException
	me.sui.user.servlet.LoginServlet.doPost(LoginServlet.java:66)
	javax.servlet.http.HttpServlet.service(HttpServlet.java:650)
	javax.servlet.http.HttpServlet.service(HttpServlet.java:731)
	org.apache.tomcat.websocket.server.WsFilter.doFilter(WsFilter.java:52)
	org.apache.shiro.web.servlet.AbstractShiroFilter.executeChain(AbstractShiroFilter.java:449)
	org.apache.shiro.web.servlet.AbstractShiroFilter$1.call(AbstractShiroFilter.java:365)
	org.apache.shiro.subject.support.SubjectCallable.doCall(SubjectCallable.java:90)
	org.apache.shiro.subject.support.SubjectCallable.call(SubjectCallable.java:83)
	org.apache.shiro.subject.support.DelegatingSubject.execute(DelegatingSubject.java:383)
	org.apache.shiro.web.servlet.AbstractShiroFilter.doFilterInternal(AbstractShiroFilter.java:362)
	org.apache.shiro.web.servlet.OncePerRequestFilter.doFilter(OncePerRequestFilter.java:125)
	org.springframework.web.filter.DelegatingFilterProxy.invokeDelegate(DelegatingFilterProxy.java:346)
	org.springframework.web.filter.DelegatingFilterProxy.doFilter(DelegatingFilterProxy.java:262)
	org.springframework.web.filter.CharacterEncodingFilter.doFilterInternal(CharacterEncodingFilter.java:85)
	org.springframework.web.filter.OncePerRequestFilter.doFilter(OncePerRequestFilter.java:107)
	com.confucian.framework.web.filter.LogFilter.doFilter(LogFilter.java:47)
</pre></p><p><b>note</b> <u>The full stack trace of the root cause is available in the Apache Tomcat/7.0.65 logs.</u></p><HR size="1" noshade="noshade"><h3>Apache Tomcat/7.0.65</h3></body></html>
[INFO] 2016-03-19 17:08:21,482 ----------------------------以下为[print]信息----------------------------
[INFO] 2016-03-19 17:08:21,482 ['_ResponseObj__initialize', '__class__', '__delattr__', '__dict__', '__dir__', '__doc__', '__eq__', '__format__', '__ge__', '__getattribute__', '__gt__', '__hash__', '__init__', '__le__', '__lt__', '__module__', '__ne__', '__new__', '__reduce__', '__reduce_ex__', '__repr__', '__setattr__', '__sizeof__', '__str__', '__subclasshook__', '__weakref__', '_currentnode', 'cookies', 'data', 'elapsed', 'errorMsg', 'headers', 'name', 'returncode', 'success', 'url']
[INFO] 2016-03-19 17:08:21,483 ----------------------------以下为[check]信息----------------------------
[INFO] 2016-03-19 17:08:21,483 [failed] returncode == 200
[INFO] 2016-03-19 17:08:21,483 [success] elapsed < 0.1
[INFO] 2016-03-19 17:10:07,996 ------------------------------以下为请求信息------------------------------
[INFO] 2016-03-19 17:10:07,997 [请求]登录接口:http://121.43.101.211:8180/suime-user/student/login POST
[INFO] 2016-03-19 17:10:07,997 [返回码]:500  响应时间:0.22
[INFO] 2016-03-19 17:10:07,997 [返回内容]:
[INFO] 2016-03-19 17:10:07,997     <html><head><title>Apache Tomcat/7.0.65 - Error report</title><style><!--H1 {font-family:Tahoma,Arial,sans-serif;color:white;background-color:#525D76;font-size:22px;} H2 {font-family:Tahoma,Arial,sans-serif;color:white;background-color:#525D76;font-size:16px;} H3 {font-family:Tahoma,Arial,sans-serif;color:white;background-color:#525D76;font-size:14px;} BODY {font-family:Tahoma,Arial,sans-serif;color:black;background-color:white;} B {font-family:Tahoma,Arial,sans-serif;color:white;background-color:#525D76;} P {font-family:Tahoma,Arial,sans-serif;background:white;color:black;font-size:12px;}A {color : black;}A.name {color : black;}HR {color : #525D76;}--></style> </head><body><h1>HTTP Status 500 - Filtered request failed.</h1><HR size="1" noshade="noshade"><p><b>type</b> Exception report</p><p><b>message</b> <u>Filtered request failed.</u></p><p><b>description</b> <u>The server encountered an internal error that prevented it from fulfilling this request.</u></p><p><b>exception</b> <pre>javax.servlet.ServletException: Filtered request failed.
	org.apache.shiro.web.servlet.AbstractShiroFilter.doFilterInternal(AbstractShiroFilter.java:384)
	org.apache.shiro.web.servlet.OncePerRequestFilter.doFilter(OncePerRequestFilter.java:125)
	org.springframework.web.filter.DelegatingFilterProxy.invokeDelegate(DelegatingFilterProxy.java:346)
	org.springframework.web.filter.DelegatingFilterProxy.doFilter(DelegatingFilterProxy.java:262)
	org.springframework.web.filter.CharacterEncodingFilter.doFilterInternal(CharacterEncodingFilter.java:85)
	org.springframework.web.filter.OncePerRequestFilter.doFilter(OncePerRequestFilter.java:107)
	com.confucian.framework.web.filter.LogFilter.doFilter(LogFilter.java:47)
</pre></p><p><b>root cause</b> <pre>java.lang.NullPointerException
	me.sui.user.servlet.LoginServlet.doPost(LoginServlet.java:66)
	javax.servlet.http.HttpServlet.service(HttpServlet.java:650)
	javax.servlet.http.HttpServlet.service(HttpServlet.java:731)
	org.apache.tomcat.websocket.server.WsFilter.doFilter(WsFilter.java:52)
	org.apache.shiro.web.servlet.AbstractShiroFilter.executeChain(AbstractShiroFilter.java:449)
	org.apache.shiro.web.servlet.AbstractShiroFilter$1.call(AbstractShiroFilter.java:365)
	org.apache.shiro.subject.support.SubjectCallable.doCall(SubjectCallable.java:90)
	org.apache.shiro.subject.support.SubjectCallable.call(SubjectCallable.java:83)
	org.apache.shiro.subject.support.DelegatingSubject.execute(DelegatingSubject.java:383)
	org.apache.shiro.web.servlet.AbstractShiroFilter.doFilterInternal(AbstractShiroFilter.java:362)
	org.apache.shiro.web.servlet.OncePerRequestFilter.doFilter(OncePerRequestFilter.java:125)
	org.springframework.web.filter.DelegatingFilterProxy.invokeDelegate(DelegatingFilterProxy.java:346)
	org.springframework.web.filter.DelegatingFilterProxy.doFilter(DelegatingFilterProxy.java:262)
	org.springframework.web.filter.CharacterEncodingFilter.doFilterInternal(CharacterEncodingFilter.java:85)
	org.springframework.web.filter.OncePerRequestFilter.doFilter(OncePerRequestFilter.java:107)
	com.confucian.framework.web.filter.LogFilter.doFilter(LogFilter.java:47)
</pre></p><p><b>note</b> <u>The full stack trace of the root cause is available in the Apache Tomcat/7.0.65 logs.</u></p><HR size="1" noshade="noshade"><h3>Apache Tomcat/7.0.65</h3></body></html>
[INFO] 2016-03-19 17:10:07,997 ----------------------------以下为[print]信息----------------------------
[INFO] 2016-03-19 17:10:07,997 ['_ResponseObj__initialize', '__class__', '__delattr__', '__dict__', '__dir__', '__doc__', '__eq__', '__format__', '__ge__', '__getattribute__', '__gt__', '__hash__', '__init__', '__le__', '__lt__', '__module__', '__ne__', '__new__', '__reduce__', '__reduce_ex__', '__repr__', '__setattr__', '__sizeof__', '__str__', '__subclasshook__', '__weakref__', '_currentnode', 'cookies', 'data', 'elapsed', 'errorMsg', 'headers', 'name', 'returncode', 'success', 'url']
[INFO] 2016-03-19 17:10:07,997 ----------------------------以下为[check]信息----------------------------
[INFO] 2016-03-19 17:10:07,997 [failed] returncode == 200
[INFO] 2016-03-19 17:10:07,997 [failed] elapsed < 0.1
[INFO] 2016-03-19 17:10:33,116 ------------------------------以下为请求信息------------------------------
[INFO] 2016-03-19 17:10:33,117 [请求]登录接口:http://121.43.101.211:8180/suime-user/student/login POST
[INFO] 2016-03-19 17:10:33,117 [返回码]:500  响应时间:0.03
[INFO] 2016-03-19 17:10:33,117 [返回内容]:
[INFO] 2016-03-19 17:10:33,117     <html><head><title>Apache Tomcat/7.0.65 - Error report</title><style><!--H1 {font-family:Tahoma,Arial,sans-serif;color:white;background-color:#525D76;font-size:22px;} H2 {font-family:Tahoma,Arial,sans-serif;color:white;background-color:#525D76;font-size:16px;} H3 {font-family:Tahoma,Arial,sans-serif;color:white;background-color:#525D76;font-size:14px;} BODY {font-family:Tahoma,Arial,sans-serif;color:black;background-color:white;} B {font-family:Tahoma,Arial,sans-serif;color:white;background-color:#525D76;} P {font-family:Tahoma,Arial,sans-serif;background:white;color:black;font-size:12px;}A {color : black;}A.name {color : black;}HR {color : #525D76;}--></style> </head><body><h1>HTTP Status 500 - Filtered request failed.</h1><HR size="1" noshade="noshade"><p><b>type</b> Exception report</p><p><b>message</b> <u>Filtered request failed.</u></p><p><b>description</b> <u>The server encountered an internal error that prevented it from fulfilling this request.</u></p><p><b>exception</b> <pre>javax.servlet.ServletException: Filtered request failed.
	org.apache.shiro.web.servlet.AbstractShiroFilter.doFilterInternal(AbstractShiroFilter.java:384)
	org.apache.shiro.web.servlet.OncePerRequestFilter.doFilter(OncePerRequestFilter.java:125)
	org.springframework.web.filter.DelegatingFilterProxy.invokeDelegate(DelegatingFilterProxy.java:346)
	org.springframework.web.filter.DelegatingFilterProxy.doFilter(DelegatingFilterProxy.java:262)
	org.springframework.web.filter.CharacterEncodingFilter.doFilterInternal(CharacterEncodingFilter.java:85)
	org.springframework.web.filter.OncePerRequestFilter.doFilter(OncePerRequestFilter.java:107)
	com.confucian.framework.web.filter.LogFilter.doFilter(LogFilter.java:47)
</pre></p><p><b>root cause</b> <pre>java.lang.NullPointerException
	me.sui.user.servlet.LoginServlet.doPost(LoginServlet.java:66)
	javax.servlet.http.HttpServlet.service(HttpServlet.java:650)
	javax.servlet.http.HttpServlet.service(HttpServlet.java:731)
	org.apache.tomcat.websocket.server.WsFilter.doFilter(WsFilter.java:52)
	org.apache.shiro.web.servlet.AbstractShiroFilter.executeChain(AbstractShiroFilter.java:449)
	org.apache.shiro.web.servlet.AbstractShiroFilter$1.call(AbstractShiroFilter.java:365)
	org.apache.shiro.subject.support.SubjectCallable.doCall(SubjectCallable.java:90)
	org.apache.shiro.subject.support.SubjectCallable.call(SubjectCallable.java:83)
	org.apache.shiro.subject.support.DelegatingSubject.execute(DelegatingSubject.java:383)
	org.apache.shiro.web.servlet.AbstractShiroFilter.doFilterInternal(AbstractShiroFilter.java:362)
	org.apache.shiro.web.servlet.OncePerRequestFilter.doFilter(OncePerRequestFilter.java:125)
	org.springframework.web.filter.DelegatingFilterProxy.invokeDelegate(DelegatingFilterProxy.java:346)
	org.springframework.web.filter.DelegatingFilterProxy.doFilter(DelegatingFilterProxy.java:262)
	org.springframework.web.filter.CharacterEncodingFilter.doFilterInternal(CharacterEncodingFilter.java:85)
	org.springframework.web.filter.OncePerRequestFilter.doFilter(OncePerRequestFilter.java:107)
	com.confucian.framework.web.filter.LogFilter.doFilter(LogFilter.java:47)
</pre></p><p><b>note</b> <u>The full stack trace of the root cause is available in the Apache Tomcat/7.0.65 logs.</u></p><HR size="1" noshade="noshade"><h3>Apache Tomcat/7.0.65</h3></body></html>
[INFO] 2016-03-19 17:10:33,117 ----------------------------以下为[print]信息----------------------------
[INFO] 2016-03-19 17:10:33,117 ['_ResponseObj__initialize', '__class__', '__delattr__', '__dict__', '__dir__', '__doc__', '__eq__', '__format__', '__ge__', '__getattribute__', '__gt__', '__hash__', '__init__', '__le__', '__lt__', '__module__', '__ne__', '__new__', '__reduce__', '__reduce_ex__', '__repr__', '__setattr__', '__sizeof__', '__str__', '__subclasshook__', '__weakref__', '_currentnode', 'cookies', 'data', 'elapsed', 'errorMsg', 'headers', 'name', 'returncode', 'success', 'url']
[INFO] 2016-03-19 17:10:33,117 ----------------------------以下为[check]信息----------------------------
[INFO] 2016-03-19 17:10:33,117 [failed] returncode == 200
[INFO] 2016-03-19 17:10:33,118 [success] elapsed < 0.1
[INFO] 2016-03-19 17:11:42,467 ------------------------------以下为请求信息------------------------------
[INFO] 2016-03-19 17:11:42,467 [请求]登录接口:http://121.43.101.211:8180/suime-user/student/login POST
[INFO] 2016-03-19 17:11:42,467 [返回码]:500  响应时间:0.03
[INFO] 2016-03-19 17:11:42,467 [返回内容]:
[INFO] 2016-03-19 17:11:42,467     <html><head><title>Apache Tomcat/7.0.65 - Error report</title><style><!--H1 {font-family:Tahoma,Arial,sans-serif;color:white;background-color:#525D76;font-size:22px;} H2 {font-family:Tahoma,Arial,sans-serif;color:white;background-color:#525D76;font-size:16px;} H3 {font-family:Tahoma,Arial,sans-serif;color:white;background-color:#525D76;font-size:14px;} BODY {font-family:Tahoma,Arial,sans-serif;color:black;background-color:white;} B {font-family:Tahoma,Arial,sans-serif;color:white;background-color:#525D76;} P {font-family:Tahoma,Arial,sans-serif;background:white;color:black;font-size:12px;}A {color : black;}A.name {color : black;}HR {color : #525D76;}--></style> </head><body><h1>HTTP Status 500 - Filtered request failed.</h1><HR size="1" noshade="noshade"><p><b>type</b> Exception report</p><p><b>message</b> <u>Filtered request failed.</u></p><p><b>description</b> <u>The server encountered an internal error that prevented it from fulfilling this request.</u></p><p><b>exception</b> <pre>javax.servlet.ServletException: Filtered request failed.
	org.apache.shiro.web.servlet.AbstractShiroFilter.doFilterInternal(AbstractShiroFilter.java:384)
	org.apache.shiro.web.servlet.OncePerRequestFilter.doFilter(OncePerRequestFilter.java:125)
	org.springframework.web.filter.DelegatingFilterProxy.invokeDelegate(DelegatingFilterProxy.java:346)
	org.springframework.web.filter.DelegatingFilterProxy.doFilter(DelegatingFilterProxy.java:262)
	org.springframework.web.filter.CharacterEncodingFilter.doFilterInternal(CharacterEncodingFilter.java:85)
	org.springframework.web.filter.OncePerRequestFilter.doFilter(OncePerRequestFilter.java:107)
	com.confucian.framework.web.filter.LogFilter.doFilter(LogFilter.java:47)
</pre></p><p><b>root cause</b> <pre>java.lang.NullPointerException
	me.sui.user.servlet.LoginServlet.doPost(LoginServlet.java:66)
	javax.servlet.http.HttpServlet.service(HttpServlet.java:650)
	javax.servlet.http.HttpServlet.service(HttpServlet.java:731)
	org.apache.tomcat.websocket.server.WsFilter.doFilter(WsFilter.java:52)
	org.apache.shiro.web.servlet.AbstractShiroFilter.executeChain(AbstractShiroFilter.java:449)
	org.apache.shiro.web.servlet.AbstractShiroFilter$1.call(AbstractShiroFilter.java:365)
	org.apache.shiro.subject.support.SubjectCallable.doCall(SubjectCallable.java:90)
	org.apache.shiro.subject.support.SubjectCallable.call(SubjectCallable.java:83)
	org.apache.shiro.subject.support.DelegatingSubject.execute(DelegatingSubject.java:383)
	org.apache.shiro.web.servlet.AbstractShiroFilter.doFilterInternal(AbstractShiroFilter.java:362)
	org.apache.shiro.web.servlet.OncePerRequestFilter.doFilter(OncePerRequestFilter.java:125)
	org.springframework.web.filter.DelegatingFilterProxy.invokeDelegate(DelegatingFilterProxy.java:346)
	org.springframework.web.filter.DelegatingFilterProxy.doFilter(DelegatingFilterProxy.java:262)
	org.springframework.web.filter.CharacterEncodingFilter.doFilterInternal(CharacterEncodingFilter.java:85)
	org.springframework.web.filter.OncePerRequestFilter.doFilter(OncePerRequestFilter.java:107)
	com.confucian.framework.web.filter.LogFilter.doFilter(LogFilter.java:47)
</pre></p><p><b>note</b> <u>The full stack trace of the root cause is available in the Apache Tomcat/7.0.65 logs.</u></p><HR size="1" noshade="noshade"><h3>Apache Tomcat/7.0.65</h3></body></html>
[INFO] 2016-03-19 17:11:42,468 ----------------------------以下为[print]信息----------------------------
[INFO] 2016-03-19 17:11:42,468 ['_ResponseObj__initialize', '__class__', '__delattr__', '__dict__', '__dir__', '__doc__', '__eq__', '__format__', '__ge__', '__getattribute__', '__gt__', '__hash__', '__init__', '__le__', '__lt__', '__module__', '__ne__', '__new__', '__reduce__', '__reduce_ex__', '__repr__', '__setattr__', '__sizeof__', '__str__', '__subclasshook__', '__weakref__', '_currentnode', 'cookies', 'data', 'elapsed', 'errorMsg', 'headers', 'name', 'returncode', 'success', 'url']
[INFO] 2016-03-19 17:11:42,468 ----------------------------以下为[check]信息----------------------------
[INFO] 2016-03-19 17:11:42,468 [failed] returncode == 200
[INFO] 2016-03-19 17:11:42,468 [success] elapsed < 0.1
[INFO] 2016-03-19 17:12:27,133 ------------------------------以下为请求信息------------------------------
[INFO] 2016-03-19 17:12:27,134 [请求]登录接口:http://121.43.101.211:8180/suime-user/student/login POST
[INFO] 2016-03-19 17:12:27,134 [返回码]:500  响应时间:0.19
[INFO] 2016-03-19 17:12:27,134 [返回内容]:
[INFO] 2016-03-19 17:12:27,134     <html><head><title>Apache Tomcat/7.0.65 - Error report</title><style><!--H1 {font-family:Tahoma,Arial,sans-serif;color:white;background-color:#525D76;font-size:22px;} H2 {font-family:Tahoma,Arial,sans-serif;color:white;background-color:#525D76;font-size:16px;} H3 {font-family:Tahoma,Arial,sans-serif;color:white;background-color:#525D76;font-size:14px;} BODY {font-family:Tahoma,Arial,sans-serif;color:black;background-color:white;} B {font-family:Tahoma,Arial,sans-serif;color:white;background-color:#525D76;} P {font-family:Tahoma,Arial,sans-serif;background:white;color:black;font-size:12px;}A {color : black;}A.name {color : black;}HR {color : #525D76;}--></style> </head><body><h1>HTTP Status 500 - Filtered request failed.</h1><HR size="1" noshade="noshade"><p><b>type</b> Exception report</p><p><b>message</b> <u>Filtered request failed.</u></p><p><b>description</b> <u>The server encountered an internal error that prevented it from fulfilling this request.</u></p><p><b>exception</b> <pre>javax.servlet.ServletException: Filtered request failed.
	org.apache.shiro.web.servlet.AbstractShiroFilter.doFilterInternal(AbstractShiroFilter.java:384)
	org.apache.shiro.web.servlet.OncePerRequestFilter.doFilter(OncePerRequestFilter.java:125)
	org.springframework.web.filter.DelegatingFilterProxy.invokeDelegate(DelegatingFilterProxy.java:346)
	org.springframework.web.filter.DelegatingFilterProxy.doFilter(DelegatingFilterProxy.java:262)
	org.springframework.web.filter.CharacterEncodingFilter.doFilterInternal(CharacterEncodingFilter.java:85)
	org.springframework.web.filter.OncePerRequestFilter.doFilter(OncePerRequestFilter.java:107)
	com.confucian.framework.web.filter.LogFilter.doFilter(LogFilter.java:47)
</pre></p><p><b>root cause</b> <pre>java.lang.NullPointerException
	me.sui.user.servlet.LoginServlet.doPost(LoginServlet.java:66)
	javax.servlet.http.HttpServlet.service(HttpServlet.java:650)
	javax.servlet.http.HttpServlet.service(HttpServlet.java:731)
	org.apache.tomcat.websocket.server.WsFilter.doFilter(WsFilter.java:52)
	org.apache.shiro.web.servlet.AbstractShiroFilter.executeChain(AbstractShiroFilter.java:449)
	org.apache.shiro.web.servlet.AbstractShiroFilter$1.call(AbstractShiroFilter.java:365)
	org.apache.shiro.subject.support.SubjectCallable.doCall(SubjectCallable.java:90)
	org.apache.shiro.subject.support.SubjectCallable.call(SubjectCallable.java:83)
	org.apache.shiro.subject.support.DelegatingSubject.execute(DelegatingSubject.java:383)
	org.apache.shiro.web.servlet.AbstractShiroFilter.doFilterInternal(AbstractShiroFilter.java:362)
	org.apache.shiro.web.servlet.OncePerRequestFilter.doFilter(OncePerRequestFilter.java:125)
	org.springframework.web.filter.DelegatingFilterProxy.invokeDelegate(DelegatingFilterProxy.java:346)
	org.springframework.web.filter.DelegatingFilterProxy.doFilter(DelegatingFilterProxy.java:262)
	org.springframework.web.filter.CharacterEncodingFilter.doFilterInternal(CharacterEncodingFilter.java:85)
	org.springframework.web.filter.OncePerRequestFilter.doFilter(OncePerRequestFilter.java:107)
	com.confucian.framework.web.filter.LogFilter.doFilter(LogFilter.java:47)
</pre></p><p><b>note</b> <u>The full stack trace of the root cause is available in the Apache Tomcat/7.0.65 logs.</u></p><HR size="1" noshade="noshade"><h3>Apache Tomcat/7.0.65</h3></body></html>
[INFO] 2016-03-19 17:12:27,135 ----------------------------以下为[print]信息----------------------------
[INFO] 2016-03-19 17:12:27,135 ['_ResponseObj__initialize', '__class__', '__delattr__', '__dict__', '__dir__', '__doc__', '__eq__', '__format__', '__ge__', '__getattribute__', '__gt__', '__hash__', '__init__', '__le__', '__lt__', '__module__', '__ne__', '__new__', '__reduce__', '__reduce_ex__', '__repr__', '__setattr__', '__sizeof__', '__str__', '__subclasshook__', '__weakref__', '_currentnode', 'cookies', 'data', 'elapsed', 'errorMsg', 'headers', 'name', 'returncode', 'success', 'url']
[INFO] 2016-03-19 17:12:27,136 ----------------------------以下为[check]信息----------------------------
[INFO] 2016-03-19 17:12:27,136 [failed] returncode == 200
[INFO] 2016-03-19 17:12:27,137 [failed] elapsed < 0.1
[INFO] 2016-03-19 17:17:09,037 ------------------------------以下为请求信息------------------------------
[INFO] 2016-03-19 17:17:09,037 [请求]登录接口:http://121.43.101.211:8180/suime-user/student/login POST
[INFO] 2016-03-19 17:17:09,037 [返回码]:500  响应时间:0.03
[INFO] 2016-03-19 17:17:09,037 [返回内容]:
[INFO] 2016-03-19 17:17:09,038     <html><head><title>Apache Tomcat/7.0.65 - Error report</title><style><!--H1 {font-family:Tahoma,Arial,sans-serif;color:white;background-color:#525D76;font-size:22px;} H2 {font-family:Tahoma,Arial,sans-serif;color:white;background-color:#525D76;font-size:16px;} H3 {font-family:Tahoma,Arial,sans-serif;color:white;background-color:#525D76;font-size:14px;} BODY {font-family:Tahoma,Arial,sans-serif;color:black;background-color:white;} B {font-family:Tahoma,Arial,sans-serif;color:white;background-color:#525D76;} P {font-family:Tahoma,Arial,sans-serif;background:white;color:black;font-size:12px;}A {color : black;}A.name {color : black;}HR {color : #525D76;}--></style> </head><body><h1>HTTP Status 500 - Filtered request failed.</h1><HR size="1" noshade="noshade"><p><b>type</b> Exception report</p><p><b>message</b> <u>Filtered request failed.</u></p><p><b>description</b> <u>The server encountered an internal error that prevented it from fulfilling this request.</u></p><p><b>exception</b> <pre>javax.servlet.ServletException: Filtered request failed.
	org.apache.shiro.web.servlet.AbstractShiroFilter.doFilterInternal(AbstractShiroFilter.java:384)
	org.apache.shiro.web.servlet.OncePerRequestFilter.doFilter(OncePerRequestFilter.java:125)
	org.springframework.web.filter.DelegatingFilterProxy.invokeDelegate(DelegatingFilterProxy.java:346)
	org.springframework.web.filter.DelegatingFilterProxy.doFilter(DelegatingFilterProxy.java:262)
	org.springframework.web.filter.CharacterEncodingFilter.doFilterInternal(CharacterEncodingFilter.java:85)
	org.springframework.web.filter.OncePerRequestFilter.doFilter(OncePerRequestFilter.java:107)
	com.confucian.framework.web.filter.LogFilter.doFilter(LogFilter.java:47)
</pre></p><p><b>root cause</b> <pre>java.lang.NullPointerException
	me.sui.user.servlet.LoginServlet.doPost(LoginServlet.java:66)
	javax.servlet.http.HttpServlet.service(HttpServlet.java:650)
	javax.servlet.http.HttpServlet.service(HttpServlet.java:731)
	org.apache.tomcat.websocket.server.WsFilter.doFilter(WsFilter.java:52)
	org.apache.shiro.web.servlet.AbstractShiroFilter.executeChain(AbstractShiroFilter.java:449)
	org.apache.shiro.web.servlet.AbstractShiroFilter$1.call(AbstractShiroFilter.java:365)
	org.apache.shiro.subject.support.SubjectCallable.doCall(SubjectCallable.java:90)
	org.apache.shiro.subject.support.SubjectCallable.call(SubjectCallable.java:83)
	org.apache.shiro.subject.support.DelegatingSubject.execute(DelegatingSubject.java:383)
	org.apache.shiro.web.servlet.AbstractShiroFilter.doFilterInternal(AbstractShiroFilter.java:362)
	org.apache.shiro.web.servlet.OncePerRequestFilter.doFilter(OncePerRequestFilter.java:125)
	org.springframework.web.filter.DelegatingFilterProxy.invokeDelegate(DelegatingFilterProxy.java:346)
	org.springframework.web.filter.DelegatingFilterProxy.doFilter(DelegatingFilterProxy.java:262)
	org.springframework.web.filter.CharacterEncodingFilter.doFilterInternal(CharacterEncodingFilter.java:85)
	org.springframework.web.filter.OncePerRequestFilter.doFilter(OncePerRequestFilter.java:107)
	com.confucian.framework.web.filter.LogFilter.doFilter(LogFilter.java:47)
</pre></p><p><b>note</b> <u>The full stack trace of the root cause is available in the Apache Tomcat/7.0.65 logs.</u></p><HR size="1" noshade="noshade"><h3>Apache Tomcat/7.0.65</h3></body></html>
[INFO] 2016-03-19 17:17:09,038 ----------------------------以下为[print]信息----------------------------
[INFO] 2016-03-19 17:17:09,038 ['_ResponseObj__initialize', '__class__', '__delattr__', '__dict__', '__dir__', '__doc__', '__eq__', '__format__', '__ge__', '__getattribute__', '__gt__', '__hash__', '__init__', '__le__', '__lt__', '__module__', '__ne__', '__new__', '__reduce__', '__reduce_ex__', '__repr__', '__setattr__', '__sizeof__', '__str__', '__subclasshook__', '__weakref__', '_currentnode', 'cookies', 'data', 'elapsed', 'errorMsg', 'headers', 'name', 'returncode', 'success', 'url']
[INFO] 2016-03-19 17:17:09,038 ----------------------------以下为[check]信息----------------------------
[INFO] 2016-03-19 17:17:09,038 [failed] returncode == 200
[INFO] 2016-03-19 17:17:09,038 [success] elapsed < 0.1
[INFO] 2016-03-19 17:19:14,093 ------------------------------以下为请求信息------------------------------
[INFO] 2016-03-19 17:19:14,093 [请求]登录接口:http://121.43.101.211:8180/suime-user/student/login POST
[INFO] 2016-03-19 17:19:14,093 [返回码]:500  响应时间:0.03
[INFO] 2016-03-19 17:19:14,094 [返回内容]:
[INFO] 2016-03-19 17:19:14,094     <html><head><title>Apache Tomcat/7.0.65 - Error report</title><style><!--H1 {font-family:Tahoma,Arial,sans-serif;color:white;background-color:#525D76;font-size:22px;} H2 {font-family:Tahoma,Arial,sans-serif;color:white;background-color:#525D76;font-size:16px;} H3 {font-family:Tahoma,Arial,sans-serif;color:white;background-color:#525D76;font-size:14px;} BODY {font-family:Tahoma,Arial,sans-serif;color:black;background-color:white;} B {font-family:Tahoma,Arial,sans-serif;color:white;background-color:#525D76;} P {font-family:Tahoma,Arial,sans-serif;background:white;color:black;font-size:12px;}A {color : black;}A.name {color : black;}HR {color : #525D76;}--></style> </head><body><h1>HTTP Status 500 - Filtered request failed.</h1><HR size="1" noshade="noshade"><p><b>type</b> Exception report</p><p><b>message</b> <u>Filtered request failed.</u></p><p><b>description</b> <u>The server encountered an internal error that prevented it from fulfilling this request.</u></p><p><b>exception</b> <pre>javax.servlet.ServletException: Filtered request failed.
	org.apache.shiro.web.servlet.AbstractShiroFilter.doFilterInternal(AbstractShiroFilter.java:384)
	org.apache.shiro.web.servlet.OncePerRequestFilter.doFilter(OncePerRequestFilter.java:125)
	org.springframework.web.filter.DelegatingFilterProxy.invokeDelegate(DelegatingFilterProxy.java:346)
	org.springframework.web.filter.DelegatingFilterProxy.doFilter(DelegatingFilterProxy.java:262)
	org.springframework.web.filter.CharacterEncodingFilter.doFilterInternal(CharacterEncodingFilter.java:85)
	org.springframework.web.filter.OncePerRequestFilter.doFilter(OncePerRequestFilter.java:107)
	com.confucian.framework.web.filter.LogFilter.doFilter(LogFilter.java:47)
</pre></p><p><b>root cause</b> <pre>java.lang.NullPointerException
	me.sui.user.servlet.LoginServlet.doPost(LoginServlet.java:66)
	javax.servlet.http.HttpServlet.service(HttpServlet.java:650)
	javax.servlet.http.HttpServlet.service(HttpServlet.java:731)
	org.apache.tomcat.websocket.server.WsFilter.doFilter(WsFilter.java:52)
	org.apache.shiro.web.servlet.AbstractShiroFilter.executeChain(AbstractShiroFilter.java:449)
	org.apache.shiro.web.servlet.AbstractShiroFilter$1.call(AbstractShiroFilter.java:365)
	org.apache.shiro.subject.support.SubjectCallable.doCall(SubjectCallable.java:90)
	org.apache.shiro.subject.support.SubjectCallable.call(SubjectCallable.java:83)
	org.apache.shiro.subject.support.DelegatingSubject.execute(DelegatingSubject.java:383)
	org.apache.shiro.web.servlet.AbstractShiroFilter.doFilterInternal(AbstractShiroFilter.java:362)
	org.apache.shiro.web.servlet.OncePerRequestFilter.doFilter(OncePerRequestFilter.java:125)
	org.springframework.web.filter.DelegatingFilterProxy.invokeDelegate(DelegatingFilterProxy.java:346)
	org.springframework.web.filter.DelegatingFilterProxy.doFilter(DelegatingFilterProxy.java:262)
	org.springframework.web.filter.CharacterEncodingFilter.doFilterInternal(CharacterEncodingFilter.java:85)
	org.springframework.web.filter.OncePerRequestFilter.doFilter(OncePerRequestFilter.java:107)
	com.confucian.framework.web.filter.LogFilter.doFilter(LogFilter.java:47)
</pre></p><p><b>note</b> <u>The full stack trace of the root cause is available in the Apache Tomcat/7.0.65 logs.</u></p><HR size="1" noshade="noshade"><h3>Apache Tomcat/7.0.65</h3></body></html>
[INFO] 2016-03-19 17:19:14,094 ----------------------------以下为[print]信息----------------------------
[INFO] 2016-03-19 17:19:14,094 ['_ResponseObj__initialize', '__class__', '__delattr__', '__dict__', '__dir__', '__doc__', '__eq__', '__format__', '__ge__', '__getattribute__', '__gt__', '__hash__', '__init__', '__le__', '__lt__', '__module__', '__ne__', '__new__', '__reduce__', '__reduce_ex__', '__repr__', '__setattr__', '__sizeof__', '__str__', '__subclasshook__', '__weakref__', '_currentnode', 'cookies', 'data', 'elapsed', 'errorMsg', 'headers', 'name', 'returncode', 'success', 'url']
[INFO] 2016-03-19 17:19:14,094 ----------------------------以下为[check]信息----------------------------
[INFO] 2016-03-19 17:19:14,094 [failed] returncode == 200
[INFO] 2016-03-19 17:19:14,094 [success] elapsed < 0.1
[INFO] 2016-03-19 17:19:27,454 ------------------------------以下为请求信息------------------------------
[INFO] 2016-03-19 17:19:27,454 [请求]登录接口:http://121.43.101.211:8180/suime-user/student/login POST
[INFO] 2016-03-19 17:19:27,454 [返回码]:500  响应时间:0.03
[INFO] 2016-03-19 17:19:27,454 [返回内容]:
[INFO] 2016-03-19 17:19:27,454     <html><head><title>Apache Tomcat/7.0.65 - Error report</title><style><!--H1 {font-family:Tahoma,Arial,sans-serif;color:white;background-color:#525D76;font-size:22px;} H2 {font-family:Tahoma,Arial,sans-serif;color:white;background-color:#525D76;font-size:16px;} H3 {font-family:Tahoma,Arial,sans-serif;color:white;background-color:#525D76;font-size:14px;} BODY {font-family:Tahoma,Arial,sans-serif;color:black;background-color:white;} B {font-family:Tahoma,Arial,sans-serif;color:white;background-color:#525D76;} P {font-family:Tahoma,Arial,sans-serif;background:white;color:black;font-size:12px;}A {color : black;}A.name {color : black;}HR {color : #525D76;}--></style> </head><body><h1>HTTP Status 500 - Filtered request failed.</h1><HR size="1" noshade="noshade"><p><b>type</b> Exception report</p><p><b>message</b> <u>Filtered request failed.</u></p><p><b>description</b> <u>The server encountered an internal error that prevented it from fulfilling this request.</u></p><p><b>exception</b> <pre>javax.servlet.ServletException: Filtered request failed.
	org.apache.shiro.web.servlet.AbstractShiroFilter.doFilterInternal(AbstractShiroFilter.java:384)
	org.apache.shiro.web.servlet.OncePerRequestFilter.doFilter(OncePerRequestFilter.java:125)
	org.springframework.web.filter.DelegatingFilterProxy.invokeDelegate(DelegatingFilterProxy.java:346)
	org.springframework.web.filter.DelegatingFilterProxy.doFilter(DelegatingFilterProxy.java:262)
	org.springframework.web.filter.CharacterEncodingFilter.doFilterInternal(CharacterEncodingFilter.java:85)
	org.springframework.web.filter.OncePerRequestFilter.doFilter(OncePerRequestFilter.java:107)
	com.confucian.framework.web.filter.LogFilter.doFilter(LogFilter.java:47)
</pre></p><p><b>root cause</b> <pre>java.lang.NullPointerException
	me.sui.user.servlet.LoginServlet.doPost(LoginServlet.java:66)
	javax.servlet.http.HttpServlet.service(HttpServlet.java:650)
	javax.servlet.http.HttpServlet.service(HttpServlet.java:731)
	org.apache.tomcat.websocket.server.WsFilter.doFilter(WsFilter.java:52)
	org.apache.shiro.web.servlet.AbstractShiroFilter.executeChain(AbstractShiroFilter.java:449)
	org.apache.shiro.web.servlet.AbstractShiroFilter$1.call(AbstractShiroFilter.java:365)
	org.apache.shiro.subject.support.SubjectCallable.doCall(SubjectCallable.java:90)
	org.apache.shiro.subject.support.SubjectCallable.call(SubjectCallable.java:83)
	org.apache.shiro.subject.support.DelegatingSubject.execute(DelegatingSubject.java:383)
	org.apache.shiro.web.servlet.AbstractShiroFilter.doFilterInternal(AbstractShiroFilter.java:362)
	org.apache.shiro.web.servlet.OncePerRequestFilter.doFilter(OncePerRequestFilter.java:125)
	org.springframework.web.filter.DelegatingFilterProxy.invokeDelegate(DelegatingFilterProxy.java:346)
	org.springframework.web.filter.DelegatingFilterProxy.doFilter(DelegatingFilterProxy.java:262)
	org.springframework.web.filter.CharacterEncodingFilter.doFilterInternal(CharacterEncodingFilter.java:85)
	org.springframework.web.filter.OncePerRequestFilter.doFilter(OncePerRequestFilter.java:107)
	com.confucian.framework.web.filter.LogFilter.doFilter(LogFilter.java:47)
</pre></p><p><b>note</b> <u>The full stack trace of the root cause is available in the Apache Tomcat/7.0.65 logs.</u></p><HR size="1" noshade="noshade"><h3>Apache Tomcat/7.0.65</h3></body></html>
[INFO] 2016-03-19 17:19:27,455 ----------------------------以下为[print]信息----------------------------
[INFO] 2016-03-19 17:19:27,455 ['_ResponseObj__initialize', '__class__', '__delattr__', '__dict__', '__dir__', '__doc__', '__eq__', '__format__', '__ge__', '__getattribute__', '__gt__', '__hash__', '__init__', '__le__', '__lt__', '__module__', '__ne__', '__new__', '__reduce__', '__reduce_ex__', '__repr__', '__setattr__', '__sizeof__', '__str__', '__subclasshook__', '__weakref__', '_currentnode', 'cookies', 'data', 'elapsed', 'errorMsg', 'headers', 'name', 'returncode', 'success', 'url']
[INFO] 2016-03-19 17:19:27,455 ----------------------------以下为[check]信息----------------------------
[INFO] 2016-03-19 17:19:27,455 [failed] returncode == 200
[INFO] 2016-03-19 17:19:27,455 [success] elapsed < 0.1
[INFO] 2016-03-19 17:19:43,368 ------------------------------以下为请求信息------------------------------
[INFO] 2016-03-19 17:19:43,368 [请求]登录接口:http://121.43.101.211:8180/suime-user/student/login POST
[INFO] 2016-03-19 17:19:43,368 [返回码]:500  响应时间:0.03
[INFO] 2016-03-19 17:19:43,368 [返回内容]:
[INFO] 2016-03-19 17:19:43,368     <html><head><title>Apache Tomcat/7.0.65 - Error report</title><style><!--H1 {font-family:Tahoma,Arial,sans-serif;color:white;background-color:#525D76;font-size:22px;} H2 {font-family:Tahoma,Arial,sans-serif;color:white;background-color:#525D76;font-size:16px;} H3 {font-family:Tahoma,Arial,sans-serif;color:white;background-color:#525D76;font-size:14px;} BODY {font-family:Tahoma,Arial,sans-serif;color:black;background-color:white;} B {font-family:Tahoma,Arial,sans-serif;color:white;background-color:#525D76;} P {font-family:Tahoma,Arial,sans-serif;background:white;color:black;font-size:12px;}A {color : black;}A.name {color : black;}HR {color : #525D76;}--></style> </head><body><h1>HTTP Status 500 - Filtered request failed.</h1><HR size="1" noshade="noshade"><p><b>type</b> Exception report</p><p><b>message</b> <u>Filtered request failed.</u></p><p><b>description</b> <u>The server encountered an internal error that prevented it from fulfilling this request.</u></p><p><b>exception</b> <pre>javax.servlet.ServletException: Filtered request failed.
	org.apache.shiro.web.servlet.AbstractShiroFilter.doFilterInternal(AbstractShiroFilter.java:384)
	org.apache.shiro.web.servlet.OncePerRequestFilter.doFilter(OncePerRequestFilter.java:125)
	org.springframework.web.filter.DelegatingFilterProxy.invokeDelegate(DelegatingFilterProxy.java:346)
	org.springframework.web.filter.DelegatingFilterProxy.doFilter(DelegatingFilterProxy.java:262)
	org.springframework.web.filter.CharacterEncodingFilter.doFilterInternal(CharacterEncodingFilter.java:85)
	org.springframework.web.filter.OncePerRequestFilter.doFilter(OncePerRequestFilter.java:107)
	com.confucian.framework.web.filter.LogFilter.doFilter(LogFilter.java:47)
</pre></p><p><b>root cause</b> <pre>java.lang.NullPointerException
	me.sui.user.servlet.LoginServlet.doPost(LoginServlet.java:66)
	javax.servlet.http.HttpServlet.service(HttpServlet.java:650)
	javax.servlet.http.HttpServlet.service(HttpServlet.java:731)
	org.apache.tomcat.websocket.server.WsFilter.doFilter(WsFilter.java:52)
	org.apache.shiro.web.servlet.AbstractShiroFilter.executeChain(AbstractShiroFilter.java:449)
	org.apache.shiro.web.servlet.AbstractShiroFilter$1.call(AbstractShiroFilter.java:365)
	org.apache.shiro.subject.support.SubjectCallable.doCall(SubjectCallable.java:90)
	org.apache.shiro.subject.support.SubjectCallable.call(SubjectCallable.java:83)
	org.apache.shiro.subject.support.DelegatingSubject.execute(DelegatingSubject.java:383)
	org.apache.shiro.web.servlet.AbstractShiroFilter.doFilterInternal(AbstractShiroFilter.java:362)
	org.apache.shiro.web.servlet.OncePerRequestFilter.doFilter(OncePerRequestFilter.java:125)
	org.springframework.web.filter.DelegatingFilterProxy.invokeDelegate(DelegatingFilterProxy.java:346)
	org.springframework.web.filter.DelegatingFilterProxy.doFilter(DelegatingFilterProxy.java:262)
	org.springframework.web.filter.CharacterEncodingFilter.doFilterInternal(CharacterEncodingFilter.java:85)
	org.springframework.web.filter.OncePerRequestFilter.doFilter(OncePerRequestFilter.java:107)
	com.confucian.framework.web.filter.LogFilter.doFilter(LogFilter.java:47)
</pre></p><p><b>note</b> <u>The full stack trace of the root cause is available in the Apache Tomcat/7.0.65 logs.</u></p><HR size="1" noshade="noshade"><h3>Apache Tomcat/7.0.65</h3></body></html>
[INFO] 2016-03-19 17:19:43,368 ----------------------------以下为[print]信息----------------------------
[INFO] 2016-03-19 17:19:43,368 ['_ResponseObj__initialize', '__class__', '__delattr__', '__dict__', '__dir__', '__doc__', '__eq__', '__format__', '__ge__', '__getattribute__', '__gt__', '__hash__', '__init__', '__le__', '__lt__', '__module__', '__ne__', '__new__', '__reduce__', '__reduce_ex__', '__repr__', '__setattr__', '__sizeof__', '__str__', '__subclasshook__', '__weakref__', '_currentnode', 'cookies', 'data', 'elapsed', 'errorMsg', 'headers', 'name', 'returncode', 'success', 'url']
[INFO] 2016-03-19 17:19:43,368 ----------------------------以下为[check]信息----------------------------
[INFO] 2016-03-19 17:19:43,368 [failed] returncode == 200
[INFO] 2016-03-19 17:19:43,369 [success] elapsed < 0.1
[INFO] 2016-03-19 17:21:44,833 ------------------------------以下为请求信息------------------------------
[INFO] 2016-03-19 17:21:44,833 ------------------------------以下为请求信息------------------------------
[INFO] 2016-03-19 17:21:44,834 [请求]登录接口:http://121.43.101.211:8180/suime-user/student/login POST
[INFO] 2016-03-19 17:21:44,834 [请求]登录接口:http://121.43.101.211:8180/suime-user/student/login POST
[INFO] 2016-03-19 17:21:44,834 [返回码]:500  响应时间:0.04
[INFO] 2016-03-19 17:21:44,834 [返回码]:500  响应时间:0.04
[INFO] 2016-03-19 17:21:44,834 [返回内容]:
[INFO] 2016-03-19 17:21:44,834 [返回内容]:
[INFO] 2016-03-19 17:21:44,834     <html><head><title>Apache Tomcat/7.0.65 - Error report</title><style><!--H1 {font-family:Tahoma,Arial,sans-serif;color:white;background-color:#525D76;font-size:22px;} H2 {font-family:Tahoma,Arial,sans-serif;color:white;background-color:#525D76;font-size:16px;} H3 {font-family:Tahoma,Arial,sans-serif;color:white;background-color:#525D76;font-size:14px;} BODY {font-family:Tahoma,Arial,sans-serif;color:black;background-color:white;} B {font-family:Tahoma,Arial,sans-serif;color:white;background-color:#525D76;} P {font-family:Tahoma,Arial,sans-serif;background:white;color:black;font-size:12px;}A {color : black;}A.name {color : black;}HR {color : #525D76;}--></style> </head><body><h1>HTTP Status 500 - Filtered request failed.</h1><HR size="1" noshade="noshade"><p><b>type</b> Exception report</p><p><b>message</b> <u>Filtered request failed.</u></p><p><b>description</b> <u>The server encountered an internal error that prevented it from fulfilling this request.</u></p><p><b>exception</b> <pre>javax.servlet.ServletException: Filtered request failed.
	org.apache.shiro.web.servlet.AbstractShiroFilter.doFilterInternal(AbstractShiroFilter.java:384)
	org.apache.shiro.web.servlet.OncePerRequestFilter.doFilter(OncePerRequestFilter.java:125)
	org.springframework.web.filter.DelegatingFilterProxy.invokeDelegate(DelegatingFilterProxy.java:346)
	org.springframework.web.filter.DelegatingFilterProxy.doFilter(DelegatingFilterProxy.java:262)
	org.springframework.web.filter.CharacterEncodingFilter.doFilterInternal(CharacterEncodingFilter.java:85)
	org.springframework.web.filter.OncePerRequestFilter.doFilter(OncePerRequestFilter.java:107)
	com.confucian.framework.web.filter.LogFilter.doFilter(LogFilter.java:47)
</pre></p><p><b>root cause</b> <pre>java.lang.NullPointerException
	me.sui.user.servlet.LoginServlet.doPost(LoginServlet.java:66)
	javax.servlet.http.HttpServlet.service(HttpServlet.java:650)
	javax.servlet.http.HttpServlet.service(HttpServlet.java:731)
	org.apache.tomcat.websocket.server.WsFilter.doFilter(WsFilter.java:52)
	org.apache.shiro.web.servlet.AbstractShiroFilter.executeChain(AbstractShiroFilter.java:449)
	org.apache.shiro.web.servlet.AbstractShiroFilter$1.call(AbstractShiroFilter.java:365)
	org.apache.shiro.subject.support.SubjectCallable.doCall(SubjectCallable.java:90)
	org.apache.shiro.subject.support.SubjectCallable.call(SubjectCallable.java:83)
	org.apache.shiro.subject.support.DelegatingSubject.execute(DelegatingSubject.java:383)
	org.apache.shiro.web.servlet.AbstractShiroFilter.doFilterInternal(AbstractShiroFilter.java:362)
	org.apache.shiro.web.servlet.OncePerRequestFilter.doFilter(OncePerRequestFilter.java:125)
	org.springframework.web.filter.DelegatingFilterProxy.invokeDelegate(DelegatingFilterProxy.java:346)
	org.springframework.web.filter.DelegatingFilterProxy.doFilter(DelegatingFilterProxy.java:262)
	org.springframework.web.filter.CharacterEncodingFilter.doFilterInternal(CharacterEncodingFilter.java:85)
	org.springframework.web.filter.OncePerRequestFilter.doFilter(OncePerRequestFilter.java:107)
	com.confucian.framework.web.filter.LogFilter.doFilter(LogFilter.java:47)
</pre></p><p><b>note</b> <u>The full stack trace of the root cause is available in the Apache Tomcat/7.0.65 logs.</u></p><HR size="1" noshade="noshade"><h3>Apache Tomcat/7.0.65</h3></body></html>
[INFO] 2016-03-19 17:21:44,834     <html><head><title>Apache Tomcat/7.0.65 - Error report</title><style><!--H1 {font-family:Tahoma,Arial,sans-serif;color:white;background-color:#525D76;font-size:22px;} H2 {font-family:Tahoma,Arial,sans-serif;color:white;background-color:#525D76;font-size:16px;} H3 {font-family:Tahoma,Arial,sans-serif;color:white;background-color:#525D76;font-size:14px;} BODY {font-family:Tahoma,Arial,sans-serif;color:black;background-color:white;} B {font-family:Tahoma,Arial,sans-serif;color:white;background-color:#525D76;} P {font-family:Tahoma,Arial,sans-serif;background:white;color:black;font-size:12px;}A {color : black;}A.name {color : black;}HR {color : #525D76;}--></style> </head><body><h1>HTTP Status 500 - Filtered request failed.</h1><HR size="1" noshade="noshade"><p><b>type</b> Exception report</p><p><b>message</b> <u>Filtered request failed.</u></p><p><b>description</b> <u>The server encountered an internal error that prevented it from fulfilling this request.</u></p><p><b>exception</b> <pre>javax.servlet.ServletException: Filtered request failed.
	org.apache.shiro.web.servlet.AbstractShiroFilter.doFilterInternal(AbstractShiroFilter.java:384)
	org.apache.shiro.web.servlet.OncePerRequestFilter.doFilter(OncePerRequestFilter.java:125)
	org.springframework.web.filter.DelegatingFilterProxy.invokeDelegate(DelegatingFilterProxy.java:346)
	org.springframework.web.filter.DelegatingFilterProxy.doFilter(DelegatingFilterProxy.java:262)
	org.springframework.web.filter.CharacterEncodingFilter.doFilterInternal(CharacterEncodingFilter.java:85)
	org.springframework.web.filter.OncePerRequestFilter.doFilter(OncePerRequestFilter.java:107)
	com.confucian.framework.web.filter.LogFilter.doFilter(LogFilter.java:47)
</pre></p><p><b>root cause</b> <pre>java.lang.NullPointerException
	me.sui.user.servlet.LoginServlet.doPost(LoginServlet.java:66)
	javax.servlet.http.HttpServlet.service(HttpServlet.java:650)
	javax.servlet.http.HttpServlet.service(HttpServlet.java:731)
	org.apache.tomcat.websocket.server.WsFilter.doFilter(WsFilter.java:52)
	org.apache.shiro.web.servlet.AbstractShiroFilter.executeChain(AbstractShiroFilter.java:449)
	org.apache.shiro.web.servlet.AbstractShiroFilter$1.call(AbstractShiroFilter.java:365)
	org.apache.shiro.subject.support.SubjectCallable.doCall(SubjectCallable.java:90)
	org.apache.shiro.subject.support.SubjectCallable.call(SubjectCallable.java:83)
	org.apache.shiro.subject.support.DelegatingSubject.execute(DelegatingSubject.java:383)
	org.apache.shiro.web.servlet.AbstractShiroFilter.doFilterInternal(AbstractShiroFilter.java:362)
	org.apache.shiro.web.servlet.OncePerRequestFilter.doFilter(OncePerRequestFilter.java:125)
	org.springframework.web.filter.DelegatingFilterProxy.invokeDelegate(DelegatingFilterProxy.java:346)
	org.springframework.web.filter.DelegatingFilterProxy.doFilter(DelegatingFilterProxy.java:262)
	org.springframework.web.filter.CharacterEncodingFilter.doFilterInternal(CharacterEncodingFilter.java:85)
	org.springframework.web.filter.OncePerRequestFilter.doFilter(OncePerRequestFilter.java:107)
	com.confucian.framework.web.filter.LogFilter.doFilter(LogFilter.java:47)
</pre></p><p><b>note</b> <u>The full stack trace of the root cause is available in the Apache Tomcat/7.0.65 logs.</u></p><HR size="1" noshade="noshade"><h3>Apache Tomcat/7.0.65</h3></body></html>
[INFO] 2016-03-19 17:21:44,834 ----------------------------以下为[print]信息----------------------------
[INFO] 2016-03-19 17:21:44,834 ----------------------------以下为[print]信息----------------------------
[INFO] 2016-03-19 17:21:44,834 ['_ResponseObj__initialize', '__class__', '__delattr__', '__dict__', '__dir__', '__doc__', '__eq__', '__format__', '__ge__', '__getattribute__', '__gt__', '__hash__', '__init__', '__le__', '__lt__', '__module__', '__ne__', '__new__', '__reduce__', '__reduce_ex__', '__repr__', '__setattr__', '__sizeof__', '__str__', '__subclasshook__', '__weakref__', '_currentnode', 'cookies', 'data', 'elapsed', 'errorMsg', 'headers', 'name', 'returncode', 'success', 'url']
[INFO] 2016-03-19 17:21:44,834 ['_ResponseObj__initialize', '__class__', '__delattr__', '__dict__', '__dir__', '__doc__', '__eq__', '__format__', '__ge__', '__getattribute__', '__gt__', '__hash__', '__init__', '__le__', '__lt__', '__module__', '__ne__', '__new__', '__reduce__', '__reduce_ex__', '__repr__', '__setattr__', '__sizeof__', '__str__', '__subclasshook__', '__weakref__', '_currentnode', 'cookies', 'data', 'elapsed', 'errorMsg', 'headers', 'name', 'returncode', 'success', 'url']
[INFO] 2016-03-19 17:21:44,835 ----------------------------以下为[check]信息----------------------------
[INFO] 2016-03-19 17:21:44,835 ----------------------------以下为[check]信息----------------------------
[INFO] 2016-03-19 17:21:44,835 [failed] returncode == 200
[INFO] 2016-03-19 17:21:44,835 [failed] returncode == 200
[INFO] 2016-03-19 17:21:44,835 [success] elapsed < 0.1
[INFO] 2016-03-19 17:21:44,835 [success] elapsed < 0.1
